clazy-standalone.exe : C:\v\Sources\Usagi-dono\tests\test_aired.cpp:1:10: warning: Module QtTest should not be included directly [-Wclazy-no-module-include]
At C:\v\clazy.ps1:53 char:5
+     & $ClazyPath -p $BuildDir $File.FullName 2>&1 |
+     ~~~~~~~~~~~~~~~~~~~~~~~~~~~~~~~~~~~~~~~~~~~~~
    + CategoryInfo          : NotSpecified: (C:\v\Sources\Us...module-include]:String) [], RemoteException
    + FullyQualifiedErrorId : NativeCommandError
 
    1 | #include <QtTest/QtTest>
      |          ^
In file included from C:\v\Sources\Usagi-dono\tests\test_aired.cpp:1:
In file included from C:/Qt/6.8.3/llvm-mingw_64/include\QtTest/QtTest:3:
In file included from C:/Qt/6.8.3/llvm-mingw_64/include\QtTest/QtTestDepends:3:
In file included from C:/Qt/6.8.3/llvm-mingw_64/include\QtCore/QtCore:4:
C:/Qt/6.8.3/llvm-mingw_64/include\QtCore\qglobal.h:13:12: fatal error: 'type_traits' file not found
   13 | #  include <type_traits>
      |            ^~~~~~~~~~~~~
1 warning and 1 error generated.
Error while processing C:\v\Sources\Usagi-dono\tests\test_aired.cpp.
clazy-standalone.exe : C:\v\Sources\Usagi-dono\tests\test_anidbapi.cpp:1:10: warning: Module QtTest should not be included directly [-Wclazy-no-module-include]
At C:\v\clazy.ps1:53 char:5
+     & $ClazyPath -p $BuildDir $File.FullName 2>&1 |
+     ~~~~~~~~~~~~~~~~~~~~~~~~~~~~~~~~~~~~~~~~~~~~~
    + CategoryInfo          : NotSpecified: (C:\v\Sources\Us...module-include]:String) [], RemoteException
    + FullyQualifiedErrorId : NativeCommandError
 
    1 | #include <QtTest/QtTest>
      |          ^
In file included from C:\v\Sources\Usagi-dono\tests\test_anidbapi.cpp:1:
In file included from C:/Qt/6.8.3/llvm-mingw_64/include\QtTest/QtTest:3:
In file included from C:/Qt/6.8.3/llvm-mingw_64/include\QtTest/QtTestDepends:3:
In file included from C:/Qt/6.8.3/llvm-mingw_64/include\QtCore/QtCore:4:
C:/Qt/6.8.3/llvm-mingw_64/include\QtCore\qglobal.h:13:12: fatal error: 'type_traits' file not found
   13 | #  include <type_traits>
      |            ^~~~~~~~~~~~~
1 warning and 1 error generated.
Error while processing C:\v\Sources\Usagi-dono\tests\test_anidbapi.cpp.
clazy-standalone.exe : C:\v\Sources\Usagi-dono\tests\test_anidb_timeout_retry.cpp:1:10: warning: Module QtTest should not be included directly [-Wclazy-no-module-include]
At C:\v\clazy.ps1:53 char:5
+     & $ClazyPath -p $BuildDir $File.FullName 2>&1 |
+     ~~~~~~~~~~~~~~~~~~~~~~~~~~~~~~~~~~~~~~~~~~~~~
    + CategoryInfo          : NotSpecified: (C:\v\Sources\Us...module-include]:String) [], RemoteException
    + FullyQualifiedErrorId : NativeCommandError
 
    1 | #include <QtTest/QtTest>
      |          ^
In file included from C:\v\Sources\Usagi-dono\tests\test_anidb_timeout_retry.cpp:1:
In file included from C:/Qt/6.8.3/llvm-mingw_64/include\QtTest/QtTest:3:
In file included from C:/Qt/6.8.3/llvm-mingw_64/include\QtTest/QtTestDepends:3:
In file included from C:/Qt/6.8.3/llvm-mingw_64/include\QtCore/QtCore:4:
C:/Qt/6.8.3/llvm-mingw_64/include\QtCore\qglobal.h:13:12: fatal error: 'type_traits' file not found
   13 | #  include <type_traits>
      |            ^~~~~~~~~~~~~
1 warning and 1 error generated.
Error while processing C:\v\Sources\Usagi-dono\tests\test_anidb_timeout_retry.cpp.
clazy-standalone.exe : C:\v\Sources\Usagi-dono\tests\test_anime_mask_parsing.cpp:1:10: warning: Module QtTest should not be included directly [-Wclazy-no-module-include]
At C:\v\clazy.ps1:53 char:5
+     & $ClazyPath -p $BuildDir $File.FullName 2>&1 |
+     ~~~~~~~~~~~~~~~~~~~~~~~~~~~~~~~~~~~~~~~~~~~~~
    + CategoryInfo          : NotSpecified: (C:\v\Sources\Us...module-include]:String) [], RemoteException
    + FullyQualifiedErrorId : NativeCommandError
 
    1 | #include <QtTest/QtTest>
      |          ^
In file included from C:\v\Sources\Usagi-dono\tests\test_anime_mask_parsing.cpp:1:
In file included from C:/Qt/6.8.3/llvm-mingw_64/include\QtTest/QtTest:3:
In file included from C:/Qt/6.8.3/llvm-mingw_64/include\QtTest/QtTestDepends:3:
In file included from C:/Qt/6.8.3/llvm-mingw_64/include\QtCore/QtCore:4:
C:/Qt/6.8.3/llvm-mingw_64/include\QtCore\qglobal.h:13:12: fatal error: 'type_traits' file not found
   13 | #  include <type_traits>
      |            ^~~~~~~~~~~~~
1 warning and 1 error generated.
Error while processing C:\v\Sources\Usagi-dono\tests\test_anime_mask_parsing.cpp.
clazy-standalone.exe : C:\v\Sources\Usagi-dono\tests\test_anime_titles.cpp:1:10: warning: Module QtTest should not be included directly [-Wclazy-no-module-include]
At C:\v\clazy.ps1:53 char:5
+     & $ClazyPath -p $BuildDir $File.FullName 2>&1 |
+     ~~~~~~~~~~~~~~~~~~~~~~~~~~~~~~~~~~~~~~~~~~~~~
    + CategoryInfo          : NotSpecified: (C:\v\Sources\Us...module-include]:String) [], RemoteException
    + FullyQualifiedErrorId : NativeCommandError
 
    1 | #include <QtTest/QtTest>
      |          ^
In file included from C:\v\Sources\Usagi-dono\tests\test_anime_titles.cpp:1:
In file included from C:/Qt/6.8.3/llvm-mingw_64/include\QtTest/QtTest:3:
In file included from C:/Qt/6.8.3/llvm-mingw_64/include\QtTest/QtTestDepends:3:
In file included from C:/Qt/6.8.3/llvm-mingw_64/include\QtCore/QtCore:4:
C:/Qt/6.8.3/llvm-mingw_64/include\QtCore\qglobal.h:13:12: fatal error: 'type_traits' file not found
   13 | #  include <type_traits>
      |            ^~~~~~~~~~~~~
1 warning and 1 error generated.
Error while processing C:\v\Sources\Usagi-dono\tests\test_anime_titles.cpp.
clazy-standalone.exe : C:\v\Sources\Usagi-dono\tests\test_api_optimization.cpp:1:10: warning: Module QtTest should not be included directly [-Wclazy-no-module-include]
At C:\v\clazy.ps1:53 char:5
+     & $ClazyPath -p $BuildDir $File.FullName 2>&1 |
+     ~~~~~~~~~~~~~~~~~~~~~~~~~~~~~~~~~~~~~~~~~~~~~
    + CategoryInfo          : NotSpecified: (C:\v\Sources\Us...module-include]:String) [], RemoteException
    + FullyQualifiedErrorId : NativeCommandError
 
    1 | #include <QtTest/QtTest>
      |          ^
In file included from C:\v\Sources\Usagi-dono\tests\test_api_optimization.cpp:1:
In file included from C:/Qt/6.8.3/llvm-mingw_64/include\QtTest/QtTest:3:
In file included from C:/Qt/6.8.3/llvm-mingw_64/include\QtTest/QtTestDepends:3:
In file included from C:/Qt/6.8.3/llvm-mingw_64/include\QtCore/QtCore:4:
C:/Qt/6.8.3/llvm-mingw_64/include\QtCore\qglobal.h:13:12: fatal error: 'type_traits' file not found
   13 | #  include <type_traits>
      |            ^~~~~~~~~~~~~
1 warning and 1 error generated.
Error while processing C:\v\Sources\Usagi-dono\tests\test_api_optimization.cpp.
clazy-standalone.exe : C:\v\Sources\Usagi-dono\tests\test_batch_hash_retrieval.cpp:1:10: warning: Module QtTest should not be included directly [-Wclazy-no-module-include]
At C:\v\clazy.ps1:53 char:5
+     & $ClazyPath -p $BuildDir $File.FullName 2>&1 |
+     ~~~~~~~~~~~~~~~~~~~~~~~~~~~~~~~~~~~~~~~~~~~~~
    + CategoryInfo          : NotSpecified: (C:\v\Sources\Us...module-include]:String) [], RemoteException
    + FullyQualifiedErrorId : NativeCommandError
 
    1 | #include <QtTest/QtTest>
      |          ^
In file included from C:\v\Sources\Usagi-dono\tests\test_batch_hash_retrieval.cpp:1:
In file included from C:/Qt/6.8.3/llvm-mingw_64/include\QtTest/QtTest:3:
In file included from C:/Qt/6.8.3/llvm-mingw_64/include\QtTest/QtTestDepends:3:
In file included from C:/Qt/6.8.3/llvm-mingw_64/include\QtCore/QtCore:4:
C:/Qt/6.8.3/llvm-mingw_64/include\QtCore\qglobal.h:13:12: fatal error: 'type_traits' file not found
   13 | #  include <type_traits>
      |            ^~~~~~~~~~~~~
1 warning and 1 error generated.
Error while processing C:\v\Sources\Usagi-dono\tests\test_batch_hash_retrieval.cpp.
clazy-standalone.exe : C:\v\Sources\Usagi-dono\tests\test_batch_localidentify.cpp:1:10: warning: Module QtTest should not be included directly [-Wclazy-no-module-include]
At C:\v\clazy.ps1:53 char:5
+     & $ClazyPath -p $BuildDir $File.FullName 2>&1 |
+     ~~~~~~~~~~~~~~~~~~~~~~~~~~~~~~~~~~~~~~~~~~~~~
    + CategoryInfo          : NotSpecified: (C:\v\Sources\Us...module-include]:String) [], RemoteException
    + FullyQualifiedErrorId : NativeCommandError
 
    1 | #include <QtTest/QtTest>
      |          ^
In file included from C:\v\Sources\Usagi-dono\tests\test_batch_localidentify.cpp:1:
In file included from C:/Qt/6.8.3/llvm-mingw_64/include\QtTest/QtTest:3:
In file included from C:/Qt/6.8.3/llvm-mingw_64/include\QtTest/QtTestDepends:3:
In file included from C:/Qt/6.8.3/llvm-mingw_64/include\QtCore/QtCore:4:
C:/Qt/6.8.3/llvm-mingw_64/include\QtCore\qglobal.h:13:12: fatal error: 'type_traits' file not found
   13 | #  include <type_traits>
      |            ^~~~~~~~~~~~~
1 warning and 1 error generated.
Error while processing C:\v\Sources\Usagi-dono\tests\test_batch_localidentify.cpp.
clazy-standalone.exe : C:\v\Sources\Usagi-dono\tests\test_compression.cpp:1:10: warning: Module QtTest should not be included directly [-Wclazy-no-module-include]
At C:\v\clazy.ps1:53 char:5
+     & $ClazyPath -p $BuildDir $File.FullName 2>&1 |
+     ~~~~~~~~~~~~~~~~~~~~~~~~~~~~~~~~~~~~~~~~~~~~~
    + CategoryInfo          : NotSpecified: (C:\v\Sources\Us...module-include]:String) [], RemoteException
    + FullyQualifiedErrorId : NativeCommandError
 
    1 | #include <QtTest/QtTest>
      |          ^
In file included from C:\v\Sources\Usagi-dono\tests\test_compression.cpp:1:
In file included from C:/Qt/6.8.3/llvm-mingw_64/include\QtTest/QtTest:3:
In file included from C:/Qt/6.8.3/llvm-mingw_64/include\QtTest/QtTestDepends:3:
In file included from C:/Qt/6.8.3/llvm-mingw_64/include\QtCore/QtCore:4:
C:/Qt/6.8.3/llvm-mingw_64/include\QtCore\qglobal.h:13:12: fatal error: 'type_traits' file not found
   13 | #  include <type_traits>
      |            ^~~~~~~~~~~~~
1 warning and 1 error generated.
Error while processing C:\v\Sources\Usagi-dono\tests\test_compression.cpp.
clazy-standalone.exe : C:\v\Sources\Usagi-dono\tests\test_crashlog.cpp:1:10: warning: Module QtTest should not be included directly [-Wclazy-no-module-include]
At C:\v\clazy.ps1:53 char:5
+     & $ClazyPath -p $BuildDir $File.FullName 2>&1 |
+     ~~~~~~~~~~~~~~~~~~~~~~~~~~~~~~~~~~~~~~~~~~~~~
    + CategoryInfo          : NotSpecified: (C:\v\Sources\Us...module-include]:String) [], RemoteException
    + FullyQualifiedErrorId : NativeCommandError
 
    1 | #include <QtTest/QtTest>
      |          ^
In file included from C:\v\Sources\Usagi-dono\tests\test_crashlog.cpp:1:
In file included from C:/Qt/6.8.3/llvm-mingw_64/include\QtTest/QtTest:3:
In file included from C:/Qt/6.8.3/llvm-mingw_64/include\QtTest/QtTestDepends:3:
In file included from C:/Qt/6.8.3/llvm-mingw_64/include\QtCore/QtCore:4:
C:/Qt/6.8.3/llvm-mingw_64/include\QtCore\qglobal.h:13:12: fatal error: 'type_traits' file not found
   13 | #  include <type_traits>
      |            ^~~~~~~~~~~~~
1 warning and 1 error generated.
Error while processing C:\v\Sources\Usagi-dono\tests\test_crashlog.cpp.
clazy-standalone.exe : C:\v\Sources\Usagi-dono\tests\test_database_validation.cpp:1:10: warning: Module QtTest should not be included directly [-Wclazy-no-module-include]
At C:\v\clazy.ps1:53 char:5
+     & $ClazyPath -p $BuildDir $File.FullName 2>&1 |
+     ~~~~~~~~~~~~~~~~~~~~~~~~~~~~~~~~~~~~~~~~~~~~~
    + CategoryInfo          : NotSpecified: (C:\v\Sources\Us...module-include]:String) [], RemoteException
    + FullyQualifiedErrorId : NativeCommandError
 
    1 | #include <QtTest/QtTest>
      |          ^
In file included from C:\v\Sources\Usagi-dono\tests\test_database_validation.cpp:1:
In file included from C:/Qt/6.8.3/llvm-mingw_64/include\QtTest/QtTest:3:
In file included from C:/Qt/6.8.3/llvm-mingw_64/include\QtTest/QtTestDepends:3:
In file included from C:/Qt/6.8.3/llvm-mingw_64/include\QtCore/QtCore:4:
C:/Qt/6.8.3/llvm-mingw_64/include\QtCore\qglobal.h:13:12: fatal error: 'type_traits' file not found
   13 | #  include <type_traits>
      |            ^~~~~~~~~~~~~
1 warning and 1 error generated.
Error while processing C:\v\Sources\Usagi-dono\tests\test_database_validation.cpp.
clazy-standalone.exe : C:\v\Sources\Usagi-dono\tests\test_directorywatcher.cpp:1:10: warning: Module QtTest should not be included directly [-Wclazy-no-module-include]
At C:\v\clazy.ps1:53 char:5
+     & $ClazyPath -p $BuildDir $File.FullName 2>&1 |
+     ~~~~~~~~~~~~~~~~~~~~~~~~~~~~~~~~~~~~~~~~~~~~~
    + CategoryInfo          : NotSpecified: (C:\v\Sources\Us...module-include]:String) [], RemoteException
    + FullyQualifiedErrorId : NativeCommandError
 
    1 | #include <QtTest/QtTest>
      |          ^
In file included from C:\v\Sources\Usagi-dono\tests\test_directorywatcher.cpp:1:
In file included from C:/Qt/6.8.3/llvm-mingw_64/include\QtTest/QtTest:3:
In file included from C:/Qt/6.8.3/llvm-mingw_64/include\QtTest/QtTestDepends:3:
In file included from C:/Qt/6.8.3/llvm-mingw_64/include\QtCore/QtCore:4:
C:/Qt/6.8.3/llvm-mingw_64/include\QtCore\qglobal.h:13:12: fatal error: 'type_traits' file not found
   13 | #  include <type_traits>
      |            ^~~~~~~~~~~~~
1 warning and 1 error generated.
Error while processing C:\v\Sources\Usagi-dono\tests\test_directorywatcher.cpp.
clazy-standalone.exe : C:\v\Sources\Usagi-dono\tests\test_episode_column_format.cpp:14:10: warning: Module QtTest should not be included directly [-Wclazy-no-module-include]
At C:\v\clazy.ps1:53 char:5
+     & $ClazyPath -p $BuildDir $File.FullName 2>&1 |
+     ~~~~~~~~~~~~~~~~~~~~~~~~~~~~~~~~~~~~~~~~~~~~~
    + CategoryInfo          : NotSpecified: (C:\v\Sources\Us...module-include]:String) [], RemoteException
    + FullyQualifiedErrorId : NativeCommandError
 
   14 | #include <QtTest/QtTest>
      |          ^
In file included from C:\v\Sources\Usagi-dono\tests\test_episode_column_format.cpp:14:
In file included from C:/Qt/6.8.3/llvm-mingw_64/include\QtTest/QtTest:3:
In file included from C:/Qt/6.8.3/llvm-mingw_64/include\QtTest/QtTestDepends:3:
In file included from C:/Qt/6.8.3/llvm-mingw_64/include\QtCore/QtCore:4:
C:/Qt/6.8.3/llvm-mingw_64/include\QtCore\qglobal.h:13:12: fatal error: 'type_traits' file not found
   13 | #  include <type_traits>
      |            ^~~~~~~~~~~~~
1 warning and 1 error generated.
Error while processing C:\v\Sources\Usagi-dono\tests\test_episode_column_format.cpp.
clazy-standalone.exe : C:\v\Sources\Usagi-dono\tests\test_epno.cpp:1:10: warning: Module QtTest should not be included directly [-Wclazy-no-module-include]
At C:\v\clazy.ps1:53 char:5
+     & $ClazyPath -p $BuildDir $File.FullName 2>&1 |
+     ~~~~~~~~~~~~~~~~~~~~~~~~~~~~~~~~~~~~~~~~~~~~~
    + CategoryInfo          : NotSpecified: (C:\v\Sources\Us...module-include]:String) [], RemoteException
    + FullyQualifiedErrorId : NativeCommandError
 
    1 | #include <QtTest/QtTest>
      |          ^
In file included from C:\v\Sources\Usagi-dono\tests\test_epno.cpp:1:
In file included from C:/Qt/6.8.3/llvm-mingw_64/include\QtTest/QtTest:3:
In file included from C:/Qt/6.8.3/llvm-mingw_64/include\QtTest/QtTestDepends:3:
In file included from C:/Qt/6.8.3/llvm-mingw_64/include\QtCore/QtCore:4:
C:/Qt/6.8.3/llvm-mingw_64/include\QtCore\qglobal.h:13:12: fatal error: 'type_traits' file not found
   13 | #  include <type_traits>
      |            ^~~~~~~~~~~~~
1 warning and 1 error generated.
Error while processing C:\v\Sources\Usagi-dono\tests\test_epno.cpp.
clazy-standalone.exe : C:\v\Sources\Usagi-dono\tests\test_evangelion_ha_fix.cpp:10:10: warning: Module QtTest should not be included directly [-Wclazy-no-module-include]
At C:\v\clazy.ps1:53 char:5
+     & $ClazyPath -p $BuildDir $File.FullName 2>&1 |
+     ~~~~~~~~~~~~~~~~~~~~~~~~~~~~~~~~~~~~~~~~~~~~~
    + CategoryInfo          : NotSpecified: (C:\v\Sources\Us...module-include]:String) [], RemoteException
    + FullyQualifiedErrorId : NativeCommandError
 
   10 | #include <QtTest/QtTest>
      |          ^
In file included from C:\v\Sources\Usagi-dono\tests\test_evangelion_ha_fix.cpp:10:
In file included from C:/Qt/6.8.3/llvm-mingw_64/include\QtTest/QtTest:3:
In file included from C:/Qt/6.8.3/llvm-mingw_64/include\QtTest/QtTestDepends:3:
In file included from C:/Qt/6.8.3/llvm-mingw_64/include\QtCore/QtCore:4:
C:/Qt/6.8.3/llvm-mingw_64/include\QtCore\qglobal.h:13:12: fatal error: 'type_traits' file not found
   13 | #  include <type_traits>
      |            ^~~~~~~~~~~~~
1 warning and 1 error generated.
Error while processing C:\v\Sources\Usagi-dono\tests\test_evangelion_ha_fix.cpp.
clazy-standalone.exe : C:\v\Sources\Usagi-dono\tests\test_export_template_verification.cpp:1:10: warning: Module QtTest should not be included directly [-Wclazy-no-module-include]
At C:\v\clazy.ps1:53 char:5
+     & $ClazyPath -p $BuildDir $File.FullName 2>&1 |
+     ~~~~~~~~~~~~~~~~~~~~~~~~~~~~~~~~~~~~~~~~~~~~~
    + CategoryInfo          : NotSpecified: (C:\v\Sources\Us...module-include]:String) [], RemoteException
    + FullyQualifiedErrorId : NativeCommandError
 
    1 | #include <QtTest/QtTest>
      |          ^
In file included from C:\v\Sources\Usagi-dono\tests\test_export_template_verification.cpp:1:
In file included from C:/Qt/6.8.3/llvm-mingw_64/include\QtTest/QtTest:3:
In file included from C:/Qt/6.8.3/llvm-mingw_64/include\QtTest/QtTestDepends:3:
In file included from C:/Qt/6.8.3/llvm-mingw_64/include\QtCore/QtCore:4:
C:/Qt/6.8.3/llvm-mingw_64/include\QtCore\qglobal.h:13:12: fatal error: 'type_traits' file not found
   13 | #  include <type_traits>
      |            ^~~~~~~~~~~~~
1 warning and 1 error generated.
Error while processing C:\v\Sources\Usagi-dono\tests\test_export_template_verification.cpp.
clazy-standalone.exe : C:\v\Sources\Usagi-dono\tests\test_hash.cpp:1:10: warning: Module QtTest should not be included directly [-Wclazy-no-module-include]
At C:\v\clazy.ps1:53 char:5
+     & $ClazyPath -p $BuildDir $File.FullName 2>&1 |
+     ~~~~~~~~~~~~~~~~~~~~~~~~~~~~~~~~~~~~~~~~~~~~~
    + CategoryInfo          : NotSpecified: (C:\v\Sources\Us...module-include]:String) [], RemoteException
    + FullyQualifiedErrorId : NativeCommandError
 
    1 | #include <QtTest/QtTest>
      |          ^
In file included from C:\v\Sources\Usagi-dono\tests\test_hash.cpp:1:
In file included from C:/Qt/6.8.3/llvm-mingw_64/include\QtTest/QtTest:3:
In file included from C:/Qt/6.8.3/llvm-mingw_64/include\QtTest/QtTestDepends:3:
In file included from C:/Qt/6.8.3/llvm-mingw_64/include\QtCore/QtCore:4:
C:/Qt/6.8.3/llvm-mingw_64/include\QtCore\qglobal.h:13:12: fatal error: 'type_traits' file not found
   13 | #  include <type_traits>
      |            ^~~~~~~~~~~~~
1 warning and 1 error generated.
Error while processing C:\v\Sources\Usagi-dono\tests\test_hash.cpp.
clazy-standalone.exe : C:\v\Sources\Usagi-dono\tests\test_hasher_thread.cpp:1:10: warning: Module QtTest should not be included directly [-Wclazy-no-module-include]
At C:\v\clazy.ps1:53 char:5
+     & $ClazyPath -p $BuildDir $File.FullName 2>&1 |
+     ~~~~~~~~~~~~~~~~~~~~~~~~~~~~~~~~~~~~~~~~~~~~~
    + CategoryInfo          : NotSpecified: (C:\v\Sources\Us...module-include]:String) [], RemoteException
    + FullyQualifiedErrorId : NativeCommandError
 
    1 | #include <QtTest/QtTest>
      |          ^
In file included from C:\v\Sources\Usagi-dono\tests\test_hasher_thread.cpp:1:
In file included from C:/Qt/6.8.3/llvm-mingw_64/include\QtTest/QtTest:3:
In file included from C:/Qt/6.8.3/llvm-mingw_64/include\QtTest/QtTestDepends:3:
In file included from C:/Qt/6.8.3/llvm-mingw_64/include\QtCore/QtCore:4:
C:/Qt/6.8.3/llvm-mingw_64/include\QtCore\qglobal.h:13:12: fatal error: 'type_traits' file not found
   13 | #  include <type_traits>
      |            ^~~~~~~~~~~~~
1 warning and 1 error generated.
Error while processing C:\v\Sources\Usagi-dono\tests\test_hasher_thread.cpp.
clazy-standalone.exe : C:\v\Sources\Usagi-dono\tests\test_hasher_threadpool.cpp:1:10: warning: Module QtTest should not be included directly [-Wclazy-no-module-include]
At C:\v\clazy.ps1:53 char:5
+     & $ClazyPath -p $BuildDir $File.FullName 2>&1 |
+     ~~~~~~~~~~~~~~~~~~~~~~~~~~~~~~~~~~~~~~~~~~~~~
    + CategoryInfo          : NotSpecified: (C:\v\Sources\Us...module-include]:String) [], RemoteException
    + FullyQualifiedErrorId : NativeCommandError
 
    1 | #include <QtTest/QtTest>
      |          ^
In file included from C:\v\Sources\Usagi-dono\tests\test_hasher_threadpool.cpp:1:
In file included from C:/Qt/6.8.3/llvm-mingw_64/include\QtTest/QtTest:3:
In file included from C:/Qt/6.8.3/llvm-mingw_64/include\QtTest/QtTestDepends:3:
In file included from C:/Qt/6.8.3/llvm-mingw_64/include\QtCore/QtCore:4:
C:/Qt/6.8.3/llvm-mingw_64/include\QtCore\qglobal.h:13:12: fatal error: 'type_traits' file not found
   13 | #  include <type_traits>
      |            ^~~~~~~~~~~~~
1 warning and 1 error generated.
Error while processing C:\v\Sources\Usagi-dono\tests\test_hasher_threadpool.cpp.
clazy-standalone.exe : C:\v\Sources\Usagi-dono\tests\test_hash_duplicate_reuse.cpp:1:10: warning: Module QtTest should not be included directly [-Wclazy-no-module-include]
At C:\v\clazy.ps1:53 char:5
+     & $ClazyPath -p $BuildDir $File.FullName 2>&1 |
+     ~~~~~~~~~~~~~~~~~~~~~~~~~~~~~~~~~~~~~~~~~~~~~
    + CategoryInfo          : NotSpecified: (C:\v\Sources\Us...module-include]:String) [], RemoteException
    + FullyQualifiedErrorId : NativeCommandError
 
    1 | #include <QtTest/QtTest>
      |          ^
In file included from C:\v\Sources\Usagi-dono\tests\test_hash_duplicate_reuse.cpp:1:
In file included from C:/Qt/6.8.3/llvm-mingw_64/include\QtTest/QtTest:3:
In file included from C:/Qt/6.8.3/llvm-mingw_64/include\QtTest/QtTestDepends:3:
In file included from C:/Qt/6.8.3/llvm-mingw_64/include\QtCore/QtCore:4:
C:/Qt/6.8.3/llvm-mingw_64/include\QtCore\qglobal.h:13:12: fatal error: 'type_traits' file not found
   13 | #  include <type_traits>
      |            ^~~~~~~~~~~~~
1 warning and 1 error generated.
Error while processing C:\v\Sources\Usagi-dono\tests\test_hash_duplicate_reuse.cpp.
clazy-standalone.exe : C:\v\Sources\Usagi-dono\tests\test_hash_reuse.cpp:1:10: warning: Module QtTest should not be included directly [-Wclazy-no-module-include]
At C:\v\clazy.ps1:53 char:5
+     & $ClazyPath -p $BuildDir $File.FullName 2>&1 |
+     ~~~~~~~~~~~~~~~~~~~~~~~~~~~~~~~~~~~~~~~~~~~~~
    + CategoryInfo          : NotSpecified: (C:\v\Sources\Us...module-include]:String) [], RemoteException
    + FullyQualifiedErrorId : NativeCommandError
 
    1 | #include <QtTest/QtTest>
      |          ^
In file included from C:\v\Sources\Usagi-dono\tests\test_hash_reuse.cpp:1:
In file included from C:/Qt/6.8.3/llvm-mingw_64/include\QtTest/QtTest:3:
In file included from C:/Qt/6.8.3/llvm-mingw_64/include\QtTest/QtTestDepends:3:
In file included from C:/Qt/6.8.3/llvm-mingw_64/include\QtCore/QtCore:4:
C:/Qt/6.8.3/llvm-mingw_64/include\QtCore\qglobal.h:13:12: fatal error: 'type_traits' file not found
   13 | #  include <type_traits>
      |            ^~~~~~~~~~~~~
1 warning and 1 error generated.
Error while processing C:\v\Sources\Usagi-dono\tests\test_hash_reuse.cpp.
clazy-standalone.exe : C:\v\Sources\Usagi-dono\tests\test_hash_storage.cpp:1:10: warning: Module QtTest should not be included directly [-Wclazy-no-module-include]
At C:\v\clazy.ps1:53 char:5
+     & $ClazyPath -p $BuildDir $File.FullName 2>&1 |
+     ~~~~~~~~~~~~~~~~~~~~~~~~~~~~~~~~~~~~~~~~~~~~~
    + CategoryInfo          : NotSpecified: (C:\v\Sources\Us...module-include]:String) [], RemoteException
    + FullyQualifiedErrorId : NativeCommandError
 
    1 | #include <QtTest/QtTest>
      |          ^
In file included from C:\v\Sources\Usagi-dono\tests\test_hash_storage.cpp:1:
In file included from C:/Qt/6.8.3/llvm-mingw_64/include\QtTest/QtTest:3:
In file included from C:/Qt/6.8.3/llvm-mingw_64/include\QtTest/QtTestDepends:3:
In file included from C:/Qt/6.8.3/llvm-mingw_64/include\QtCore/QtCore:4:
C:/Qt/6.8.3/llvm-mingw_64/include\QtCore\qglobal.h:13:12: fatal error: 'type_traits' file not found
   13 | #  include <type_traits>
      |            ^~~~~~~~~~~~~
1 warning and 1 error generated.
Error while processing C:\v\Sources\Usagi-dono\tests\test_hash_storage.cpp.
clazy-standalone.exe : C:\v\Sources\Usagi-dono\tests\test_immediate_identification.cpp:1:10: warning: Module QtTest should not be included directly [-Wclazy-no-module-include]
At C:\v\clazy.ps1:53 char:5
+     & $ClazyPath -p $BuildDir $File.FullName 2>&1 |
+     ~~~~~~~~~~~~~~~~~~~~~~~~~~~~~~~~~~~~~~~~~~~~~
    + CategoryInfo          : NotSpecified: (C:\v\Sources\Us...module-include]:String) [], RemoteException
    + FullyQualifiedErrorId : NativeCommandError
 
    1 | #include <QtTest/QtTest>
      |          ^
In file included from C:\v\Sources\Usagi-dono\tests\test_immediate_identification.cpp:1:
In file included from C:/Qt/6.8.3/llvm-mingw_64/include\QtTest/QtTest:3:
In file included from C:/Qt/6.8.3/llvm-mingw_64/include\QtTest/QtTestDepends:3:
In file included from C:/Qt/6.8.3/llvm-mingw_64/include\QtCore/QtCore:4:
C:/Qt/6.8.3/llvm-mingw_64/include\QtCore\qglobal.h:13:12: fatal error: 'type_traits' file not found
   13 | #  include <type_traits>
      |            ^~~~~~~~~~~~~
1 warning and 1 error generated.
Error while processing C:\v\Sources\Usagi-dono\tests\test_immediate_identification.cpp.
clazy-standalone.exe : C:\v\Sources\Usagi-dono\tests\test_logger.cpp:1:10: warning: Module QtTest should not be included directly [-Wclazy-no-module-include]
At C:\v\clazy.ps1:53 char:5
+     & $ClazyPath -p $BuildDir $File.FullName 2>&1 |
+     ~~~~~~~~~~~~~~~~~~~~~~~~~~~~~~~~~~~~~~~~~~~~~
    + CategoryInfo          : NotSpecified: (C:\v\Sources\Us...module-include]:String) [], RemoteException
    + FullyQualifiedErrorId : NativeCommandError
 
    1 | #include <QtTest/QtTest>
      |          ^
In file included from C:\v\Sources\Usagi-dono\tests\test_logger.cpp:1:
In file included from C:/Qt/6.8.3/llvm-mingw_64/include\QtTest/QtTest:3:
In file included from C:/Qt/6.8.3/llvm-mingw_64/include\QtTest/QtTestDepends:3:
In file included from C:/Qt/6.8.3/llvm-mingw_64/include\QtCore/QtCore:4:
C:/Qt/6.8.3/llvm-mingw_64/include\QtCore\qglobal.h:13:12: fatal error: 'type_traits' file not found
   13 | #  include <type_traits>
      |            ^~~~~~~~~~~~~
1 warning and 1 error generated.
Error while processing C:\v\Sources\Usagi-dono\tests\test_logger.cpp.
clazy-standalone.exe : C:\v\Sources\Usagi-dono\tests\test_mask.cpp:1:10: warning: Module QtTest should not be included directly [-Wclazy-no-module-include]
At C:\v\clazy.ps1:53 char:5
+     & $ClazyPath -p $BuildDir $File.FullName 2>&1 |
+     ~~~~~~~~~~~~~~~~~~~~~~~~~~~~~~~~~~~~~~~~~~~~~
    + CategoryInfo          : NotSpecified: (C:\v\Sources\Us...module-include]:String) [], RemoteException
    + FullyQualifiedErrorId : NativeCommandError
 
    1 | #include <QtTest/QtTest>
      |          ^
In file included from C:\v\Sources\Usagi-dono\tests\test_mask.cpp:1:
In file included from C:/Qt/6.8.3/llvm-mingw_64/include\QtTest/QtTest:3:
In file included from C:/Qt/6.8.3/llvm-mingw_64/include\QtTest/QtTestDepends:3:
In file included from C:/Qt/6.8.3/llvm-mingw_64/include\QtCore/QtCore:4:
C:/Qt/6.8.3/llvm-mingw_64/include\QtCore\qglobal.h:13:12: fatal error: 'type_traits' file not found
   13 | #  include <type_traits>
      |            ^~~~~~~~~~~~~
1 warning and 1 error generated.
Error while processing C:\v\Sources\Usagi-dono\tests\test_mask.cpp.
clazy-standalone.exe : C:\v\Sources\Usagi-dono\tests\test_mylistcardmanager.cpp:1:10: warning: Module QtTest should not be included directly [-Wclazy-no-module-include]
At C:\v\clazy.ps1:53 char:5
+     & $ClazyPath -p $BuildDir $File.FullName 2>&1 |
+     ~~~~~~~~~~~~~~~~~~~~~~~~~~~~~~~~~~~~~~~~~~~~~
    + CategoryInfo          : NotSpecified: (C:\v\Sources\Us...module-include]:String) [], RemoteException
    + FullyQualifiedErrorId : NativeCommandError
 
    1 | #include <QtTest/QtTest>
      |          ^
In file included from C:\v\Sources\Usagi-dono\tests\test_mylistcardmanager.cpp:1:
In file included from C:/Qt/6.8.3/llvm-mingw_64/include\QtTest/QtTest:3:
In file included from C:/Qt/6.8.3/llvm-mingw_64/include\QtTest/QtTestDepends:3:
In file included from C:/Qt/6.8.3/llvm-mingw_64/include\QtCore/QtCore:4:
C:/Qt/6.8.3/llvm-mingw_64/include\QtCore\qglobal.h:13:12: fatal error: 'type_traits' file not found
   13 | #  include <type_traits>
      |            ^~~~~~~~~~~~~
1 warning and 1 error generated.
Error while processing C:\v\Sources\Usagi-dono\tests\test_mylistcardmanager.cpp.
clazy-standalone.exe : C:\v\Sources\Usagi-dono\tests\test_mylist_221_fix.cpp:15:10: warning: Module QtTest should not be included directly [-Wclazy-no-module-include]
At C:\v\clazy.ps1:53 char:5
+     & $ClazyPath -p $BuildDir $File.FullName 2>&1 |
+     ~~~~~~~~~~~~~~~~~~~~~~~~~~~~~~~~~~~~~~~~~~~~~
    + CategoryInfo          : NotSpecified: (C:\v\Sources\Us...module-include]:String) [], RemoteException
    + FullyQualifiedErrorId : NativeCommandError
 
   15 | #include <QtTest/QtTest>
      |          ^
In file included from C:\v\Sources\Usagi-dono\tests\test_mylist_221_fix.cpp:15:
In file included from C:/Qt/6.8.3/llvm-mingw_64/include\QtTest/QtTest:3:
In file included from C:/Qt/6.8.3/llvm-mingw_64/include\QtTest/QtTestDepends:3:
In file included from C:/Qt/6.8.3/llvm-mingw_64/include\QtCore/QtCore:4:
C:/Qt/6.8.3/llvm-mingw_64/include\QtCore\qglobal.h:13:12: fatal error: 'type_traits' file not found
   13 | #  include <type_traits>
      |            ^~~~~~~~~~~~~
1 warning and 1 error generated.
Error while processing C:\v\Sources\Usagi-dono\tests\test_mylist_221_fix.cpp.
clazy-standalone.exe : C:\v\Sources\Usagi-dono\tests\test_mylist_aired_sorting.cpp:1:10: warning: Module QtTest should not be included directly [-Wclazy-no-module-include]
At C:\v\clazy.ps1:53 char:5
+     & $ClazyPath -p $BuildDir $File.FullName 2>&1 |
+     ~~~~~~~~~~~~~~~~~~~~~~~~~~~~~~~~~~~~~~~~~~~~~
    + CategoryInfo          : NotSpecified: (C:\v\Sources\Us...module-include]:String) [], RemoteException
    + FullyQualifiedErrorId : NativeCommandError
 
    1 | #include <QtTest/QtTest>
      |          ^
In file included from C:\v\Sources\Usagi-dono\tests\test_mylist_aired_sorting.cpp:1:
In file included from C:/Qt/6.8.3/llvm-mingw_64/include\QtTest/QtTest:3:
In file included from C:/Qt/6.8.3/llvm-mingw_64/include\QtTest/QtTestDepends:3:
In file included from C:/Qt/6.8.3/llvm-mingw_64/include\QtCore/QtCore:4:
C:/Qt/6.8.3/llvm-mingw_64/include\QtCore\qglobal.h:13:12: fatal error: 'type_traits' file not found
   13 | #  include <type_traits>
      |            ^~~~~~~~~~~~~
1 warning and 1 error generated.
Error while processing C:\v\Sources\Usagi-dono\tests\test_mylist_aired_sorting.cpp.
clazy-standalone.exe : C:\v\Sources\Usagi-dono\tests\test_mylist_columns_fix.cpp:1:10: warning: Module QtTest should not be included directly [-Wclazy-no-module-include]
At C:\v\clazy.ps1:53 char:5
+     & $ClazyPath -p $BuildDir $File.FullName 2>&1 |
+     ~~~~~~~~~~~~~~~~~~~~~~~~~~~~~~~~~~~~~~~~~~~~~
    + CategoryInfo          : NotSpecified: (C:\v\Sources\Us...module-include]:String) [], RemoteException
    + FullyQualifiedErrorId : NativeCommandError
 
    1 | #include <QtTest/QtTest>
      |          ^
In file included from C:\v\Sources\Usagi-dono\tests\test_mylist_columns_fix.cpp:1:
In file included from C:/Qt/6.8.3/llvm-mingw_64/include\QtTest/QtTest:3:
In file included from C:/Qt/6.8.3/llvm-mingw_64/include\QtTest/QtTestDepends:3:
In file included from C:/Qt/6.8.3/llvm-mingw_64/include\QtCore/QtCore:4:
C:/Qt/6.8.3/llvm-mingw_64/include\QtCore\qglobal.h:13:12: fatal error: 'type_traits' file not found
   13 | #  include <type_traits>
      |            ^~~~~~~~~~~~~
1 warning and 1 error generated.
Error while processing C:\v\Sources\Usagi-dono\tests\test_mylist_columns_fix.cpp.
clazy-standalone.exe : C:\v\Sources\Usagi-dono\tests\test_mylist_type_aired.cpp:1:10: warning: Module QtTest should not be included directly [-Wclazy-no-module-include]
At C:\v\clazy.ps1:53 char:5
+     & $ClazyPath -p $BuildDir $File.FullName 2>&1 |
+     ~~~~~~~~~~~~~~~~~~~~~~~~~~~~~~~~~~~~~~~~~~~~~
    + CategoryInfo          : NotSpecified: (C:\v\Sources\Us...module-include]:String) [], RemoteException
    + FullyQualifiedErrorId : NativeCommandError
 
    1 | #include <QtTest/QtTest>
      |          ^
In file included from C:\v\Sources\Usagi-dono\tests\test_mylist_type_aired.cpp:1:
In file included from C:/Qt/6.8.3/llvm-mingw_64/include\QtTest/QtTest:3:
In file included from C:/Qt/6.8.3/llvm-mingw_64/include\QtTest/QtTestDepends:3:
In file included from C:/Qt/6.8.3/llvm-mingw_64/include\QtCore/QtCore:4:
C:/Qt/6.8.3/llvm-mingw_64/include\QtCore\qglobal.h:13:12: fatal error: 'type_traits' file not found
   13 | #  include <type_traits>
      |            ^~~~~~~~~~~~~
1 warning and 1 error generated.
Error while processing C:\v\Sources\Usagi-dono\tests\test_mylist_type_aired.cpp.
clazy-standalone.exe : C:\v\Sources\Usagi-dono\tests\test_mylist_xml_parser.cpp:1:10: warning: Module QtTest should not be included directly [-Wclazy-no-module-include]
At C:\v\clazy.ps1:53 char:5
+     & $ClazyPath -p $BuildDir $File.FullName 2>&1 |
+     ~~~~~~~~~~~~~~~~~~~~~~~~~~~~~~~~~~~~~~~~~~~~~
    + CategoryInfo          : NotSpecified: (C:\v\Sources\Us...module-include]:String) [], RemoteException
    + FullyQualifiedErrorId : NativeCommandError
 
    1 | #include <QtTest/QtTest>
      |          ^
In file included from C:\v\Sources\Usagi-dono\tests\test_mylist_xml_parser.cpp:1:
In file included from C:/Qt/6.8.3/llvm-mingw_64/include\QtTest/QtTest:3:
In file included from C:/Qt/6.8.3/llvm-mingw_64/include\QtTest/QtTestDepends:3:
In file included from C:/Qt/6.8.3/llvm-mingw_64/include\QtCore/QtCore:4:
C:/Qt/6.8.3/llvm-mingw_64/include\QtCore\qglobal.h:13:12: fatal error: 'type_traits' file not found
   13 | #  include <type_traits>
      |            ^~~~~~~~~~~~~
1 warning and 1 error generated.
Error while processing C:\v\Sources\Usagi-dono\tests\test_mylist_xml_parser.cpp.
clazy-standalone.exe : C:\v\Sources\Usagi-dono\tests\test_playbackmanager.cpp:1:10: warning: Module QtTest should not be included directly [-Wclazy-no-module-include]
At C:\v\clazy.ps1:53 char:5
+     & $ClazyPath -p $BuildDir $File.FullName 2>&1 |
+     ~~~~~~~~~~~~~~~~~~~~~~~~~~~~~~~~~~~~~~~~~~~~~
    + CategoryInfo          : NotSpecified: (C:\v\Sources\Us...module-include]:String) [], RemoteException
    + FullyQualifiedErrorId : NativeCommandError
 
    1 | #include <QtTest/QtTest>
      |          ^
In file included from C:\v\Sources\Usagi-dono\tests\test_playbackmanager.cpp:1:
In file included from C:/Qt/6.8.3/llvm-mingw_64/include\QtTest/QtTest:3:
In file included from C:/Qt/6.8.3/llvm-mingw_64/include\QtTest/QtTestDepends:3:
In file included from C:/Qt/6.8.3/llvm-mingw_64/include\QtCore/QtCore:4:
C:/Qt/6.8.3/llvm-mingw_64/include\QtCore\qglobal.h:13:12: fatal error: 'type_traits' file not found
   13 | #  include <type_traits>
      |            ^~~~~~~~~~~~~
1 warning and 1 error generated.
Error while processing C:\v\Sources\Usagi-dono\tests\test_playbackmanager.cpp.
clazy-standalone.exe : C:\v\Sources\Usagi-dono\tests\test_stop_non_blocking.cpp:1:10: warning: Module QtTest should not be included directly [-Wclazy-no-module-include]
At C:\v\clazy.ps1:53 char:5
+     & $ClazyPath -p $BuildDir $File.FullName 2>&1 |
+     ~~~~~~~~~~~~~~~~~~~~~~~~~~~~~~~~~~~~~~~~~~~~~
    + CategoryInfo          : NotSpecified: (C:\v\Sources\Us...module-include]:String) [], RemoteException
    + FullyQualifiedErrorId : NativeCommandError
 
    1 | #include <QtTest/QtTest>
      |          ^
In file included from C:\v\Sources\Usagi-dono\tests\test_stop_non_blocking.cpp:1:
In file included from C:/Qt/6.8.3/llvm-mingw_64/include\QtTest/QtTest:3:
In file included from C:/Qt/6.8.3/llvm-mingw_64/include\QtTest/QtTestDepends:3:
In file included from C:/Qt/6.8.3/llvm-mingw_64/include\QtCore/QtCore:4:
C:/Qt/6.8.3/llvm-mingw_64/include\QtCore\qglobal.h:13:12: fatal error: 'type_traits' file not found
   13 | #  include <type_traits>
      |            ^~~~~~~~~~~~~
1 warning and 1 error generated.
Error while processing C:\v\Sources\Usagi-dono\tests\test_stop_non_blocking.cpp.
clazy-standalone.exe : C:\v\Sources\Usagi-dono\tests\test_thread_safety.cpp:1:10: warning: Module QtTest should not be included directly [-Wclazy-no-module-include]
At C:\v\clazy.ps1:53 char:5
+     & $ClazyPath -p $BuildDir $File.FullName 2>&1 |
+     ~~~~~~~~~~~~~~~~~~~~~~~~~~~~~~~~~~~~~~~~~~~~~
    + CategoryInfo          : NotSpecified: (C:\v\Sources\Us...module-include]:String) [], RemoteException
    + FullyQualifiedErrorId : NativeCommandError
 
    1 | #include <QtTest/QtTest>
      |          ^
In file included from C:\v\Sources\Usagi-dono\tests\test_thread_safety.cpp:1:
In file included from C:/Qt/6.8.3/llvm-mingw_64/include\QtTest/QtTest:3:
In file included from C:/Qt/6.8.3/llvm-mingw_64/include\QtTest/QtTestDepends:3:
In file included from C:/Qt/6.8.3/llvm-mingw_64/include\QtCore/QtCore:4:
C:/Qt/6.8.3/llvm-mingw_64/include\QtCore\qglobal.h:13:12: fatal error: 'type_traits' file not found
   13 | #  include <type_traits>
      |            ^~~~~~~~~~~~~
1 warning and 1 error generated.
Error while processing C:\v\Sources\Usagi-dono\tests\test_thread_safety.cpp.
clazy-standalone.exe : C:\v\Sources\Usagi-dono\tests\test_truncated_response.cpp:1:10: warning: Module QtTest should not be included directly [-Wclazy-no-module-include]
At C:\v\clazy.ps1:53 char:5
+     & $ClazyPath -p $BuildDir $File.FullName 2>&1 |
+     ~~~~~~~~~~~~~~~~~~~~~~~~~~~~~~~~~~~~~~~~~~~~~
    + CategoryInfo          : NotSpecified: (C:\v\Sources\Us...module-include]:String) [], RemoteException
    + FullyQualifiedErrorId : NativeCommandError
 
    1 | #include <QtTest/QtTest>
      |          ^
In file included from C:\v\Sources\Usagi-dono\tests\test_truncated_response.cpp:1:
In file included from C:/Qt/6.8.3/llvm-mingw_64/include\QtTest/QtTest:3:
In file included from C:/Qt/6.8.3/llvm-mingw_64/include\QtTest/QtTestDepends:3:
In file included from C:/Qt/6.8.3/llvm-mingw_64/include\QtCore/QtCore:4:
C:/Qt/6.8.3/llvm-mingw_64/include\QtCore\qglobal.h:13:12: fatal error: 'type_traits' file not found
   13 | #  include <type_traits>
      |            ^~~~~~~~~~~~~
1 warning and 1 error generated.
Error while processing C:\v\Sources\Usagi-dono\tests\test_truncated_response.cpp.
clazy-standalone.exe : C:\v\Sources\Usagi-dono\tests\test_ui_freeze_fix.cpp:1:10: warning: Module QtTest should not be included directly [-Wclazy-no-module-include]
At C:\v\clazy.ps1:53 char:5
+     & $ClazyPath -p $BuildDir $File.FullName 2>&1 |
+     ~~~~~~~~~~~~~~~~~~~~~~~~~~~~~~~~~~~~~~~~~~~~~
    + CategoryInfo          : NotSpecified: (C:\v\Sources\Us...module-include]:String) [], RemoteException
    + FullyQualifiedErrorId : NativeCommandError
 
    1 | #include <QtTest/QtTest>
      |          ^
In file included from C:\v\Sources\Usagi-dono\tests\test_ui_freeze_fix.cpp:1:
In file included from C:/Qt/6.8.3/llvm-mingw_64/include\QtTest/QtTest:3:
In file included from C:/Qt/6.8.3/llvm-mingw_64/include\QtTest/QtTestDepends:3:
In file included from C:/Qt/6.8.3/llvm-mingw_64/include\QtCore/QtCore:4:
C:/Qt/6.8.3/llvm-mingw_64/include\QtCore\qglobal.h:13:12: fatal error: 'type_traits' file not found
   13 | #  include <type_traits>
      |            ^~~~~~~~~~~~~
1 warning and 1 error generated.
Error while processing C:\v\Sources\Usagi-dono\tests\test_ui_freeze_fix.cpp.
clazy-standalone.exe : C:\v\Sources\Usagi-dono\tests\test_url_extraction.cpp:1:10: warning: Module QtTest should not be included directly [-Wclazy-no-module-include]
At C:\v\clazy.ps1:53 char:5
+     & $ClazyPath -p $BuildDir $File.FullName 2>&1 |
+     ~~~~~~~~~~~~~~~~~~~~~~~~~~~~~~~~~~~~~~~~~~~~~
    + CategoryInfo          : NotSpecified: (C:\v\Sources\Us...module-include]:String) [], RemoteException
    + FullyQualifiedErrorId : NativeCommandError
 
    1 | #include <QtTest/QtTest>
      |          ^
In file included from C:\v\Sources\Usagi-dono\tests\test_url_extraction.cpp:1:
In file included from C:/Qt/6.8.3/llvm-mingw_64/include\QtTest/QtTest:3:
In file included from C:/Qt/6.8.3/llvm-mingw_64/include\QtTest/QtTestDepends:3:
In file included from C:/Qt/6.8.3/llvm-mingw_64/include\QtCore/QtCore:4:
C:/Qt/6.8.3/llvm-mingw_64/include\QtCore\qglobal.h:13:12: fatal error: 'type_traits' file not found
   13 | #  include <type_traits>
      |            ^~~~~~~~~~~~~
1 warning and 1 error generated.
Error while processing C:\v\Sources\Usagi-dono\tests\test_url_extraction.cpp.
clazy-standalone.exe : In file included from C:\v\Sources\Usagi-dono\usagi\src\encryption\aes.h:13:
At C:\v\clazy.ps1:53 char:5
+     & $ClazyPath -p $BuildDir $File.FullName 2>&1 |
+     ~~~~~~~~~~~~~~~~~~~~~~~~~~~~~~~~~~~~~~~~~~~~~
    + CategoryInfo          : NotSpecified: (In file include...ption\aes.h:13::String) [], RemoteException
    + FullyQualifiedErrorId : NativeCommandError
 
In file included from C:\v\Sources\Usagi-dono\usagi\src\encryption\rijndael.h:13:
In file included from C:\v\Sources\Usagi-dono\usagi\src\encryption\seckey.h:9:
C:\v\Sources\Usagi-dono\usagi\src\encryption\config.h:1060:11: fatal error: 'cstddef' file not found
 1060 | # include <cstddef>
      |           ^~~~~~~~~
1 error generated.
Error while processing C:\v\Sources\Usagi-dono\usagi\src\encryption\aes.h.
clazy-standalone.exe : C:\v\Sources\Usagi-dono\usagi\src\encryption\config.h:1060:11: fatal error: 'cstddef' file not found
At C:\v\clazy.ps1:53 char:5
+     & $ClazyPath -p $BuildDir $File.FullName 2>&1 |
+     ~~~~~~~~~~~~~~~~~~~~~~~~~~~~~~~~~~~~~~~~~~~~~
    + CategoryInfo          : NotSpecified: (C:\v\Sources\Us... file not found:String) [], RemoteException
    + FullyQualifiedErrorId : NativeCommandError
 
 1060 | # include <cstddef>
      |           ^~~~~~~~~
1 error generated.
Error while processing C:\v\Sources\Usagi-dono\usagi\src\encryption\config.h.
clazy-standalone.exe : In file included from C:\v\Sources\Usagi-dono\usagi\src\encryption\cryptlib.h:105:
At C:\v\clazy.ps1:53 char:5
+     & $ClazyPath -p $BuildDir $File.FullName 2>&1 |
+     ~~~~~~~~~~~~~~~~~~~~~~~~~~~~~~~~~~~~~~~~~~~~~
    + CategoryInfo          : NotSpecified: (In file include...cryptlib.h:105::String) [], RemoteException
    + FullyQualifiedErrorId : NativeCommandError
 
C:\v\Sources\Usagi-dono\usagi\src\encryption\config.h:1060:11: fatal error: 'cstddef' file not found
 1060 | # include <cstddef>
      |           ^~~~~~~~~
1 error generated.
Error while processing C:\v\Sources\Usagi-dono\usagi\src\encryption\cryptlib.h.
clazy-standalone.exe : In file included from C:\v\Sources\Usagi-dono\usagi\src\encryption\misc.h:9:
At C:\v\clazy.ps1:53 char:5
+     & $ClazyPath -p $BuildDir $File.FullName 2>&1 |
+     ~~~~~~~~~~~~~~~~~~~~~~~~~~~~~~~~~~~~~~~~~~~~~
    + CategoryInfo          : NotSpecified: (In file include...ption\misc.h:9::String) [], RemoteException
    + FullyQualifiedErrorId : NativeCommandError
 
C:\v\Sources\Usagi-dono\usagi\src\encryption\config.h:1060:11: fatal error: 'cstddef' file not found
 1060 | # include <cstddef>
      |           ^~~~~~~~~
1 error generated.
Error while processing C:\v\Sources\Usagi-dono\usagi\src\encryption\misc.h.
clazy-standalone.exe : In file included from C:\v\Sources\Usagi-dono\usagi\src\encryption\rijndael.h:13:
At C:\v\clazy.ps1:53 char:5
+     & $ClazyPath -p $BuildDir $File.FullName 2>&1 |
+     ~~~~~~~~~~~~~~~~~~~~~~~~~~~~~~~~~~~~~~~~~~~~~
    + CategoryInfo          : NotSpecified: (In file include...\rijndael.h:13::String) [], RemoteException
    + FullyQualifiedErrorId : NativeCommandError
 
In file included from C:\v\Sources\Usagi-dono\usagi\src\encryption\seckey.h:9:
C:\v\Sources\Usagi-dono\usagi\src\encryption\config.h:1060:11: fatal error: 'cstddef' file not found
 1060 | # include <cstddef>
      |           ^~~~~~~~~
1 error generated.
Error while processing C:\v\Sources\Usagi-dono\usagi\src\encryption\rijndael.h.
clazy-standalone.exe : In file included from C:\v\Sources\Usagi-dono\usagi\src\encryption\secblock.h:9:
At C:\v\clazy.ps1:53 char:5
+     & $ClazyPath -p $BuildDir $File.FullName 2>&1 |
+     ~~~~~~~~~~~~~~~~~~~~~~~~~~~~~~~~~~~~~~~~~~~~~
    + CategoryInfo          : NotSpecified: (In file include...n\secblock.h:9::String) [], RemoteException
    + FullyQualifiedErrorId : NativeCommandError
 
C:\v\Sources\Usagi-dono\usagi\src\encryption\config.h:1060:11: fatal error: 'cstddef' file not found
 1060 | # include <cstddef>
      |           ^~~~~~~~~
1 error generated.
Error while processing C:\v\Sources\Usagi-dono\usagi\src\encryption\secblock.h.
clazy-standalone.exe : In file included from C:\v\Sources\Usagi-dono\usagi\src\encryption\seckey.h:9:
At C:\v\clazy.ps1:53 char:5
+     & $ClazyPath -p $BuildDir $File.FullName 2>&1 |
+     ~~~~~~~~~~~~~~~~~~~~~~~~~~~~~~~~~~~~~~~~~~~~~
    + CategoryInfo          : NotSpecified: (In file include...ion\seckey.h:9::String) [], RemoteException
    + FullyQualifiedErrorId : NativeCommandError
 
C:\v\Sources\Usagi-dono\usagi\src\encryption\config.h:1060:11: fatal error: 'cstddef' file not found
 1060 | # include <cstddef>
      |           ^~~~~~~~~
1 error generated.
Error while processing C:\v\Sources\Usagi-dono\usagi\src\encryption\seckey.h.
clazy-standalone.exe : In file included from C:\v\Sources\Usagi-dono\usagi\src\encryption\simple.h:9:
At C:\v\clazy.ps1:53 char:5
+     & $ClazyPath -p $BuildDir $File.FullName 2>&1 |
+     ~~~~~~~~~~~~~~~~~~~~~~~~~~~~~~~~~~~~~~~~~~~~~
    + CategoryInfo          : NotSpecified: (In file include...ion\simple.h:9::String) [], RemoteException
    + FullyQualifiedErrorId : NativeCommandError
 
C:\v\Sources\Usagi-dono\usagi\src\encryption\config.h:1060:11: fatal error: 'cstddef' file not found
 1060 | # include <cstddef>
      |           ^~~~~~~~~
1 error generated.
Error while processing C:\v\Sources\Usagi-dono\usagi\src\encryption\simple.h.
clazy-standalone.exe : In file included from C:\v\Sources\Usagi-dono\usagi\src\encryption\smartptr.h:9:
At C:\v\clazy.ps1:53 char:5
+     & $ClazyPath -p $BuildDir $File.FullName 2>&1 |
+     ~~~~~~~~~~~~~~~~~~~~~~~~~~~~~~~~~~~~~~~~~~~~~
    + CategoryInfo          : NotSpecified: (In file include...n\smartptr.h:9::String) [], RemoteException
    + FullyQualifiedErrorId : NativeCommandError
 
C:\v\Sources\Usagi-dono\usagi\src\encryption\config.h:1060:11: fatal error: 'cstddef' file not found
 1060 | # include <cstddef>
      |           ^~~~~~~~~
1 error generated.
Error while processing C:\v\Sources\Usagi-dono\usagi\src\encryption\smartptr.h.
clazy-standalone.exe : C:\v\Sources\Usagi-dono\usagi\src\encryption\stdcpp.h:9:10: fatal error: 'string' file not found
At C:\v\clazy.ps1:53 char:5
+     & $ClazyPath -p $BuildDir $File.FullName 2>&1 |
+     ~~~~~~~~~~~~~~~~~~~~~~~~~~~~~~~~~~~~~~~~~~~~~
    + CategoryInfo          : NotSpecified: (C:\v\Sources\Us... file not found:String) [], RemoteException
    + FullyQualifiedErrorId : NativeCommandError
 
    9 | #include <string>
      |          ^~~~~~~~
1 error generated.
Error while processing C:\v\Sources\Usagi-dono\usagi\src\encryption\stdcpp.h.
clazy-standalone.exe : In file included from C:\v\Sources\Usagi-dono\usagi\src\encryption\trap.h:18:
At C:\v\clazy.ps1:53 char:5
+     & $ClazyPath -p $BuildDir $File.FullName 2>&1 |
+     ~~~~~~~~~~~~~~~~~~~~~~~~~~~~~~~~~~~~~~~~~~~~~
    + CategoryInfo          : NotSpecified: (In file include...tion\trap.h:18::String) [], RemoteException
    + FullyQualifiedErrorId : NativeCommandError
 
C:\v\Sources\Usagi-dono\usagi\src\encryption\config.h:1060:11: fatal error: 'cstddef' file not found
 1060 | # include <cstddef>
      |           ^~~~~~~~~
1 error generated.
Error while processing C:\v\Sources\Usagi-dono\usagi\src\encryption\trap.h.
clazy-standalone.exe : In file included from C:\v\Sources\Usagi-dono\usagi\src\hash\ed2k.cpp:1:
At C:\v\clazy.ps1:53 char:5
+     & $ClazyPath -p $BuildDir $File.FullName 2>&1 |
+     ~~~~~~~~~~~~~~~~~~~~~~~~~~~~~~~~~~~~~~~~~~~~~
    + CategoryInfo          : NotSpecified: (In file include...ash\ed2k.cpp:1::String) [], RemoteException
    + FullyQualifiedErrorId : NativeCommandError
 
In file included from C:\v\Sources\Usagi-dono\usagi\src\hash\ed2k.h:4:
C:\v\Sources\Usagi-dono\usagi\src\hash\md4.h:26:10: fatal error: 'string' file not found
   26 | #include <string>
      |          ^~~~~~~~
1 error generated.
Error while processing C:\v\Sources\Usagi-dono\usagi\src\hash\ed2k.cpp.
In file included from C:\v\Sources\Usagi-dono\usagi\src\hash\ed2k.cpp:1:
In file included from C:\v\Sources\Usagi-dono\usagi\src\hash\ed2k.h:4:
C:\v\Sources\Usagi-dono\usagi\src\hash\md4.h:26:10: fatal error: 'string' file not found
   26 | #include <string>
      |          ^~~~~~~~
1 error generated.
Error while processing C:\v\Sources\Usagi-dono\usagi\src\hash\ed2k.cpp.
In file included from C:\v\Sources\Usagi-dono\usagi\src\hash\ed2k.cpp:1:
In file included from C:\v\Sources\Usagi-dono\usagi\src\hash\ed2k.h:4:
C:\v\Sources\Usagi-dono\usagi\src\hash\md4.h:26:10: fatal error: 'string' file not found
   26 | #include <string>
      |          ^~~~~~~~
1 error generated.
Error while processing C:\v\Sources\Usagi-dono\usagi\src\hash\ed2k.cpp.
In file included from C:\v\Sources\Usagi-dono\usagi\src\hash\ed2k.cpp:1:
In file included from C:\v\Sources\Usagi-dono\usagi\src\hash\ed2k.h:4:
C:\v\Sources\Usagi-dono\usagi\src\hash\md4.h:26:10: fatal error: 'string' file not found
   26 | #include <string>
      |          ^~~~~~~~
1 error generated.
Error while processing C:\v\Sources\Usagi-dono\usagi\src\hash\ed2k.cpp.
In file included from C:\v\Sources\Usagi-dono\usagi\src\hash\ed2k.cpp:1:
In file included from C:\v\Sources\Usagi-dono\usagi\src\hash\ed2k.h:4:
C:\v\Sources\Usagi-dono\usagi\src\hash\md4.h:26:10: fatal error: 'string' file not found
   26 | #include <string>
      |          ^~~~~~~~
1 error generated.
Error while processing C:\v\Sources\Usagi-dono\usagi\src\hash\ed2k.cpp.
In file included from C:\v\Sources\Usagi-dono\usagi\src\hash\ed2k.cpp:1:
In file included from C:\v\Sources\Usagi-dono\usagi\src\hash\ed2k.h:4:
C:\v\Sources\Usagi-dono\usagi\src\hash\md4.h:26:10: fatal error: 'string' file not found
   26 | #include <string>
      |          ^~~~~~~~
1 error generated.
Error while processing C:\v\Sources\Usagi-dono\usagi\src\hash\ed2k.cpp.
In file included from C:\v\Sources\Usagi-dono\usagi\src\hash\ed2k.cpp:1:
In file included from C:\v\Sources\Usagi-dono\usagi\src\hash\ed2k.h:4:
C:\v\Sources\Usagi-dono\usagi\src\hash\md4.h:26:10: fatal error: 'string' file not found
   26 | #include <string>
      |          ^~~~~~~~
1 error generated.
Error while processing C:\v\Sources\Usagi-dono\usagi\src\hash\ed2k.cpp.
In file included from C:\v\Sources\Usagi-dono\usagi\src\hash\ed2k.cpp:1:
In file included from C:\v\Sources\Usagi-dono\usagi\src\hash\ed2k.h:4:
C:\v\Sources\Usagi-dono\usagi\src\hash\md4.h:26:10: fatal error: 'string' file not found
   26 | #include <string>
      |          ^~~~~~~~
1 error generated.
Error while processing C:\v\Sources\Usagi-dono\usagi\src\hash\ed2k.cpp.
In file included from C:\v\Sources\Usagi-dono\usagi\src\hash\ed2k.cpp:1:
In file included from C:\v\Sources\Usagi-dono\usagi\src\hash\ed2k.h:4:
C:\v\Sources\Usagi-dono\usagi\src\hash\md4.h:26:10: fatal error: 'string' file not found
   26 | #include <string>
      |          ^~~~~~~~
1 error generated.
Error while processing C:\v\Sources\Usagi-dono\usagi\src\hash\ed2k.cpp.
In file included from C:\v\Sources\Usagi-dono\usagi\src\hash\ed2k.cpp:1:
In file included from C:\v\Sources\Usagi-dono\usagi\src\hash\ed2k.h:4:
C:\v\Sources\Usagi-dono\usagi\src\hash\md4.h:26:10: fatal error: 'string' file not found
   26 | #include <string>
      |          ^~~~~~~~
1 error generated.
Error while processing C:\v\Sources\Usagi-dono\usagi\src\hash\ed2k.cpp.
In file included from C:\v\Sources\Usagi-dono\usagi\src\hash\ed2k.cpp:1:
In file included from C:\v\Sources\Usagi-dono\usagi\src\hash\ed2k.h:4:
C:\v\Sources\Usagi-dono\usagi\src\hash\md4.h:26:10: fatal error: 'string' file not found
   26 | #include <string>
      |          ^~~~~~~~
1 error generated.
Error while processing C:\v\Sources\Usagi-dono\usagi\src\hash\ed2k.cpp.
In file included from C:\v\Sources\Usagi-dono\usagi\src\hash\ed2k.cpp:1:
In file included from C:\v\Sources\Usagi-dono\usagi\src\hash\ed2k.h:4:
C:\v\Sources\Usagi-dono\usagi\src\hash\md4.h:26:10: fatal error: 'string' file not found
   26 | #include <string>
      |          ^~~~~~~~
1 error generated.
Error while processing C:\v\Sources\Usagi-dono\usagi\src\hash\ed2k.cpp.
In file included from C:\v\Sources\Usagi-dono\usagi\src\hash\ed2k.cpp:1:
In file included from C:\v\Sources\Usagi-dono\usagi\src\hash\ed2k.h:4:
C:\v\Sources\Usagi-dono\usagi\src\hash\md4.h:26:10: fatal error: 'string' file not found
   26 | #include <string>
      |          ^~~~~~~~
1 error generated.
Error while processing C:\v\Sources\Usagi-dono\usagi\src\hash\ed2k.cpp.
In file included from C:\v\Sources\Usagi-dono\usagi\src\hash\ed2k.cpp:1:
In file included from C:\v\Sources\Usagi-dono\usagi\src\hash\ed2k.h:4:
C:\v\Sources\Usagi-dono\usagi\src\hash\md4.h:26:10: fatal error: 'string' file not found
   26 | #include <string>
      |          ^~~~~~~~
1 error generated.
Error while processing C:\v\Sources\Usagi-dono\usagi\src\hash\ed2k.cpp.
In file included from C:\v\Sources\Usagi-dono\usagi\src\hash\ed2k.cpp:1:
In file included from C:\v\Sources\Usagi-dono\usagi\src\hash\ed2k.h:4:
C:\v\Sources\Usagi-dono\usagi\src\hash\md4.h:26:10: fatal error: 'string' file not found
   26 | #include <string>
      |          ^~~~~~~~
1 error generated.
Error while processing C:\v\Sources\Usagi-dono\usagi\src\hash\ed2k.cpp.
In file included from C:\v\Sources\Usagi-dono\usagi\src\hash\ed2k.cpp:1:
In file included from C:\v\Sources\Usagi-dono\usagi\src\hash\ed2k.h:4:
C:\v\Sources\Usagi-dono\usagi\src\hash\md4.h:26:10: fatal error: 'string' file not found
   26 | #include <string>
      |          ^~~~~~~~
1 error generated.
Error while processing C:\v\Sources\Usagi-dono\usagi\src\hash\ed2k.cpp.
In file included from C:\v\Sources\Usagi-dono\usagi\src\hash\ed2k.cpp:1:
In file included from C:\v\Sources\Usagi-dono\usagi\src\hash\ed2k.h:4:
C:\v\Sources\Usagi-dono\usagi\src\hash\md4.h:26:10: fatal error: 'string' file not found
   26 | #include <string>
      |          ^~~~~~~~
1 error generated.
Error while processing C:\v\Sources\Usagi-dono\usagi\src\hash\ed2k.cpp.
In file included from C:\v\Sources\Usagi-dono\usagi\src\hash\ed2k.cpp:1:
In file included from C:\v\Sources\Usagi-dono\usagi\src\hash\ed2k.h:4:
C:\v\Sources\Usagi-dono\usagi\src\hash\md4.h:26:10: fatal error: 'string' file not found
   26 | #include <string>
      |          ^~~~~~~~
1 error generated.
Error while processing C:\v\Sources\Usagi-dono\usagi\src\hash\ed2k.cpp.
In file included from C:\v\Sources\Usagi-dono\usagi\src\hash\ed2k.cpp:1:
In file included from C:\v\Sources\Usagi-dono\usagi\src\hash\ed2k.h:4:
C:\v\Sources\Usagi-dono\usagi\src\hash\md4.h:26:10: fatal error: 'string' file not found
   26 | #include <string>
      |          ^~~~~~~~
1 error generated.
Error while processing C:\v\Sources\Usagi-dono\usagi\src\hash\ed2k.cpp.
In file included from C:\v\Sources\Usagi-dono\usagi\src\hash\ed2k.cpp:1:
In file included from C:\v\Sources\Usagi-dono\usagi\src\hash\ed2k.h:4:
C:\v\Sources\Usagi-dono\usagi\src\hash\md4.h:26:10: fatal error: 'string' file not found
   26 | #include <string>
      |          ^~~~~~~~
1 error generated.
Error while processing C:\v\Sources\Usagi-dono\usagi\src\hash\ed2k.cpp.
In file included from C:\v\Sources\Usagi-dono\usagi\src\hash\ed2k.cpp:1:
In file included from C:\v\Sources\Usagi-dono\usagi\src\hash\ed2k.h:4:
C:\v\Sources\Usagi-dono\usagi\src\hash\md4.h:26:10: fatal error: 'string' file not found
   26 | #include <string>
      |          ^~~~~~~~
1 error generated.
Error while processing C:\v\Sources\Usagi-dono\usagi\src\hash\ed2k.cpp.
clazy-standalone.exe : In file included from C:\v\Sources\Usagi-dono\usagi\src\hash\ed2k.h:4:
At C:\v\clazy.ps1:53 char:5
+     & $ClazyPath -p $BuildDir $File.FullName 2>&1 |
+     ~~~~~~~~~~~~~~~~~~~~~~~~~~~~~~~~~~~~~~~~~~~~~
    + CategoryInfo          : NotSpecified: (In file include...\hash\ed2k.h:4::String) [], RemoteException
    + FullyQualifiedErrorId : NativeCommandError
 
C:\v\Sources\Usagi-dono\usagi\src\hash\md4.h:26:10: fatal error: 'string' file not found
   26 | #include <string>
      |          ^~~~~~~~
1 error generated.
Error while processing C:\v\Sources\Usagi-dono\usagi\src\hash\ed2k.h.
clazy-standalone.exe : C:\v\Sources\Usagi-dono\usagi\src\hash\md4.cpp:25:10: fatal error: 'string' file not found
At C:\v\clazy.ps1:53 char:5
+     & $ClazyPath -p $BuildDir $File.FullName 2>&1 |
+     ~~~~~~~~~~~~~~~~~~~~~~~~~~~~~~~~~~~~~~~~~~~~~
    + CategoryInfo          : NotSpecified: (C:\v\Sources\Us... file not found:String) [], RemoteException
    + FullyQualifiedErrorId : NativeCommandError
 
   25 | #include <string>
      |          ^~~~~~~~
1 error generated.
Error while processing C:\v\Sources\Usagi-dono\usagi\src\hash\md4.cpp.
C:\v\Sources\Usagi-dono\usagi\src\hash\md4.cpp:25:10: fatal error: 'string' file not found
   25 | #include <string>
      |          ^~~~~~~~
1 error generated.
Error while processing C:\v\Sources\Usagi-dono\usagi\src\hash\md4.cpp.
C:\v\Sources\Usagi-dono\usagi\src\hash\md4.cpp:25:10: fatal error: 'string' file not found
   25 | #include <string>
      |          ^~~~~~~~
1 error generated.
Error while processing C:\v\Sources\Usagi-dono\usagi\src\hash\md4.cpp.
C:\v\Sources\Usagi-dono\usagi\src\hash\md4.cpp:25:10: fatal error: 'string' file not found
   25 | #include <string>
      |          ^~~~~~~~
1 error generated.
Error while processing C:\v\Sources\Usagi-dono\usagi\src\hash\md4.cpp.
C:\v\Sources\Usagi-dono\usagi\src\hash\md4.cpp:25:10: fatal error: 'string' file not found
   25 | #include <string>
      |          ^~~~~~~~
1 error generated.
Error while processing C:\v\Sources\Usagi-dono\usagi\src\hash\md4.cpp.
C:\v\Sources\Usagi-dono\usagi\src\hash\md4.cpp:25:10: fatal error: 'string' file not found
   25 | #include <string>
      |          ^~~~~~~~
1 error generated.
Error while processing C:\v\Sources\Usagi-dono\usagi\src\hash\md4.cpp.
C:\v\Sources\Usagi-dono\usagi\src\hash\md4.cpp:25:10: fatal error: 'string' file not found
   25 | #include <string>
      |          ^~~~~~~~
1 error generated.
Error while processing C:\v\Sources\Usagi-dono\usagi\src\hash\md4.cpp.
C:\v\Sources\Usagi-dono\usagi\src\hash\md4.cpp:25:10: fatal error: 'string' file not found
   25 | #include <string>
      |          ^~~~~~~~
1 error generated.
Error while processing C:\v\Sources\Usagi-dono\usagi\src\hash\md4.cpp.
C:\v\Sources\Usagi-dono\usagi\src\hash\md4.cpp:25:10: fatal error: 'string' file not found
   25 | #include <string>
      |          ^~~~~~~~
1 error generated.
Error while processing C:\v\Sources\Usagi-dono\usagi\src\hash\md4.cpp.
C:\v\Sources\Usagi-dono\usagi\src\hash\md4.cpp:25:10: fatal error: 'string' file not found
   25 | #include <string>
      |          ^~~~~~~~
1 error generated.
Error while processing C:\v\Sources\Usagi-dono\usagi\src\hash\md4.cpp.
C:\v\Sources\Usagi-dono\usagi\src\hash\md4.cpp:25:10: fatal error: 'string' file not found
   25 | #include <string>
      |          ^~~~~~~~
1 error generated.
Error while processing C:\v\Sources\Usagi-dono\usagi\src\hash\md4.cpp.
C:\v\Sources\Usagi-dono\usagi\src\hash\md4.cpp:25:10: fatal error: 'string' file not found
   25 | #include <string>
      |          ^~~~~~~~
1 error generated.
Error while processing C:\v\Sources\Usagi-dono\usagi\src\hash\md4.cpp.
C:\v\Sources\Usagi-dono\usagi\src\hash\md4.cpp:25:10: fatal error: 'string' file not found
   25 | #include <string>
      |          ^~~~~~~~
1 error generated.
Error while processing C:\v\Sources\Usagi-dono\usagi\src\hash\md4.cpp.
C:\v\Sources\Usagi-dono\usagi\src\hash\md4.cpp:25:10: fatal error: 'string' file not found
   25 | #include <string>
      |          ^~~~~~~~
1 error generated.
Error while processing C:\v\Sources\Usagi-dono\usagi\src\hash\md4.cpp.
C:\v\Sources\Usagi-dono\usagi\src\hash\md4.cpp:25:10: fatal error: 'string' file not found
   25 | #include <string>
      |          ^~~~~~~~
1 error generated.
Error while processing C:\v\Sources\Usagi-dono\usagi\src\hash\md4.cpp.
C:\v\Sources\Usagi-dono\usagi\src\hash\md4.cpp:25:10: fatal error: 'string' file not found
   25 | #include <string>
      |          ^~~~~~~~
1 error generated.
Error while processing C:\v\Sources\Usagi-dono\usagi\src\hash\md4.cpp.
C:\v\Sources\Usagi-dono\usagi\src\hash\md4.cpp:25:10: fatal error: 'string' file not found
   25 | #include <string>
      |          ^~~~~~~~
1 error generated.
Error while processing C:\v\Sources\Usagi-dono\usagi\src\hash\md4.cpp.
C:\v\Sources\Usagi-dono\usagi\src\hash\md4.cpp:25:10: fatal error: 'string' file not found
   25 | #include <string>
      |          ^~~~~~~~
1 error generated.
Error while processing C:\v\Sources\Usagi-dono\usagi\src\hash\md4.cpp.
C:\v\Sources\Usagi-dono\usagi\src\hash\md4.cpp:25:10: fatal error: 'string' file not found
   25 | #include <string>
      |          ^~~~~~~~
1 error generated.
Error while processing C:\v\Sources\Usagi-dono\usagi\src\hash\md4.cpp.
C:\v\Sources\Usagi-dono\usagi\src\hash\md4.cpp:25:10: fatal error: 'string' file not found
   25 | #include <string>
      |          ^~~~~~~~
1 error generated.
Error while processing C:\v\Sources\Usagi-dono\usagi\src\hash\md4.cpp.
C:\v\Sources\Usagi-dono\usagi\src\hash\md4.cpp:25:10: fatal error: 'string' file not found
   25 | #include <string>
      |          ^~~~~~~~
1 error generated.
Error while processing C:\v\Sources\Usagi-dono\usagi\src\hash\md4.cpp.
clazy-standalone.exe : C:\v\Sources\Usagi-dono\usagi\src\hash\md4.h:26:10: fatal error: 'string' file not found
At C:\v\clazy.ps1:53 char:5
+     & $ClazyPath -p $BuildDir $File.FullName 2>&1 |
+     ~~~~~~~~~~~~~~~~~~~~~~~~~~~~~~~~~~~~~~~~~~~~~
    + CategoryInfo          : NotSpecified: (C:\v\Sources\Us... file not found:String) [], RemoteException
    + FullyQualifiedErrorId : NativeCommandError
 
   26 | #include <string>
      |          ^~~~~~~~
1 error generated.
Error while processing C:\v\Sources\Usagi-dono\usagi\src\hash\md4.h.
clazy-standalone.exe : In file included from C:\v\Sources\Usagi-dono\usagi\src\Qt-AES-master\unit_test\aestest.cpp:1:
At C:\v\clazy.ps1:53 char:5
+     & $ClazyPath -p $BuildDir $File.FullName 2>&1 |
+     ~~~~~~~~~~~~~~~~~~~~~~~~~~~~~~~~~~~~~~~~~~~~~
    + CategoryInfo          : NotSpecified: (In file include...\aestest.cpp:1::String) [], RemoteException
    + FullyQualifiedErrorId : NativeCommandError
 
In file included from C:\v\Sources\Usagi-dono\usagi\src\Qt-AES-master\unit_test\aestest.h:4:
In file included from C:/Qt/6.8.3/llvm-mingw_64/include/QtCore\QObject:1:
In file included from C:/Qt/6.8.3/llvm-mingw_64/include/QtCore\qobject.h:10:
In file included from C:/Qt/6.8.3/llvm-mingw_64/include\QtCore/qobjectdefs.h:12:
In file included from C:/Qt/6.8.3/llvm-mingw_64/include\QtCore/qnamespace.h:12:
C:/Qt/6.8.3/llvm-mingw_64/include\QtCore/qglobal.h:13:12: fatal error: 'type_traits' file not found
   13 | #  include <type_traits>
      |            ^~~~~~~~~~~~~
1 error generated.
Error while processing C:\v\Sources\Usagi-dono\usagi\src\Qt-AES-master\unit_test\aestest.cpp.
clazy-standalone.exe : In file included from C:\v\Sources\Usagi-dono\usagi\src\Qt-AES-master\unit_test\aestest.h:4:
At C:\v\clazy.ps1:53 char:5
+     & $ClazyPath -p $BuildDir $File.FullName 2>&1 |
+     ~~~~~~~~~~~~~~~~~~~~~~~~~~~~~~~~~~~~~~~~~~~~~
    + CategoryInfo          : NotSpecified: (In file include...st\aestest.h:4::String) [], RemoteException
    + FullyQualifiedErrorId : NativeCommandError
 
In file included from C:/Qt/6.8.3/llvm-mingw_64/include/QtCore\QObject:1:
In file included from C:/Qt/6.8.3/llvm-mingw_64/include/QtCore\qobject.h:10:
In file included from C:/Qt/6.8.3/llvm-mingw_64/include\QtCore/qobjectdefs.h:12:
In file included from C:/Qt/6.8.3/llvm-mingw_64/include\QtCore/qnamespace.h:12:
C:/Qt/6.8.3/llvm-mingw_64/include\QtCore/qglobal.h:13:12: fatal error: 'type_traits' file not found
   13 | #  include <type_traits>
      |            ^~~~~~~~~~~~~
1 error generated.
Error while processing C:\v\Sources\Usagi-dono\usagi\src\Qt-AES-master\unit_test\aestest.h.
clazy-standalone.exe : In file included from C:\v\Sources\Usagi-dono\usagi\src\Qt-AES-master\main.cpp:1:
At C:\v\clazy.ps1:53 char:5
+     & $ClazyPath -p $BuildDir $File.FullName 2>&1 |
+     ~~~~~~~~~~~~~~~~~~~~~~~~~~~~~~~~~~~~~~~~~~~~~
    + CategoryInfo          : NotSpecified: (In file include...ter\main.cpp:1::String) [], RemoteException
    + FullyQualifiedErrorId : NativeCommandError
 
In file included from C:/Qt/6.8.3/llvm-mingw_64/include/QtCore\QCoreApplication:1:
In file included from C:/Qt/6.8.3/llvm-mingw_64/include/QtCore\qcoreapplication.h:7:
C:/Qt/6.8.3/llvm-mingw_64/include\QtCore/qglobal.h:13:12: fatal error: 'type_traits' file not found
   13 | #  include <type_traits>
      |            ^~~~~~~~~~~~~
1 error generated.
Error while processing C:\v\Sources\Usagi-dono\usagi\src\Qt-AES-master\main.cpp.
clazy-standalone.exe : In file included from C:\v\Sources\Usagi-dono\usagi\src\Qt-AES-master\qaesencryption.cpp:1:
At C:\v\clazy.ps1:53 char:5
+     & $ClazyPath -p $BuildDir $File.FullName 2>&1 |
+     ~~~~~~~~~~~~~~~~~~~~~~~~~~~~~~~~~~~~~~~~~~~~~
    + CategoryInfo          : NotSpecified: (In file include...cryption.cpp:1::String) [], RemoteException
    + FullyQualifiedErrorId : NativeCommandError
 
In file included from C:\v\Sources\Usagi-dono\usagi\src\Qt-AES-master\qaesencryption.h:4:
In file included from C:/Qt/6.8.3/llvm-mingw_64/include/QtCore\QObject:1:
In file included from C:/Qt/6.8.3/llvm-mingw_64/include/QtCore\qobject.h:10:
In file included from C:/Qt/6.8.3/llvm-mingw_64/include\QtCore/qobjectdefs.h:12:
In file included from C:/Qt/6.8.3/llvm-mingw_64/include\QtCore/qnamespace.h:12:
C:/Qt/6.8.3/llvm-mingw_64/include\QtCore/qglobal.h:13:12: fatal error: 'type_traits' file not found
   13 | #  include <type_traits>
      |            ^~~~~~~~~~~~~
1 error generated.
Error while processing C:\v\Sources\Usagi-dono\usagi\src\Qt-AES-master\qaesencryption.cpp.
In file included from C:\v\Sources\Usagi-dono\usagi\src\Qt-AES-master\qaesencryption.cpp:1:
In file included from C:\v\Sources\Usagi-dono\usagi\src\Qt-AES-master\qaesencryption.h:4:
In file included from C:/Qt/6.8.3/llvm-mingw_64/include/QtCore\QObject:1:
In file included from C:/Qt/6.8.3/llvm-mingw_64/include/QtCore\qobject.h:10:
In file included from C:/Qt/6.8.3/llvm-mingw_64/include\QtCore/qobjectdefs.h:12:
In file included from C:/Qt/6.8.3/llvm-mingw_64/include\QtCore/qnamespace.h:12:
C:/Qt/6.8.3/llvm-mingw_64/include\QtCore/qglobal.h:13:12: fatal error: 'type_traits' file not found
   13 | #  include <type_traits>
      |            ^~~~~~~~~~~~~
1 error generated.
Error while processing C:\v\Sources\Usagi-dono\usagi\src\Qt-AES-master\qaesencryption.cpp.
In file included from C:\v\Sources\Usagi-dono\usagi\src\Qt-AES-master\qaesencryption.cpp:1:
In file included from C:\v\Sources\Usagi-dono\usagi\src\Qt-AES-master\qaesencryption.h:4:
In file included from C:/Qt/6.8.3/llvm-mingw_64/include/QtCore\QObject:1:
In file included from C:/Qt/6.8.3/llvm-mingw_64/include/QtCore\qobject.h:10:
In file included from C:/Qt/6.8.3/llvm-mingw_64/include\QtCore/qobjectdefs.h:12:
In file included from C:/Qt/6.8.3/llvm-mingw_64/include\QtCore/qnamespace.h:12:
C:/Qt/6.8.3/llvm-mingw_64/include\QtCore/qglobal.h:13:12: fatal error: 'type_traits' file not found
   13 | #  include <type_traits>
      |            ^~~~~~~~~~~~~
1 error generated.
Error while processing C:\v\Sources\Usagi-dono\usagi\src\Qt-AES-master\qaesencryption.cpp.
In file included from C:\v\Sources\Usagi-dono\usagi\src\Qt-AES-master\qaesencryption.cpp:1:
In file included from C:\v\Sources\Usagi-dono\usagi\src\Qt-AES-master\qaesencryption.h:4:
In file included from C:/Qt/6.8.3/llvm-mingw_64/include/QtCore\QObject:1:
In file included from C:/Qt/6.8.3/llvm-mingw_64/include/QtCore\qobject.h:10:
In file included from C:/Qt/6.8.3/llvm-mingw_64/include\QtCore/qobjectdefs.h:12:
In file included from C:/Qt/6.8.3/llvm-mingw_64/include\QtCore/qnamespace.h:12:
C:/Qt/6.8.3/llvm-mingw_64/include\QtCore/qglobal.h:13:12: fatal error: 'type_traits' file not found
   13 | #  include <type_traits>
      |            ^~~~~~~~~~~~~
1 error generated.
Error while processing C:\v\Sources\Usagi-dono\usagi\src\Qt-AES-master\qaesencryption.cpp.
In file included from C:\v\Sources\Usagi-dono\usagi\src\Qt-AES-master\qaesencryption.cpp:1:
In file included from C:\v\Sources\Usagi-dono\usagi\src\Qt-AES-master\qaesencryption.h:4:
In file included from C:/Qt/6.8.3/llvm-mingw_64/include/QtCore\QObject:1:
In file included from C:/Qt/6.8.3/llvm-mingw_64/include/QtCore\qobject.h:10:
In file included from C:/Qt/6.8.3/llvm-mingw_64/include\QtCore/qobjectdefs.h:12:
In file included from C:/Qt/6.8.3/llvm-mingw_64/include\QtCore/qnamespace.h:12:
C:/Qt/6.8.3/llvm-mingw_64/include\QtCore/qglobal.h:13:12: fatal error: 'type_traits' file not found
   13 | #  include <type_traits>
      |            ^~~~~~~~~~~~~
1 error generated.
Error while processing C:\v\Sources\Usagi-dono\usagi\src\Qt-AES-master\qaesencryption.cpp.
In file included from C:\v\Sources\Usagi-dono\usagi\src\Qt-AES-master\qaesencryption.cpp:1:
In file included from C:\v\Sources\Usagi-dono\usagi\src\Qt-AES-master\qaesencryption.h:4:
In file included from C:/Qt/6.8.3/llvm-mingw_64/include/QtCore\QObject:1:
In file included from C:/Qt/6.8.3/llvm-mingw_64/include/QtCore\qobject.h:10:
In file included from C:/Qt/6.8.3/llvm-mingw_64/include\QtCore/qobjectdefs.h:12:
In file included from C:/Qt/6.8.3/llvm-mingw_64/include\QtCore/qnamespace.h:12:
C:/Qt/6.8.3/llvm-mingw_64/include\QtCore/qglobal.h:13:12: fatal error: 'type_traits' file not found
   13 | #  include <type_traits>
      |            ^~~~~~~~~~~~~
1 error generated.
Error while processing C:\v\Sources\Usagi-dono\usagi\src\Qt-AES-master\qaesencryption.cpp.
In file included from C:\v\Sources\Usagi-dono\usagi\src\Qt-AES-master\qaesencryption.cpp:1:
In file included from C:\v\Sources\Usagi-dono\usagi\src\Qt-AES-master\qaesencryption.h:4:
In file included from C:/Qt/6.8.3/llvm-mingw_64/include/QtCore\QObject:1:
In file included from C:/Qt/6.8.3/llvm-mingw_64/include/QtCore\qobject.h:10:
In file included from C:/Qt/6.8.3/llvm-mingw_64/include\QtCore/qobjectdefs.h:12:
In file included from C:/Qt/6.8.3/llvm-mingw_64/include\QtCore/qnamespace.h:12:
C:/Qt/6.8.3/llvm-mingw_64/include\QtCore/qglobal.h:13:12: fatal error: 'type_traits' file not found
   13 | #  include <type_traits>
      |            ^~~~~~~~~~~~~
1 error generated.
Error while processing C:\v\Sources\Usagi-dono\usagi\src\Qt-AES-master\qaesencryption.cpp.
In file included from C:\v\Sources\Usagi-dono\usagi\src\Qt-AES-master\qaesencryption.cpp:1:
In file included from C:\v\Sources\Usagi-dono\usagi\src\Qt-AES-master\qaesencryption.h:4:
In file included from C:/Qt/6.8.3/llvm-mingw_64/include/QtCore\QObject:1:
In file included from C:/Qt/6.8.3/llvm-mingw_64/include/QtCore\qobject.h:10:
In file included from C:/Qt/6.8.3/llvm-mingw_64/include\QtCore/qobjectdefs.h:12:
In file included from C:/Qt/6.8.3/llvm-mingw_64/include\QtCore/qnamespace.h:12:
C:/Qt/6.8.3/llvm-mingw_64/include\QtCore/qglobal.h:13:12: fatal error: 'type_traits' file not found
   13 | #  include <type_traits>
      |            ^~~~~~~~~~~~~
1 error generated.
Error while processing C:\v\Sources\Usagi-dono\usagi\src\Qt-AES-master\qaesencryption.cpp.
In file included from C:\v\Sources\Usagi-dono\usagi\src\Qt-AES-master\qaesencryption.cpp:1:
In file included from C:\v\Sources\Usagi-dono\usagi\src\Qt-AES-master\qaesencryption.h:4:
In file included from C:/Qt/6.8.3/llvm-mingw_64/include/QtCore\QObject:1:
In file included from C:/Qt/6.8.3/llvm-mingw_64/include/QtCore\qobject.h:10:
In file included from C:/Qt/6.8.3/llvm-mingw_64/include\QtCore/qobjectdefs.h:12:
In file included from C:/Qt/6.8.3/llvm-mingw_64/include\QtCore/qnamespace.h:12:
C:/Qt/6.8.3/llvm-mingw_64/include\QtCore/qglobal.h:13:12: fatal error: 'type_traits' file not found
   13 | #  include <type_traits>
      |            ^~~~~~~~~~~~~
1 error generated.
Error while processing C:\v\Sources\Usagi-dono\usagi\src\Qt-AES-master\qaesencryption.cpp.
In file included from C:\v\Sources\Usagi-dono\usagi\src\Qt-AES-master\qaesencryption.cpp:1:
In file included from C:\v\Sources\Usagi-dono\usagi\src\Qt-AES-master\qaesencryption.h:4:
In file included from C:/Qt/6.8.3/llvm-mingw_64/include/QtCore\QObject:1:
In file included from C:/Qt/6.8.3/llvm-mingw_64/include/QtCore\qobject.h:10:
In file included from C:/Qt/6.8.3/llvm-mingw_64/include\QtCore/qobjectdefs.h:12:
In file included from C:/Qt/6.8.3/llvm-mingw_64/include\QtCore/qnamespace.h:12:
C:/Qt/6.8.3/llvm-mingw_64/include\QtCore/qglobal.h:13:12: fatal error: 'type_traits' file not found
   13 | #  include <type_traits>
      |            ^~~~~~~~~~~~~
1 error generated.
Error while processing C:\v\Sources\Usagi-dono\usagi\src\Qt-AES-master\qaesencryption.cpp.
In file included from C:\v\Sources\Usagi-dono\usagi\src\Qt-AES-master\qaesencryption.cpp:1:
In file included from C:\v\Sources\Usagi-dono\usagi\src\Qt-AES-master\qaesencryption.h:4:
In file included from C:/Qt/6.8.3/llvm-mingw_64/include/QtCore\QObject:1:
In file included from C:/Qt/6.8.3/llvm-mingw_64/include/QtCore\qobject.h:10:
In file included from C:/Qt/6.8.3/llvm-mingw_64/include\QtCore/qobjectdefs.h:12:
In file included from C:/Qt/6.8.3/llvm-mingw_64/include\QtCore/qnamespace.h:12:
C:/Qt/6.8.3/llvm-mingw_64/include\QtCore/qglobal.h:13:12: fatal error: 'type_traits' file not found
   13 | #  include <type_traits>
      |            ^~~~~~~~~~~~~
1 error generated.
Error while processing C:\v\Sources\Usagi-dono\usagi\src\Qt-AES-master\qaesencryption.cpp.
In file included from C:\v\Sources\Usagi-dono\usagi\src\Qt-AES-master\qaesencryption.cpp:1:
In file included from C:\v\Sources\Usagi-dono\usagi\src\Qt-AES-master\qaesencryption.h:4:
In file included from C:/Qt/6.8.3/llvm-mingw_64/include/QtCore\QObject:1:
In file included from C:/Qt/6.8.3/llvm-mingw_64/include/QtCore\qobject.h:10:
In file included from C:/Qt/6.8.3/llvm-mingw_64/include\QtCore/qobjectdefs.h:12:
In file included from C:/Qt/6.8.3/llvm-mingw_64/include\QtCore/qnamespace.h:12:
C:/Qt/6.8.3/llvm-mingw_64/include\QtCore/qglobal.h:13:12: fatal error: 'type_traits' file not found
   13 | #  include <type_traits>
      |            ^~~~~~~~~~~~~
1 error generated.
Error while processing C:\v\Sources\Usagi-dono\usagi\src\Qt-AES-master\qaesencryption.cpp.
In file included from C:\v\Sources\Usagi-dono\usagi\src\Qt-AES-master\qaesencryption.cpp:1:
In file included from C:\v\Sources\Usagi-dono\usagi\src\Qt-AES-master\qaesencryption.h:4:
In file included from C:/Qt/6.8.3/llvm-mingw_64/include/QtCore\QObject:1:
In file included from C:/Qt/6.8.3/llvm-mingw_64/include/QtCore\qobject.h:10:
In file included from C:/Qt/6.8.3/llvm-mingw_64/include\QtCore/qobjectdefs.h:12:
In file included from C:/Qt/6.8.3/llvm-mingw_64/include\QtCore/qnamespace.h:12:
C:/Qt/6.8.3/llvm-mingw_64/include\QtCore/qglobal.h:13:12: fatal error: 'type_traits' file not found
   13 | #  include <type_traits>
      |            ^~~~~~~~~~~~~
1 error generated.
Error while processing C:\v\Sources\Usagi-dono\usagi\src\Qt-AES-master\qaesencryption.cpp.
In file included from C:\v\Sources\Usagi-dono\usagi\src\Qt-AES-master\qaesencryption.cpp:1:
In file included from C:\v\Sources\Usagi-dono\usagi\src\Qt-AES-master\qaesencryption.h:4:
In file included from C:/Qt/6.8.3/llvm-mingw_64/include/QtCore\QObject:1:
In file included from C:/Qt/6.8.3/llvm-mingw_64/include/QtCore\qobject.h:10:
In file included from C:/Qt/6.8.3/llvm-mingw_64/include\QtCore/qobjectdefs.h:12:
In file included from C:/Qt/6.8.3/llvm-mingw_64/include\QtCore/qnamespace.h:12:
C:/Qt/6.8.3/llvm-mingw_64/include\QtCore/qglobal.h:13:12: fatal error: 'type_traits' file not found
   13 | #  include <type_traits>
      |            ^~~~~~~~~~~~~
1 error generated.
Error while processing C:\v\Sources\Usagi-dono\usagi\src\Qt-AES-master\qaesencryption.cpp.
In file included from C:\v\Sources\Usagi-dono\usagi\src\Qt-AES-master\qaesencryption.cpp:1:
In file included from C:\v\Sources\Usagi-dono\usagi\src\Qt-AES-master\qaesencryption.h:4:
In file included from C:/Qt/6.8.3/llvm-mingw_64/include/QtCore\QObject:1:
In file included from C:/Qt/6.8.3/llvm-mingw_64/include/QtCore\qobject.h:10:
In file included from C:/Qt/6.8.3/llvm-mingw_64/include\QtCore/qobjectdefs.h:12:
In file included from C:/Qt/6.8.3/llvm-mingw_64/include\QtCore/qnamespace.h:12:
C:/Qt/6.8.3/llvm-mingw_64/include\QtCore/qglobal.h:13:12: fatal error: 'type_traits' file not found
   13 | #  include <type_traits>
      |            ^~~~~~~~~~~~~
1 error generated.
Error while processing C:\v\Sources\Usagi-dono\usagi\src\Qt-AES-master\qaesencryption.cpp.
In file included from C:\v\Sources\Usagi-dono\usagi\src\Qt-AES-master\qaesencryption.cpp:1:
In file included from C:\v\Sources\Usagi-dono\usagi\src\Qt-AES-master\qaesencryption.h:4:
In file included from C:/Qt/6.8.3/llvm-mingw_64/include/QtCore\QObject:1:
In file included from C:/Qt/6.8.3/llvm-mingw_64/include/QtCore\qobject.h:10:
In file included from C:/Qt/6.8.3/llvm-mingw_64/include\QtCore/qobjectdefs.h:12:
In file included from C:/Qt/6.8.3/llvm-mingw_64/include\QtCore/qnamespace.h:12:
C:/Qt/6.8.3/llvm-mingw_64/include\QtCore/qglobal.h:13:12: fatal error: 'type_traits' file not found
   13 | #  include <type_traits>
      |            ^~~~~~~~~~~~~
1 error generated.
Error while processing C:\v\Sources\Usagi-dono\usagi\src\Qt-AES-master\qaesencryption.cpp.
In file included from C:\v\Sources\Usagi-dono\usagi\src\Qt-AES-master\qaesencryption.cpp:1:
In file included from C:\v\Sources\Usagi-dono\usagi\src\Qt-AES-master\qaesencryption.h:4:
In file included from C:/Qt/6.8.3/llvm-mingw_64/include/QtCore\QObject:1:
In file included from C:/Qt/6.8.3/llvm-mingw_64/include/QtCore\qobject.h:10:
In file included from C:/Qt/6.8.3/llvm-mingw_64/include\QtCore/qobjectdefs.h:12:
In file included from C:/Qt/6.8.3/llvm-mingw_64/include\QtCore/qnamespace.h:12:
C:/Qt/6.8.3/llvm-mingw_64/include\QtCore/qglobal.h:13:12: fatal error: 'type_traits' file not found
   13 | #  include <type_traits>
      |            ^~~~~~~~~~~~~
1 error generated.
Error while processing C:\v\Sources\Usagi-dono\usagi\src\Qt-AES-master\qaesencryption.cpp.
In file included from C:\v\Sources\Usagi-dono\usagi\src\Qt-AES-master\qaesencryption.cpp:1:
In file included from C:\v\Sources\Usagi-dono\usagi\src\Qt-AES-master\qaesencryption.h:4:
In file included from C:/Qt/6.8.3/llvm-mingw_64/include/QtCore\QObject:1:
In file included from C:/Qt/6.8.3/llvm-mingw_64/include/QtCore\qobject.h:10:
In file included from C:/Qt/6.8.3/llvm-mingw_64/include\QtCore/qobjectdefs.h:12:
In file included from C:/Qt/6.8.3/llvm-mingw_64/include\QtCore/qnamespace.h:12:
C:/Qt/6.8.3/llvm-mingw_64/include\QtCore/qglobal.h:13:12: fatal error: 'type_traits' file not found
   13 | #  include <type_traits>
      |            ^~~~~~~~~~~~~
1 error generated.
Error while processing C:\v\Sources\Usagi-dono\usagi\src\Qt-AES-master\qaesencryption.cpp.
In file included from C:\v\Sources\Usagi-dono\usagi\src\Qt-AES-master\qaesencryption.cpp:1:
In file included from C:\v\Sources\Usagi-dono\usagi\src\Qt-AES-master\qaesencryption.h:4:
In file included from C:/Qt/6.8.3/llvm-mingw_64/include/QtCore\QObject:1:
In file included from C:/Qt/6.8.3/llvm-mingw_64/include/QtCore\qobject.h:10:
In file included from C:/Qt/6.8.3/llvm-mingw_64/include\QtCore/qobjectdefs.h:12:
In file included from C:/Qt/6.8.3/llvm-mingw_64/include\QtCore/qnamespace.h:12:
C:/Qt/6.8.3/llvm-mingw_64/include\QtCore/qglobal.h:13:12: fatal error: 'type_traits' file not found
   13 | #  include <type_traits>
      |            ^~~~~~~~~~~~~
1 error generated.
Error while processing C:\v\Sources\Usagi-dono\usagi\src\Qt-AES-master\qaesencryption.cpp.
In file included from C:\v\Sources\Usagi-dono\usagi\src\Qt-AES-master\qaesencryption.cpp:1:
In file included from C:\v\Sources\Usagi-dono\usagi\src\Qt-AES-master\qaesencryption.h:4:
In file included from C:/Qt/6.8.3/llvm-mingw_64/include/QtCore\QObject:1:
In file included from C:/Qt/6.8.3/llvm-mingw_64/include/QtCore\qobject.h:10:
In file included from C:/Qt/6.8.3/llvm-mingw_64/include\QtCore/qobjectdefs.h:12:
In file included from C:/Qt/6.8.3/llvm-mingw_64/include\QtCore/qnamespace.h:12:
C:/Qt/6.8.3/llvm-mingw_64/include\QtCore/qglobal.h:13:12: fatal error: 'type_traits' file not found
   13 | #  include <type_traits>
      |            ^~~~~~~~~~~~~
1 error generated.
Error while processing C:\v\Sources\Usagi-dono\usagi\src\Qt-AES-master\qaesencryption.cpp.
clazy-standalone.exe : In file included from C:\v\Sources\Usagi-dono\usagi\src\Qt-AES-master\qaesencryption.h:4:
At C:\v\clazy.ps1:53 char:5
+     & $ClazyPath -p $BuildDir $File.FullName 2>&1 |
+     ~~~~~~~~~~~~~~~~~~~~~~~~~~~~~~~~~~~~~~~~~~~~~
    + CategoryInfo          : NotSpecified: (In file include...encryption.h:4::String) [], RemoteException
    + FullyQualifiedErrorId : NativeCommandError
 
In file included from C:/Qt/6.8.3/llvm-mingw_64/include/QtCore\QObject:1:
In file included from C:/Qt/6.8.3/llvm-mingw_64/include/QtCore\qobject.h:10:
In file included from C:/Qt/6.8.3/llvm-mingw_64/include\QtCore/qobjectdefs.h:12:
In file included from C:/Qt/6.8.3/llvm-mingw_64/include\QtCore/qnamespace.h:12:
C:/Qt/6.8.3/llvm-mingw_64/include\QtCore/qglobal.h:13:12: fatal error: 'type_traits' file not found
   13 | #  include <type_traits>
      |            ^~~~~~~~~~~~~
1 error generated.
Error while processing C:\v\Sources\Usagi-dono\usagi\src\Qt-AES-master\qaesencryption.h.
clazy-standalone.exe : In file included from C:\v\Sources\Usagi-dono\usagi\src\aired.cpp:1:
At C:\v\clazy.ps1:53 char:5
+     & $ClazyPath -p $BuildDir $File.FullName 2>&1 |
+     ~~~~~~~~~~~~~~~~~~~~~~~~~~~~~~~~~~~~~~~~~~~~~
    + CategoryInfo          : NotSpecified: (In file include...rc\aired.cpp:1::String) [], RemoteException
    + FullyQualifiedErrorId : NativeCommandError
 
In file included from C:\v\Sources\Usagi-dono\usagi\src\aired.h:4:
In file included from C:/Qt/6.8.3/llvm-mingw_64/include/QtCore\QString:1:
In file included from C:/Qt/6.8.3/llvm-mingw_64/include/QtCore\qstring.h:14:
In file included from C:/Qt/6.8.3/llvm-mingw_64/include\QtCore/qchar.h:7:
C:/Qt/6.8.3/llvm-mingw_64/include\QtCore/qglobal.h:13:12: fatal error: 'type_traits' file not found
   13 | #  include <type_traits>
      |            ^~~~~~~~~~~~~
1 error generated.
Error while processing C:\v\Sources\Usagi-dono\usagi\src\aired.cpp.
In file included from C:\v\Sources\Usagi-dono\usagi\src\aired.cpp:1:
In file included from C:\v\Sources\Usagi-dono\usagi\src\aired.h:4:
In file included from C:/Qt/6.8.3/llvm-mingw_64/include/QtCore\QString:1:
In file included from C:/Qt/6.8.3/llvm-mingw_64/include/QtCore\qstring.h:14:
In file included from C:/Qt/6.8.3/llvm-mingw_64/include\QtCore/qchar.h:7:
C:/Qt/6.8.3/llvm-mingw_64/include\QtCore/qglobal.h:13:12: fatal error: 'type_traits' file not found
   13 | #  include <type_traits>
      |            ^~~~~~~~~~~~~
1 error generated.
Error while processing C:\v\Sources\Usagi-dono\usagi\src\aired.cpp.
In file included from C:\v\Sources\Usagi-dono\usagi\src\aired.cpp:1:
In file included from C:\v\Sources\Usagi-dono\usagi\src\aired.h:4:
In file included from C:/Qt/6.8.3/llvm-mingw_64/include/QtCore\QString:1:
In file included from C:/Qt/6.8.3/llvm-mingw_64/include/QtCore\qstring.h:14:
In file included from C:/Qt/6.8.3/llvm-mingw_64/include\QtCore/qchar.h:7:
C:/Qt/6.8.3/llvm-mingw_64/include\QtCore/qglobal.h:13:12: fatal error: 'type_traits' file not found
   13 | #  include <type_traits>
      |            ^~~~~~~~~~~~~
1 error generated.
Error while processing C:\v\Sources\Usagi-dono\usagi\src\aired.cpp.
In file included from C:\v\Sources\Usagi-dono\usagi\src\aired.cpp:1:
In file included from C:\v\Sources\Usagi-dono\usagi\src\aired.h:4:
In file included from C:/Qt/6.8.3/llvm-mingw_64/include/QtCore\QString:1:
In file included from C:/Qt/6.8.3/llvm-mingw_64/include/QtCore\qstring.h:14:
In file included from C:/Qt/6.8.3/llvm-mingw_64/include\QtCore/qchar.h:7:
C:/Qt/6.8.3/llvm-mingw_64/include\QtCore/qglobal.h:13:12: fatal error: 'type_traits' file not found
   13 | #  include <type_traits>
      |            ^~~~~~~~~~~~~
1 error generated.
Error while processing C:\v\Sources\Usagi-dono\usagi\src\aired.cpp.
In file included from C:\v\Sources\Usagi-dono\usagi\src\aired.cpp:1:
In file included from C:\v\Sources\Usagi-dono\usagi\src\aired.h:4:
In file included from C:/Qt/6.8.3/llvm-mingw_64/include/QtCore\QString:1:
In file included from C:/Qt/6.8.3/llvm-mingw_64/include/QtCore\qstring.h:14:
In file included from C:/Qt/6.8.3/llvm-mingw_64/include\QtCore/qchar.h:7:
C:/Qt/6.8.3/llvm-mingw_64/include\QtCore/qglobal.h:13:12: fatal error: 'type_traits' file not found
   13 | #  include <type_traits>
      |            ^~~~~~~~~~~~~
1 error generated.
Error while processing C:\v\Sources\Usagi-dono\usagi\src\aired.cpp.
In file included from C:\v\Sources\Usagi-dono\usagi\src\aired.cpp:1:
In file included from C:\v\Sources\Usagi-dono\usagi\src\aired.h:4:
In file included from C:/Qt/6.8.3/llvm-mingw_64/include/QtCore\QString:1:
In file included from C:/Qt/6.8.3/llvm-mingw_64/include/QtCore\qstring.h:14:
In file included from C:/Qt/6.8.3/llvm-mingw_64/include\QtCore/qchar.h:7:
C:/Qt/6.8.3/llvm-mingw_64/include\QtCore/qglobal.h:13:12: fatal error: 'type_traits' file not found
   13 | #  include <type_traits>
      |            ^~~~~~~~~~~~~
1 error generated.
Error while processing C:\v\Sources\Usagi-dono\usagi\src\aired.cpp.
clazy-standalone.exe : In file included from C:\v\Sources\Usagi-dono\usagi\src\aired.h:4:
At C:\v\clazy.ps1:53 char:5
+     & $ClazyPath -p $BuildDir $File.FullName 2>&1 |
+     ~~~~~~~~~~~~~~~~~~~~~~~~~~~~~~~~~~~~~~~~~~~~~
    + CategoryInfo          : NotSpecified: (In file include...\src\aired.h:4::String) [], RemoteException
    + FullyQualifiedErrorId : NativeCommandError
 
In file included from C:/Qt/6.8.3/llvm-mingw_64/include/QtCore\QString:1:
In file included from C:/Qt/6.8.3/llvm-mingw_64/include/QtCore\qstring.h:14:
In file included from C:/Qt/6.8.3/llvm-mingw_64/include\QtCore/qchar.h:7:
C:/Qt/6.8.3/llvm-mingw_64/include\QtCore/qglobal.h:13:12: fatal error: 'type_traits' file not found
   13 | #  include <type_traits>
      |            ^~~~~~~~~~~~~
1 error generated.
Error while processing C:\v\Sources\Usagi-dono\usagi\src\aired.h.
clazy-standalone.exe : In file included from C:\v\Sources\Usagi-dono\usagi\src\anidbapi.cpp:2:
At C:\v\clazy.ps1:53 char:5
+     & $ClazyPath -p $BuildDir $File.FullName 2>&1 |
+     ~~~~~~~~~~~~~~~~~~~~~~~~~~~~~~~~~~~~~~~~~~~~~
    + CategoryInfo          : NotSpecified: (In file include...anidbapi.cpp:2::String) [], RemoteException
    + FullyQualifiedErrorId : NativeCommandError
 
C:\v\Sources\Usagi-dono\usagi\src\anidbapi.h:4:10: warning: Module QtNetwork should not be included directly [-Wclazy-no-module-include]
    4 | #include <QtNetwork>
      |          ^
In file included from C:\v\Sources\Usagi-dono\usagi\src\anidbapi.cpp:2:
In file included from C:\v\Sources\Usagi-dono\usagi\src\anidbapi.h:4:
In file included from C:/Qt/6.8.3/llvm-mingw_64/include/QtNetwork\QtNetwork:3:
In file included from C:/Qt/6.8.3/llvm-mingw_64/include\QtNetwork/QtNetworkDepends:3:
In file included from C:/Qt/6.8.3/llvm-mingw_64/include\QtCore/QtCore:4:
C:/Qt/6.8.3/llvm-mingw_64/include\QtCore\qglobal.h:13:12: fatal error: 'type_traits' file not found
   13 | #  include <type_traits>
      |            ^~~~~~~~~~~~~
1 warning and 1 error generated.
Error while processing C:\v\Sources\Usagi-dono\usagi\src\anidbapi.cpp.
In file included from C:\v\Sources\Usagi-dono\usagi\src\anidbapi.cpp:2:
C:\v\Sources\Usagi-dono\usagi\src\anidbapi.h:4:10: warning: Module QtNetwork should not be included directly [-Wclazy-no-module-include]
    4 | #include <QtNetwork>
      |          ^
In file included from C:\v\Sources\Usagi-dono\usagi\src\anidbapi.cpp:2:
In file included from C:\v\Sources\Usagi-dono\usagi\src\anidbapi.h:4:
In file included from C:/Qt/6.8.3/llvm-mingw_64/include/QtNetwork\QtNetwork:3:
In file included from C:/Qt/6.8.3/llvm-mingw_64/include\QtNetwork/QtNetworkDepends:3:
In file included from C:/Qt/6.8.3/llvm-mingw_64/include\QtCore/QtCore:4:
C:/Qt/6.8.3/llvm-mingw_64/include\QtCore\qglobal.h:13:12: fatal error: 'type_traits' file not found
   13 | #  include <type_traits>
      |            ^~~~~~~~~~~~~
1 warning and 1 error generated.
Error while processing C:\v\Sources\Usagi-dono\usagi\src\anidbapi.cpp.
In file included from C:\v\Sources\Usagi-dono\usagi\src\anidbapi.cpp:2:
C:\v\Sources\Usagi-dono\usagi\src\anidbapi.h:4:10: warning: Module QtNetwork should not be included directly [-Wclazy-no-module-include]
    4 | #include <QtNetwork>
      |          ^
In file included from C:\v\Sources\Usagi-dono\usagi\src\anidbapi.cpp:2:
In file included from C:\v\Sources\Usagi-dono\usagi\src\anidbapi.h:4:
In file included from C:/Qt/6.8.3/llvm-mingw_64/include/QtNetwork\QtNetwork:3:
In file included from C:/Qt/6.8.3/llvm-mingw_64/include\QtNetwork/QtNetworkDepends:3:
In file included from C:/Qt/6.8.3/llvm-mingw_64/include\QtCore/QtCore:4:
C:/Qt/6.8.3/llvm-mingw_64/include\QtCore\qglobal.h:13:12: fatal error: 'type_traits' file not found
   13 | #  include <type_traits>
      |            ^~~~~~~~~~~~~
1 warning and 1 error generated.
Error while processing C:\v\Sources\Usagi-dono\usagi\src\anidbapi.cpp.
In file included from C:\v\Sources\Usagi-dono\usagi\src\anidbapi.cpp:2:
C:\v\Sources\Usagi-dono\usagi\src\anidbapi.h:4:10: warning: Module QtNetwork should not be included directly [-Wclazy-no-module-include]
    4 | #include <QtNetwork>
      |          ^
In file included from C:\v\Sources\Usagi-dono\usagi\src\anidbapi.cpp:2:
In file included from C:\v\Sources\Usagi-dono\usagi\src\anidbapi.h:4:
In file included from C:/Qt/6.8.3/llvm-mingw_64/include/QtNetwork\QtNetwork:3:
In file included from C:/Qt/6.8.3/llvm-mingw_64/include\QtNetwork/QtNetworkDepends:3:
In file included from C:/Qt/6.8.3/llvm-mingw_64/include\QtCore/QtCore:4:
C:/Qt/6.8.3/llvm-mingw_64/include\QtCore\qglobal.h:13:12: fatal error: 'type_traits' file not found
   13 | #  include <type_traits>
      |            ^~~~~~~~~~~~~
1 warning and 1 error generated.
Error while processing C:\v\Sources\Usagi-dono\usagi\src\anidbapi.cpp.
In file included from C:\v\Sources\Usagi-dono\usagi\src\anidbapi.cpp:2:
C:\v\Sources\Usagi-dono\usagi\src\anidbapi.h:4:10: warning: Module QtNetwork should not be included directly [-Wclazy-no-module-include]
    4 | #include <QtNetwork>
      |          ^
In file included from C:\v\Sources\Usagi-dono\usagi\src\anidbapi.cpp:2:
In file included from C:\v\Sources\Usagi-dono\usagi\src\anidbapi.h:4:
In file included from C:/Qt/6.8.3/llvm-mingw_64/include/QtNetwork\QtNetwork:3:
In file included from C:/Qt/6.8.3/llvm-mingw_64/include\QtNetwork/QtNetworkDepends:3:
In file included from C:/Qt/6.8.3/llvm-mingw_64/include\QtCore/QtCore:4:
C:/Qt/6.8.3/llvm-mingw_64/include\QtCore\qglobal.h:13:12: fatal error: 'type_traits' file not found
   13 | #  include <type_traits>
      |            ^~~~~~~~~~~~~
1 warning and 1 error generated.
Error while processing C:\v\Sources\Usagi-dono\usagi\src\anidbapi.cpp.
In file included from C:\v\Sources\Usagi-dono\usagi\src\anidbapi.cpp:2:
C:\v\Sources\Usagi-dono\usagi\src\anidbapi.h:4:10: warning: Module QtNetwork should not be included directly [-Wclazy-no-module-include]
    4 | #include <QtNetwork>
      |          ^
In file included from C:\v\Sources\Usagi-dono\usagi\src\anidbapi.cpp:2:
In file included from C:\v\Sources\Usagi-dono\usagi\src\anidbapi.h:4:
In file included from C:/Qt/6.8.3/llvm-mingw_64/include/QtNetwork\QtNetwork:3:
In file included from C:/Qt/6.8.3/llvm-mingw_64/include\QtNetwork/QtNetworkDepends:3:
In file included from C:/Qt/6.8.3/llvm-mingw_64/include\QtCore/QtCore:4:
C:/Qt/6.8.3/llvm-mingw_64/include\QtCore\qglobal.h:13:12: fatal error: 'type_traits' file not found
   13 | #  include <type_traits>
      |            ^~~~~~~~~~~~~
1 warning and 1 error generated.
Error while processing C:\v\Sources\Usagi-dono\usagi\src\anidbapi.cpp.
In file included from C:\v\Sources\Usagi-dono\usagi\src\anidbapi.cpp:2:
C:\v\Sources\Usagi-dono\usagi\src\anidbapi.h:4:10: warning: Module QtNetwork should not be included directly [-Wclazy-no-module-include]
    4 | #include <QtNetwork>
      |          ^
In file included from C:\v\Sources\Usagi-dono\usagi\src\anidbapi.cpp:2:
In file included from C:\v\Sources\Usagi-dono\usagi\src\anidbapi.h:4:
In file included from C:/Qt/6.8.3/llvm-mingw_64/include/QtNetwork\QtNetwork:3:
In file included from C:/Qt/6.8.3/llvm-mingw_64/include\QtNetwork/QtNetworkDepends:3:
In file included from C:/Qt/6.8.3/llvm-mingw_64/include\QtCore/QtCore:4:
C:/Qt/6.8.3/llvm-mingw_64/include\QtCore\qglobal.h:13:12: fatal error: 'type_traits' file not found
   13 | #  include <type_traits>
      |            ^~~~~~~~~~~~~
1 warning and 1 error generated.
Error while processing C:\v\Sources\Usagi-dono\usagi\src\anidbapi.cpp.
In file included from C:\v\Sources\Usagi-dono\usagi\src\anidbapi.cpp:2:
C:\v\Sources\Usagi-dono\usagi\src\anidbapi.h:4:10: warning: Module QtNetwork should not be included directly [-Wclazy-no-module-include]
    4 | #include <QtNetwork>
      |          ^
In file included from C:\v\Sources\Usagi-dono\usagi\src\anidbapi.cpp:2:
In file included from C:\v\Sources\Usagi-dono\usagi\src\anidbapi.h:4:
In file included from C:/Qt/6.8.3/llvm-mingw_64/include/QtNetwork\QtNetwork:3:
In file included from C:/Qt/6.8.3/llvm-mingw_64/include\QtNetwork/QtNetworkDepends:3:
In file included from C:/Qt/6.8.3/llvm-mingw_64/include\QtCore/QtCore:4:
C:/Qt/6.8.3/llvm-mingw_64/include\QtCore\qglobal.h:13:12: fatal error: 'type_traits' file not found
   13 | #  include <type_traits>
      |            ^~~~~~~~~~~~~
1 warning and 1 error generated.
Error while processing C:\v\Sources\Usagi-dono\usagi\src\anidbapi.cpp.
In file included from C:\v\Sources\Usagi-dono\usagi\src\anidbapi.cpp:2:
C:\v\Sources\Usagi-dono\usagi\src\anidbapi.h:4:10: warning: Module QtNetwork should not be included directly [-Wclazy-no-module-include]
    4 | #include <QtNetwork>
      |          ^
In file included from C:\v\Sources\Usagi-dono\usagi\src\anidbapi.cpp:2:
In file included from C:\v\Sources\Usagi-dono\usagi\src\anidbapi.h:4:
In file included from C:/Qt/6.8.3/llvm-mingw_64/include/QtNetwork\QtNetwork:3:
In file included from C:/Qt/6.8.3/llvm-mingw_64/include\QtNetwork/QtNetworkDepends:3:
In file included from C:/Qt/6.8.3/llvm-mingw_64/include\QtCore/QtCore:4:
C:/Qt/6.8.3/llvm-mingw_64/include\QtCore\qglobal.h:13:12: fatal error: 'type_traits' file not found
   13 | #  include <type_traits>
      |            ^~~~~~~~~~~~~
1 warning and 1 error generated.
Error while processing C:\v\Sources\Usagi-dono\usagi\src\anidbapi.cpp.
In file included from C:\v\Sources\Usagi-dono\usagi\src\anidbapi.cpp:2:
C:\v\Sources\Usagi-dono\usagi\src\anidbapi.h:4:10: warning: Module QtNetwork should not be included directly [-Wclazy-no-module-include]
    4 | #include <QtNetwork>
      |          ^
In file included from C:\v\Sources\Usagi-dono\usagi\src\anidbapi.cpp:2:
In file included from C:\v\Sources\Usagi-dono\usagi\src\anidbapi.h:4:
In file included from C:/Qt/6.8.3/llvm-mingw_64/include/QtNetwork\QtNetwork:3:
In file included from C:/Qt/6.8.3/llvm-mingw_64/include\QtNetwork/QtNetworkDepends:3:
In file included from C:/Qt/6.8.3/llvm-mingw_64/include\QtCore/QtCore:4:
C:/Qt/6.8.3/llvm-mingw_64/include\QtCore\qglobal.h:13:12: fatal error: 'type_traits' file not found
   13 | #  include <type_traits>
      |            ^~~~~~~~~~~~~
1 warning and 1 error generated.
Error while processing C:\v\Sources\Usagi-dono\usagi\src\anidbapi.cpp.
In file included from C:\v\Sources\Usagi-dono\usagi\src\anidbapi.cpp:2:
C:\v\Sources\Usagi-dono\usagi\src\anidbapi.h:4:10: warning: Module QtNetwork should not be included directly [-Wclazy-no-module-include]
    4 | #include <QtNetwork>
      |          ^
In file included from C:\v\Sources\Usagi-dono\usagi\src\anidbapi.cpp:2:
In file included from C:\v\Sources\Usagi-dono\usagi\src\anidbapi.h:4:
In file included from C:/Qt/6.8.3/llvm-mingw_64/include/QtNetwork\QtNetwork:3:
In file included from C:/Qt/6.8.3/llvm-mingw_64/include\QtNetwork/QtNetworkDepends:3:
In file included from C:/Qt/6.8.3/llvm-mingw_64/include\QtCore/QtCore:4:
C:/Qt/6.8.3/llvm-mingw_64/include\QtCore\qglobal.h:13:12: fatal error: 'type_traits' file not found
   13 | #  include <type_traits>
      |            ^~~~~~~~~~~~~
1 warning and 1 error generated.
Error while processing C:\v\Sources\Usagi-dono\usagi\src\anidbapi.cpp.
In file included from C:\v\Sources\Usagi-dono\usagi\src\anidbapi.cpp:2:
C:\v\Sources\Usagi-dono\usagi\src\anidbapi.h:4:10: warning: Module QtNetwork should not be included directly [-Wclazy-no-module-include]
    4 | #include <QtNetwork>
      |          ^
In file included from C:\v\Sources\Usagi-dono\usagi\src\anidbapi.cpp:2:
In file included from C:\v\Sources\Usagi-dono\usagi\src\anidbapi.h:4:
In file included from C:/Qt/6.8.3/llvm-mingw_64/include/QtNetwork\QtNetwork:3:
In file included from C:/Qt/6.8.3/llvm-mingw_64/include\QtNetwork/QtNetworkDepends:3:
In file included from C:/Qt/6.8.3/llvm-mingw_64/include\QtCore/QtCore:4:
C:/Qt/6.8.3/llvm-mingw_64/include\QtCore\qglobal.h:13:12: fatal error: 'type_traits' file not found
   13 | #  include <type_traits>
      |            ^~~~~~~~~~~~~
1 warning and 1 error generated.
Error while processing C:\v\Sources\Usagi-dono\usagi\src\anidbapi.cpp.
In file included from C:\v\Sources\Usagi-dono\usagi\src\anidbapi.cpp:2:
C:\v\Sources\Usagi-dono\usagi\src\anidbapi.h:4:10: warning: Module QtNetwork should not be included directly [-Wclazy-no-module-include]
    4 | #include <QtNetwork>
      |          ^
In file included from C:\v\Sources\Usagi-dono\usagi\src\anidbapi.cpp:2:
In file included from C:\v\Sources\Usagi-dono\usagi\src\anidbapi.h:4:
In file included from C:/Qt/6.8.3/llvm-mingw_64/include/QtNetwork\QtNetwork:3:
In file included from C:/Qt/6.8.3/llvm-mingw_64/include\QtNetwork/QtNetworkDepends:3:
In file included from C:/Qt/6.8.3/llvm-mingw_64/include\QtCore/QtCore:4:
C:/Qt/6.8.3/llvm-mingw_64/include\QtCore\qglobal.h:13:12: fatal error: 'type_traits' file not found
   13 | #  include <type_traits>
      |            ^~~~~~~~~~~~~
1 warning and 1 error generated.
Error while processing C:\v\Sources\Usagi-dono\usagi\src\anidbapi.cpp.
In file included from C:\v\Sources\Usagi-dono\usagi\src\anidbapi.cpp:2:
C:\v\Sources\Usagi-dono\usagi\src\anidbapi.h:4:10: warning: Module QtNetwork should not be included directly [-Wclazy-no-module-include]
    4 | #include <QtNetwork>
      |          ^
In file included from C:\v\Sources\Usagi-dono\usagi\src\anidbapi.cpp:2:
In file included from C:\v\Sources\Usagi-dono\usagi\src\anidbapi.h:4:
In file included from C:/Qt/6.8.3/llvm-mingw_64/include/QtNetwork\QtNetwork:3:
In file included from C:/Qt/6.8.3/llvm-mingw_64/include\QtNetwork/QtNetworkDepends:3:
In file included from C:/Qt/6.8.3/llvm-mingw_64/include\QtCore/QtCore:4:
C:/Qt/6.8.3/llvm-mingw_64/include\QtCore\qglobal.h:13:12: fatal error: 'type_traits' file not found
   13 | #  include <type_traits>
      |            ^~~~~~~~~~~~~
1 warning and 1 error generated.
Error while processing C:\v\Sources\Usagi-dono\usagi\src\anidbapi.cpp.
In file included from C:\v\Sources\Usagi-dono\usagi\src\anidbapi.cpp:2:
C:\v\Sources\Usagi-dono\usagi\src\anidbapi.h:4:10: warning: Module QtNetwork should not be included directly [-Wclazy-no-module-include]
    4 | #include <QtNetwork>
      |          ^
In file included from C:\v\Sources\Usagi-dono\usagi\src\anidbapi.cpp:2:
In file included from C:\v\Sources\Usagi-dono\usagi\src\anidbapi.h:4:
In file included from C:/Qt/6.8.3/llvm-mingw_64/include/QtNetwork\QtNetwork:3:
In file included from C:/Qt/6.8.3/llvm-mingw_64/include\QtNetwork/QtNetworkDepends:3:
In file included from C:/Qt/6.8.3/llvm-mingw_64/include\QtCore/QtCore:4:
C:/Qt/6.8.3/llvm-mingw_64/include\QtCore\qglobal.h:13:12: fatal error: 'type_traits' file not found
   13 | #  include <type_traits>
      |            ^~~~~~~~~~~~~
1 warning and 1 error generated.
Error while processing C:\v\Sources\Usagi-dono\usagi\src\anidbapi.cpp.
In file included from C:\v\Sources\Usagi-dono\usagi\src\anidbapi.cpp:2:
C:\v\Sources\Usagi-dono\usagi\src\anidbapi.h:4:10: warning: Module QtNetwork should not be included directly [-Wclazy-no-module-include]
    4 | #include <QtNetwork>
      |          ^
In file included from C:\v\Sources\Usagi-dono\usagi\src\anidbapi.cpp:2:
In file included from C:\v\Sources\Usagi-dono\usagi\src\anidbapi.h:4:
In file included from C:/Qt/6.8.3/llvm-mingw_64/include/QtNetwork\QtNetwork:3:
In file included from C:/Qt/6.8.3/llvm-mingw_64/include\QtNetwork/QtNetworkDepends:3:
In file included from C:/Qt/6.8.3/llvm-mingw_64/include\QtCore/QtCore:4:
C:/Qt/6.8.3/llvm-mingw_64/include\QtCore\qglobal.h:13:12: fatal error: 'type_traits' file not found
   13 | #  include <type_traits>
      |            ^~~~~~~~~~~~~
1 warning and 1 error generated.
Error while processing C:\v\Sources\Usagi-dono\usagi\src\anidbapi.cpp.
In file included from C:\v\Sources\Usagi-dono\usagi\src\anidbapi.cpp:2:
C:\v\Sources\Usagi-dono\usagi\src\anidbapi.h:4:10: warning: Module QtNetwork should not be included directly [-Wclazy-no-module-include]
    4 | #include <QtNetwork>
      |          ^
In file included from C:\v\Sources\Usagi-dono\usagi\src\anidbapi.cpp:2:
In file included from C:\v\Sources\Usagi-dono\usagi\src\anidbapi.h:4:
In file included from C:/Qt/6.8.3/llvm-mingw_64/include/QtNetwork\QtNetwork:3:
In file included from C:/Qt/6.8.3/llvm-mingw_64/include\QtNetwork/QtNetworkDepends:3:
In file included from C:/Qt/6.8.3/llvm-mingw_64/include\QtCore/QtCore:4:
C:/Qt/6.8.3/llvm-mingw_64/include\QtCore\qglobal.h:13:12: fatal error: 'type_traits' file not found
   13 | #  include <type_traits>
      |            ^~~~~~~~~~~~~
1 warning and 1 error generated.
Error while processing C:\v\Sources\Usagi-dono\usagi\src\anidbapi.cpp.
In file included from C:\v\Sources\Usagi-dono\usagi\src\anidbapi.cpp:2:
C:\v\Sources\Usagi-dono\usagi\src\anidbapi.h:4:10: warning: Module QtNetwork should not be included directly [-Wclazy-no-module-include]
    4 | #include <QtNetwork>
      |          ^
In file included from C:\v\Sources\Usagi-dono\usagi\src\anidbapi.cpp:2:
In file included from C:\v\Sources\Usagi-dono\usagi\src\anidbapi.h:4:
In file included from C:/Qt/6.8.3/llvm-mingw_64/include/QtNetwork\QtNetwork:3:
In file included from C:/Qt/6.8.3/llvm-mingw_64/include\QtNetwork/QtNetworkDepends:3:
In file included from C:/Qt/6.8.3/llvm-mingw_64/include\QtCore/QtCore:4:
C:/Qt/6.8.3/llvm-mingw_64/include\QtCore\qglobal.h:13:12: fatal error: 'type_traits' file not found
   13 | #  include <type_traits>
      |            ^~~~~~~~~~~~~
1 warning and 1 error generated.
Error while processing C:\v\Sources\Usagi-dono\usagi\src\anidbapi.cpp.
In file included from C:\v\Sources\Usagi-dono\usagi\src\anidbapi.cpp:2:
C:\v\Sources\Usagi-dono\usagi\src\anidbapi.h:4:10: warning: Module QtNetwork should not be included directly [-Wclazy-no-module-include]
    4 | #include <QtNetwork>
      |          ^
In file included from C:\v\Sources\Usagi-dono\usagi\src\anidbapi.cpp:2:
In file included from C:\v\Sources\Usagi-dono\usagi\src\anidbapi.h:4:
In file included from C:/Qt/6.8.3/llvm-mingw_64/include/QtNetwork\QtNetwork:3:
In file included from C:/Qt/6.8.3/llvm-mingw_64/include\QtNetwork/QtNetworkDepends:3:
In file included from C:/Qt/6.8.3/llvm-mingw_64/include\QtCore/QtCore:4:
C:/Qt/6.8.3/llvm-mingw_64/include\QtCore\qglobal.h:13:12: fatal error: 'type_traits' file not found
   13 | #  include <type_traits>
      |            ^~~~~~~~~~~~~
1 warning and 1 error generated.
Error while processing C:\v\Sources\Usagi-dono\usagi\src\anidbapi.cpp.
In file included from C:\v\Sources\Usagi-dono\usagi\src\anidbapi.cpp:2:
C:\v\Sources\Usagi-dono\usagi\src\anidbapi.h:4:10: warning: Module QtNetwork should not be included directly [-Wclazy-no-module-include]
    4 | #include <QtNetwork>
      |          ^
In file included from C:\v\Sources\Usagi-dono\usagi\src\anidbapi.cpp:2:
In file included from C:\v\Sources\Usagi-dono\usagi\src\anidbapi.h:4:
In file included from C:/Qt/6.8.3/llvm-mingw_64/include/QtNetwork\QtNetwork:3:
In file included from C:/Qt/6.8.3/llvm-mingw_64/include\QtNetwork/QtNetworkDepends:3:
In file included from C:/Qt/6.8.3/llvm-mingw_64/include\QtCore/QtCore:4:
C:/Qt/6.8.3/llvm-mingw_64/include\QtCore\qglobal.h:13:12: fatal error: 'type_traits' file not found
   13 | #  include <type_traits>
      |            ^~~~~~~~~~~~~
1 warning and 1 error generated.
Error while processing C:\v\Sources\Usagi-dono\usagi\src\anidbapi.cpp.
clazy-standalone.exe : C:\v\Sources\Usagi-dono\usagi\src\anidbapi.h:4:10: warning: Module QtNetwork should not be included directly [-Wclazy-no-module-include]
At C:\v\clazy.ps1:53 char:5
+     & $ClazyPath -p $BuildDir $File.FullName 2>&1 |
+     ~~~~~~~~~~~~~~~~~~~~~~~~~~~~~~~~~~~~~~~~~~~~~
    + CategoryInfo          : NotSpecified: (C:\v\Sources\Us...module-include]:String) [], RemoteException
    + FullyQualifiedErrorId : NativeCommandError
 
    4 | #include <QtNetwork>
      |          ^
In file included from C:\v\Sources\Usagi-dono\usagi\src\anidbapi.h:4:
In file included from C:/Qt/6.8.3/llvm-mingw_64/include/QtNetwork\QtNetwork:3:
In file included from C:/Qt/6.8.3/llvm-mingw_64/include\QtNetwork/QtNetworkDepends:3:
In file included from C:/Qt/6.8.3/llvm-mingw_64/include\QtCore/QtCore:4:
C:/Qt/6.8.3/llvm-mingw_64/include\QtCore\qglobal.h:13:12: fatal error: 'type_traits' file not found
   13 | #  include <type_traits>
      |            ^~~~~~~~~~~~~
1 warning and 1 error generated.
Error while processing C:\v\Sources\Usagi-dono\usagi\src\anidbapi.h.
clazy-standalone.exe : In file included from C:\v\Sources\Usagi-dono\usagi\src\anidbapi_settings.cpp:1:
At C:\v\clazy.ps1:53 char:5
+     & $ClazyPath -p $BuildDir $File.FullName 2>&1 |
+     ~~~~~~~~~~~~~~~~~~~~~~~~~~~~~~~~~~~~~~~~~~~~~
    + CategoryInfo          : NotSpecified: (In file include...settings.cpp:1::String) [], RemoteException
    + FullyQualifiedErrorId : NativeCommandError
 
C:\v\Sources\Usagi-dono\usagi\src\anidbapi.h:4:10: warning: Module QtNetwork should not be included directly [-Wclazy-no-module-include]
    4 | #include <QtNetwork>
      |          ^
In file included from C:\v\Sources\Usagi-dono\usagi\src\anidbapi_settings.cpp:1:
In file included from C:\v\Sources\Usagi-dono\usagi\src\anidbapi.h:4:
In file included from C:/Qt/6.8.3/llvm-mingw_64/include/QtNetwork\QtNetwork:3:
In file included from C:/Qt/6.8.3/llvm-mingw_64/include\QtNetwork/QtNetworkDepends:3:
In file included from C:/Qt/6.8.3/llvm-mingw_64/include\QtCore/QtCore:4:
C:/Qt/6.8.3/llvm-mingw_64/include\QtCore\qglobal.h:13:12: fatal error: 'type_traits' file not found
   13 | #  include <type_traits>
      |            ^~~~~~~~~~~~~
1 warning and 1 error generated.
Error while processing C:\v\Sources\Usagi-dono\usagi\src\anidbapi_settings.cpp.
In file included from C:\v\Sources\Usagi-dono\usagi\src\anidbapi_settings.cpp:1:
C:\v\Sources\Usagi-dono\usagi\src\anidbapi.h:4:10: warning: Module QtNetwork should not be included directly [-Wclazy-no-module-include]
    4 | #include <QtNetwork>
      |          ^
In file included from C:\v\Sources\Usagi-dono\usagi\src\anidbapi_settings.cpp:1:
In file included from C:\v\Sources\Usagi-dono\usagi\src\anidbapi.h:4:
In file included from C:/Qt/6.8.3/llvm-mingw_64/include/QtNetwork\QtNetwork:3:
In file included from C:/Qt/6.8.3/llvm-mingw_64/include\QtNetwork/QtNetworkDepends:3:
In file included from C:/Qt/6.8.3/llvm-mingw_64/include\QtCore/QtCore:4:
C:/Qt/6.8.3/llvm-mingw_64/include\QtCore\qglobal.h:13:12: fatal error: 'type_traits' file not found
   13 | #  include <type_traits>
      |            ^~~~~~~~~~~~~
1 warning and 1 error generated.
Error while processing C:\v\Sources\Usagi-dono\usagi\src\anidbapi_settings.cpp.
In file included from C:\v\Sources\Usagi-dono\usagi\src\anidbapi_settings.cpp:1:
C:\v\Sources\Usagi-dono\usagi\src\anidbapi.h:4:10: warning: Module QtNetwork should not be included directly [-Wclazy-no-module-include]
    4 | #include <QtNetwork>
      |          ^
In file included from C:\v\Sources\Usagi-dono\usagi\src\anidbapi_settings.cpp:1:
In file included from C:\v\Sources\Usagi-dono\usagi\src\anidbapi.h:4:
In file included from C:/Qt/6.8.3/llvm-mingw_64/include/QtNetwork\QtNetwork:3:
In file included from C:/Qt/6.8.3/llvm-mingw_64/include\QtNetwork/QtNetworkDepends:3:
In file included from C:/Qt/6.8.3/llvm-mingw_64/include\QtCore/QtCore:4:
C:/Qt/6.8.3/llvm-mingw_64/include\QtCore\qglobal.h:13:12: fatal error: 'type_traits' file not found
   13 | #  include <type_traits>
      |            ^~~~~~~~~~~~~
1 warning and 1 error generated.
Error while processing C:\v\Sources\Usagi-dono\usagi\src\anidbapi_settings.cpp.
In file included from C:\v\Sources\Usagi-dono\usagi\src\anidbapi_settings.cpp:1:
C:\v\Sources\Usagi-dono\usagi\src\anidbapi.h:4:10: warning: Module QtNetwork should not be included directly [-Wclazy-no-module-include]
    4 | #include <QtNetwork>
      |          ^
In file included from C:\v\Sources\Usagi-dono\usagi\src\anidbapi_settings.cpp:1:
In file included from C:\v\Sources\Usagi-dono\usagi\src\anidbapi.h:4:
In file included from C:/Qt/6.8.3/llvm-mingw_64/include/QtNetwork\QtNetwork:3:
In file included from C:/Qt/6.8.3/llvm-mingw_64/include\QtNetwork/QtNetworkDepends:3:
In file included from C:/Qt/6.8.3/llvm-mingw_64/include\QtCore/QtCore:4:
C:/Qt/6.8.3/llvm-mingw_64/include\QtCore\qglobal.h:13:12: fatal error: 'type_traits' file not found
   13 | #  include <type_traits>
      |            ^~~~~~~~~~~~~
1 warning and 1 error generated.
Error while processing C:\v\Sources\Usagi-dono\usagi\src\anidbapi_settings.cpp.
In file included from C:\v\Sources\Usagi-dono\usagi\src\anidbapi_settings.cpp:1:
C:\v\Sources\Usagi-dono\usagi\src\anidbapi.h:4:10: warning: Module QtNetwork should not be included directly [-Wclazy-no-module-include]
    4 | #include <QtNetwork>
      |          ^
In file included from C:\v\Sources\Usagi-dono\usagi\src\anidbapi_settings.cpp:1:
In file included from C:\v\Sources\Usagi-dono\usagi\src\anidbapi.h:4:
In file included from C:/Qt/6.8.3/llvm-mingw_64/include/QtNetwork\QtNetwork:3:
In file included from C:/Qt/6.8.3/llvm-mingw_64/include\QtNetwork/QtNetworkDepends:3:
In file included from C:/Qt/6.8.3/llvm-mingw_64/include\QtCore/QtCore:4:
C:/Qt/6.8.3/llvm-mingw_64/include\QtCore\qglobal.h:13:12: fatal error: 'type_traits' file not found
   13 | #  include <type_traits>
      |            ^~~~~~~~~~~~~
1 warning and 1 error generated.
Error while processing C:\v\Sources\Usagi-dono\usagi\src\anidbapi_settings.cpp.
In file included from C:\v\Sources\Usagi-dono\usagi\src\anidbapi_settings.cpp:1:
C:\v\Sources\Usagi-dono\usagi\src\anidbapi.h:4:10: warning: Module QtNetwork should not be included directly [-Wclazy-no-module-include]
    4 | #include <QtNetwork>
      |          ^
In file included from C:\v\Sources\Usagi-dono\usagi\src\anidbapi_settings.cpp:1:
In file included from C:\v\Sources\Usagi-dono\usagi\src\anidbapi.h:4:
In file included from C:/Qt/6.8.3/llvm-mingw_64/include/QtNetwork\QtNetwork:3:
In file included from C:/Qt/6.8.3/llvm-mingw_64/include\QtNetwork/QtNetworkDepends:3:
In file included from C:/Qt/6.8.3/llvm-mingw_64/include\QtCore/QtCore:4:
C:/Qt/6.8.3/llvm-mingw_64/include\QtCore\qglobal.h:13:12: fatal error: 'type_traits' file not found
   13 | #  include <type_traits>
      |            ^~~~~~~~~~~~~
1 warning and 1 error generated.
Error while processing C:\v\Sources\Usagi-dono\usagi\src\anidbapi_settings.cpp.
In file included from C:\v\Sources\Usagi-dono\usagi\src\anidbapi_settings.cpp:1:
C:\v\Sources\Usagi-dono\usagi\src\anidbapi.h:4:10: warning: Module QtNetwork should not be included directly [-Wclazy-no-module-include]
    4 | #include <QtNetwork>
      |          ^
In file included from C:\v\Sources\Usagi-dono\usagi\src\anidbapi_settings.cpp:1:
In file included from C:\v\Sources\Usagi-dono\usagi\src\anidbapi.h:4:
In file included from C:/Qt/6.8.3/llvm-mingw_64/include/QtNetwork\QtNetwork:3:
In file included from C:/Qt/6.8.3/llvm-mingw_64/include\QtNetwork/QtNetworkDepends:3:
In file included from C:/Qt/6.8.3/llvm-mingw_64/include\QtCore/QtCore:4:
C:/Qt/6.8.3/llvm-mingw_64/include\QtCore\qglobal.h:13:12: fatal error: 'type_traits' file not found
   13 | #  include <type_traits>
      |            ^~~~~~~~~~~~~
1 warning and 1 error generated.
Error while processing C:\v\Sources\Usagi-dono\usagi\src\anidbapi_settings.cpp.
In file included from C:\v\Sources\Usagi-dono\usagi\src\anidbapi_settings.cpp:1:
C:\v\Sources\Usagi-dono\usagi\src\anidbapi.h:4:10: warning: Module QtNetwork should not be included directly [-Wclazy-no-module-include]
    4 | #include <QtNetwork>
      |          ^
In file included from C:\v\Sources\Usagi-dono\usagi\src\anidbapi_settings.cpp:1:
In file included from C:\v\Sources\Usagi-dono\usagi\src\anidbapi.h:4:
In file included from C:/Qt/6.8.3/llvm-mingw_64/include/QtNetwork\QtNetwork:3:
In file included from C:/Qt/6.8.3/llvm-mingw_64/include\QtNetwork/QtNetworkDepends:3:
In file included from C:/Qt/6.8.3/llvm-mingw_64/include\QtCore/QtCore:4:
C:/Qt/6.8.3/llvm-mingw_64/include\QtCore\qglobal.h:13:12: fatal error: 'type_traits' file not found
   13 | #  include <type_traits>
      |            ^~~~~~~~~~~~~
1 warning and 1 error generated.
Error while processing C:\v\Sources\Usagi-dono\usagi\src\anidbapi_settings.cpp.
In file included from C:\v\Sources\Usagi-dono\usagi\src\anidbapi_settings.cpp:1:
C:\v\Sources\Usagi-dono\usagi\src\anidbapi.h:4:10: warning: Module QtNetwork should not be included directly [-Wclazy-no-module-include]
    4 | #include <QtNetwork>
      |          ^
In file included from C:\v\Sources\Usagi-dono\usagi\src\anidbapi_settings.cpp:1:
In file included from C:\v\Sources\Usagi-dono\usagi\src\anidbapi.h:4:
In file included from C:/Qt/6.8.3/llvm-mingw_64/include/QtNetwork\QtNetwork:3:
In file included from C:/Qt/6.8.3/llvm-mingw_64/include\QtNetwork/QtNetworkDepends:3:
In file included from C:/Qt/6.8.3/llvm-mingw_64/include\QtCore/QtCore:4:
C:/Qt/6.8.3/llvm-mingw_64/include\QtCore\qglobal.h:13:12: fatal error: 'type_traits' file not found
   13 | #  include <type_traits>
      |            ^~~~~~~~~~~~~
1 warning and 1 error generated.
Error while processing C:\v\Sources\Usagi-dono\usagi\src\anidbapi_settings.cpp.
In file included from C:\v\Sources\Usagi-dono\usagi\src\anidbapi_settings.cpp:1:
C:\v\Sources\Usagi-dono\usagi\src\anidbapi.h:4:10: warning: Module QtNetwork should not be included directly [-Wclazy-no-module-include]
    4 | #include <QtNetwork>
      |          ^
In file included from C:\v\Sources\Usagi-dono\usagi\src\anidbapi_settings.cpp:1:
In file included from C:\v\Sources\Usagi-dono\usagi\src\anidbapi.h:4:
In file included from C:/Qt/6.8.3/llvm-mingw_64/include/QtNetwork\QtNetwork:3:
In file included from C:/Qt/6.8.3/llvm-mingw_64/include\QtNetwork/QtNetworkDepends:3:
In file included from C:/Qt/6.8.3/llvm-mingw_64/include\QtCore/QtCore:4:
C:/Qt/6.8.3/llvm-mingw_64/include\QtCore\qglobal.h:13:12: fatal error: 'type_traits' file not found
   13 | #  include <type_traits>
      |            ^~~~~~~~~~~~~
1 warning and 1 error generated.
Error while processing C:\v\Sources\Usagi-dono\usagi\src\anidbapi_settings.cpp.
In file included from C:\v\Sources\Usagi-dono\usagi\src\anidbapi_settings.cpp:1:
C:\v\Sources\Usagi-dono\usagi\src\anidbapi.h:4:10: warning: Module QtNetwork should not be included directly [-Wclazy-no-module-include]
    4 | #include <QtNetwork>
      |          ^
In file included from C:\v\Sources\Usagi-dono\usagi\src\anidbapi_settings.cpp:1:
In file included from C:\v\Sources\Usagi-dono\usagi\src\anidbapi.h:4:
In file included from C:/Qt/6.8.3/llvm-mingw_64/include/QtNetwork\QtNetwork:3:
In file included from C:/Qt/6.8.3/llvm-mingw_64/include\QtNetwork/QtNetworkDepends:3:
In file included from C:/Qt/6.8.3/llvm-mingw_64/include\QtCore/QtCore:4:
C:/Qt/6.8.3/llvm-mingw_64/include\QtCore\qglobal.h:13:12: fatal error: 'type_traits' file not found
   13 | #  include <type_traits>
      |            ^~~~~~~~~~~~~
1 warning and 1 error generated.
Error while processing C:\v\Sources\Usagi-dono\usagi\src\anidbapi_settings.cpp.
In file included from C:\v\Sources\Usagi-dono\usagi\src\anidbapi_settings.cpp:1:
C:\v\Sources\Usagi-dono\usagi\src\anidbapi.h:4:10: warning: Module QtNetwork should not be included directly [-Wclazy-no-module-include]
    4 | #include <QtNetwork>
      |          ^
In file included from C:\v\Sources\Usagi-dono\usagi\src\anidbapi_settings.cpp:1:
In file included from C:\v\Sources\Usagi-dono\usagi\src\anidbapi.h:4:
In file included from C:/Qt/6.8.3/llvm-mingw_64/include/QtNetwork\QtNetwork:3:
In file included from C:/Qt/6.8.3/llvm-mingw_64/include\QtNetwork/QtNetworkDepends:3:
In file included from C:/Qt/6.8.3/llvm-mingw_64/include\QtCore/QtCore:4:
C:/Qt/6.8.3/llvm-mingw_64/include\QtCore\qglobal.h:13:12: fatal error: 'type_traits' file not found
   13 | #  include <type_traits>
      |            ^~~~~~~~~~~~~
1 warning and 1 error generated.
Error while processing C:\v\Sources\Usagi-dono\usagi\src\anidbapi_settings.cpp.
In file included from C:\v\Sources\Usagi-dono\usagi\src\anidbapi_settings.cpp:1:
C:\v\Sources\Usagi-dono\usagi\src\anidbapi.h:4:10: warning: Module QtNetwork should not be included directly [-Wclazy-no-module-include]
    4 | #include <QtNetwork>
      |          ^
In file included from C:\v\Sources\Usagi-dono\usagi\src\anidbapi_settings.cpp:1:
In file included from C:\v\Sources\Usagi-dono\usagi\src\anidbapi.h:4:
In file included from C:/Qt/6.8.3/llvm-mingw_64/include/QtNetwork\QtNetwork:3:
In file included from C:/Qt/6.8.3/llvm-mingw_64/include\QtNetwork/QtNetworkDepends:3:
In file included from C:/Qt/6.8.3/llvm-mingw_64/include\QtCore/QtCore:4:
C:/Qt/6.8.3/llvm-mingw_64/include\QtCore\qglobal.h:13:12: fatal error: 'type_traits' file not found
   13 | #  include <type_traits>
      |            ^~~~~~~~~~~~~
1 warning and 1 error generated.
Error while processing C:\v\Sources\Usagi-dono\usagi\src\anidbapi_settings.cpp.
In file included from C:\v\Sources\Usagi-dono\usagi\src\anidbapi_settings.cpp:1:
C:\v\Sources\Usagi-dono\usagi\src\anidbapi.h:4:10: warning: Module QtNetwork should not be included directly [-Wclazy-no-module-include]
    4 | #include <QtNetwork>
      |          ^
In file included from C:\v\Sources\Usagi-dono\usagi\src\anidbapi_settings.cpp:1:
In file included from C:\v\Sources\Usagi-dono\usagi\src\anidbapi.h:4:
In file included from C:/Qt/6.8.3/llvm-mingw_64/include/QtNetwork\QtNetwork:3:
In file included from C:/Qt/6.8.3/llvm-mingw_64/include\QtNetwork/QtNetworkDepends:3:
In file included from C:/Qt/6.8.3/llvm-mingw_64/include\QtCore/QtCore:4:
C:/Qt/6.8.3/llvm-mingw_64/include\QtCore\qglobal.h:13:12: fatal error: 'type_traits' file not found
   13 | #  include <type_traits>
      |            ^~~~~~~~~~~~~
1 warning and 1 error generated.
Error while processing C:\v\Sources\Usagi-dono\usagi\src\anidbapi_settings.cpp.
In file included from C:\v\Sources\Usagi-dono\usagi\src\anidbapi_settings.cpp:1:
C:\v\Sources\Usagi-dono\usagi\src\anidbapi.h:4:10: warning: Module QtNetwork should not be included directly [-Wclazy-no-module-include]
    4 | #include <QtNetwork>
      |          ^
In file included from C:\v\Sources\Usagi-dono\usagi\src\anidbapi_settings.cpp:1:
In file included from C:\v\Sources\Usagi-dono\usagi\src\anidbapi.h:4:
In file included from C:/Qt/6.8.3/llvm-mingw_64/include/QtNetwork\QtNetwork:3:
In file included from C:/Qt/6.8.3/llvm-mingw_64/include\QtNetwork/QtNetworkDepends:3:
In file included from C:/Qt/6.8.3/llvm-mingw_64/include\QtCore/QtCore:4:
C:/Qt/6.8.3/llvm-mingw_64/include\QtCore\qglobal.h:13:12: fatal error: 'type_traits' file not found
   13 | #  include <type_traits>
      |            ^~~~~~~~~~~~~
1 warning and 1 error generated.
Error while processing C:\v\Sources\Usagi-dono\usagi\src\anidbapi_settings.cpp.
In file included from C:\v\Sources\Usagi-dono\usagi\src\anidbapi_settings.cpp:1:
C:\v\Sources\Usagi-dono\usagi\src\anidbapi.h:4:10: warning: Module QtNetwork should not be included directly [-Wclazy-no-module-include]
    4 | #include <QtNetwork>
      |          ^
In file included from C:\v\Sources\Usagi-dono\usagi\src\anidbapi_settings.cpp:1:
In file included from C:\v\Sources\Usagi-dono\usagi\src\anidbapi.h:4:
In file included from C:/Qt/6.8.3/llvm-mingw_64/include/QtNetwork\QtNetwork:3:
In file included from C:/Qt/6.8.3/llvm-mingw_64/include\QtNetwork/QtNetworkDepends:3:
In file included from C:/Qt/6.8.3/llvm-mingw_64/include\QtCore/QtCore:4:
C:/Qt/6.8.3/llvm-mingw_64/include\QtCore\qglobal.h:13:12: fatal error: 'type_traits' file not found
   13 | #  include <type_traits>
      |            ^~~~~~~~~~~~~
1 warning and 1 error generated.
Error while processing C:\v\Sources\Usagi-dono\usagi\src\anidbapi_settings.cpp.
In file included from C:\v\Sources\Usagi-dono\usagi\src\anidbapi_settings.cpp:1:
C:\v\Sources\Usagi-dono\usagi\src\anidbapi.h:4:10: warning: Module QtNetwork should not be included directly [-Wclazy-no-module-include]
    4 | #include <QtNetwork>
      |          ^
In file included from C:\v\Sources\Usagi-dono\usagi\src\anidbapi_settings.cpp:1:
In file included from C:\v\Sources\Usagi-dono\usagi\src\anidbapi.h:4:
In file included from C:/Qt/6.8.3/llvm-mingw_64/include/QtNetwork\QtNetwork:3:
In file included from C:/Qt/6.8.3/llvm-mingw_64/include\QtNetwork/QtNetworkDepends:3:
In file included from C:/Qt/6.8.3/llvm-mingw_64/include\QtCore/QtCore:4:
C:/Qt/6.8.3/llvm-mingw_64/include\QtCore\qglobal.h:13:12: fatal error: 'type_traits' file not found
   13 | #  include <type_traits>
      |            ^~~~~~~~~~~~~
1 warning and 1 error generated.
Error while processing C:\v\Sources\Usagi-dono\usagi\src\anidbapi_settings.cpp.
In file included from C:\v\Sources\Usagi-dono\usagi\src\anidbapi_settings.cpp:1:
C:\v\Sources\Usagi-dono\usagi\src\anidbapi.h:4:10: warning: Module QtNetwork should not be included directly [-Wclazy-no-module-include]
    4 | #include <QtNetwork>
      |          ^
In file included from C:\v\Sources\Usagi-dono\usagi\src\anidbapi_settings.cpp:1:
In file included from C:\v\Sources\Usagi-dono\usagi\src\anidbapi.h:4:
In file included from C:/Qt/6.8.3/llvm-mingw_64/include/QtNetwork\QtNetwork:3:
In file included from C:/Qt/6.8.3/llvm-mingw_64/include\QtNetwork/QtNetworkDepends:3:
In file included from C:/Qt/6.8.3/llvm-mingw_64/include\QtCore/QtCore:4:
C:/Qt/6.8.3/llvm-mingw_64/include\QtCore\qglobal.h:13:12: fatal error: 'type_traits' file not found
   13 | #  include <type_traits>
      |            ^~~~~~~~~~~~~
1 warning and 1 error generated.
Error while processing C:\v\Sources\Usagi-dono\usagi\src\anidbapi_settings.cpp.
In file included from C:\v\Sources\Usagi-dono\usagi\src\anidbapi_settings.cpp:1:
C:\v\Sources\Usagi-dono\usagi\src\anidbapi.h:4:10: warning: Module QtNetwork should not be included directly [-Wclazy-no-module-include]
    4 | #include <QtNetwork>
      |          ^
In file included from C:\v\Sources\Usagi-dono\usagi\src\anidbapi_settings.cpp:1:
In file included from C:\v\Sources\Usagi-dono\usagi\src\anidbapi.h:4:
In file included from C:/Qt/6.8.3/llvm-mingw_64/include/QtNetwork\QtNetwork:3:
In file included from C:/Qt/6.8.3/llvm-mingw_64/include\QtNetwork/QtNetworkDepends:3:
In file included from C:/Qt/6.8.3/llvm-mingw_64/include\QtCore/QtCore:4:
C:/Qt/6.8.3/llvm-mingw_64/include\QtCore\qglobal.h:13:12: fatal error: 'type_traits' file not found
   13 | #  include <type_traits>
      |            ^~~~~~~~~~~~~
1 warning and 1 error generated.
Error while processing C:\v\Sources\Usagi-dono\usagi\src\anidbapi_settings.cpp.
In file included from C:\v\Sources\Usagi-dono\usagi\src\anidbapi_settings.cpp:1:
C:\v\Sources\Usagi-dono\usagi\src\anidbapi.h:4:10: warning: Module QtNetwork should not be included directly [-Wclazy-no-module-include]
    4 | #include <QtNetwork>
      |          ^
In file included from C:\v\Sources\Usagi-dono\usagi\src\anidbapi_settings.cpp:1:
In file included from C:\v\Sources\Usagi-dono\usagi\src\anidbapi.h:4:
In file included from C:/Qt/6.8.3/llvm-mingw_64/include/QtNetwork\QtNetwork:3:
In file included from C:/Qt/6.8.3/llvm-mingw_64/include\QtNetwork/QtNetworkDepends:3:
In file included from C:/Qt/6.8.3/llvm-mingw_64/include\QtCore/QtCore:4:
C:/Qt/6.8.3/llvm-mingw_64/include\QtCore\qglobal.h:13:12: fatal error: 'type_traits' file not found
   13 | #  include <type_traits>
      |            ^~~~~~~~~~~~~
1 warning and 1 error generated.
Error while processing C:\v\Sources\Usagi-dono\usagi\src\anidbapi_settings.cpp.
clazy-standalone.exe : In file included from C:\v\Sources\Usagi-dono\usagi\src\animecard.cpp:1:
At C:\v\clazy.ps1:53 char:5
+     & $ClazyPath -p $BuildDir $File.FullName 2>&1 |
+     ~~~~~~~~~~~~~~~~~~~~~~~~~~~~~~~~~~~~~~~~~~~~~
    + CategoryInfo          : NotSpecified: (In file include...nimecard.cpp:1::String) [], RemoteException
    + FullyQualifiedErrorId : NativeCommandError
 
In file included from C:\v\Sources\Usagi-dono\usagi\src\animecard.h:4:
In file included from C:/Qt/6.8.3/llvm-mingw_64/include/QtWidgets\QWidget:1:
In file included from C:/Qt/6.8.3/llvm-mingw_64/include/QtWidgets\qwidget.h:7:
In file included from C:/Qt/6.8.3/llvm-mingw_64/include\QtWidgets/qtwidgetsglobal.h:7:
In file included from C:/Qt/6.8.3/llvm-mingw_64/include\QtGui/qtguiglobal.h:7:
C:/Qt/6.8.3/llvm-mingw_64/include\QtCore/qglobal.h:13:12: fatal error: 'type_traits' file not found
   13 | #  include <type_traits>
      |            ^~~~~~~~~~~~~
1 error generated.
Error while processing C:\v\Sources\Usagi-dono\usagi\src\animecard.cpp.
In file included from C:\v\Sources\Usagi-dono\usagi\src\animecard.cpp:1:
In file included from C:\v\Sources\Usagi-dono\usagi\src\animecard.h:4:
In file included from C:/Qt/6.8.3/llvm-mingw_64/include/QtWidgets\QWidget:1:
In file included from C:/Qt/6.8.3/llvm-mingw_64/include/QtWidgets\qwidget.h:7:
In file included from C:/Qt/6.8.3/llvm-mingw_64/include\QtWidgets/qtwidgetsglobal.h:7:
In file included from C:/Qt/6.8.3/llvm-mingw_64/include\QtGui/qtguiglobal.h:7:
C:/Qt/6.8.3/llvm-mingw_64/include\QtCore/qglobal.h:13:12: fatal error: 'type_traits' file not found
   13 | #  include <type_traits>
      |            ^~~~~~~~~~~~~
1 error generated.
Error while processing C:\v\Sources\Usagi-dono\usagi\src\animecard.cpp.
clazy-standalone.exe : In file included from C:\v\Sources\Usagi-dono\usagi\src\animecard.h:4:
At C:\v\clazy.ps1:53 char:5
+     & $ClazyPath -p $BuildDir $File.FullName 2>&1 |
+     ~~~~~~~~~~~~~~~~~~~~~~~~~~~~~~~~~~~~~~~~~~~~~
    + CategoryInfo          : NotSpecified: (In file include...\animecard.h:4::String) [], RemoteException
    + FullyQualifiedErrorId : NativeCommandError
 
In file included from C:/Qt/6.8.3/llvm-mingw_64/include/QtWidgets\QWidget:1:
In file included from C:/Qt/6.8.3/llvm-mingw_64/include/QtWidgets\qwidget.h:7:
In file included from C:/Qt/6.8.3/llvm-mingw_64/include\QtWidgets/qtwidgetsglobal.h:7:
In file included from C:/Qt/6.8.3/llvm-mingw_64/include\QtGui/qtguiglobal.h:7:
C:/Qt/6.8.3/llvm-mingw_64/include\QtCore/qglobal.h:13:12: fatal error: 'type_traits' file not found
   13 | #  include <type_traits>
      |            ^~~~~~~~~~~~~
1 error generated.
Error while processing C:\v\Sources\Usagi-dono\usagi\src\animecard.h.
clazy-standalone.exe : In file included from C:\v\Sources\Usagi-dono\usagi\src\crashlog.cpp:1:
At C:\v\clazy.ps1:53 char:5
+     & $ClazyPath -p $BuildDir $File.FullName 2>&1 |
+     ~~~~~~~~~~~~~~~~~~~~~~~~~~~~~~~~~~~~~~~~~~~~~
    + CategoryInfo          : NotSpecified: (In file include...crashlog.cpp:1::String) [], RemoteException
    + FullyQualifiedErrorId : NativeCommandError
 
In file included from C:\v\Sources\Usagi-dono\usagi\src\crashlog.h:4:
In file included from C:/Qt/6.8.3/llvm-mingw_64/include/QtCore\QString:1:
In file included from C:/Qt/6.8.3/llvm-mingw_64/include/QtCore\qstring.h:14:
In file included from C:/Qt/6.8.3/llvm-mingw_64/include\QtCore/qchar.h:7:
C:/Qt/6.8.3/llvm-mingw_64/include\QtCore/qglobal.h:13:12: fatal error: 'type_traits' file not found
   13 | #  include <type_traits>
      |            ^~~~~~~~~~~~~
1 error generated.
Error while processing C:\v\Sources\Usagi-dono\usagi\src\crashlog.cpp.
In file included from C:\v\Sources\Usagi-dono\usagi\src\crashlog.cpp:1:
In file included from C:\v\Sources\Usagi-dono\usagi\src\crashlog.h:4:
In file included from C:/Qt/6.8.3/llvm-mingw_64/include/QtCore\QString:1:
In file included from C:/Qt/6.8.3/llvm-mingw_64/include/QtCore\qstring.h:14:
In file included from C:/Qt/6.8.3/llvm-mingw_64/include\QtCore/qchar.h:7:
C:/Qt/6.8.3/llvm-mingw_64/include\QtCore/qglobal.h:13:12: fatal error: 'type_traits' file not found
   13 | #  include <type_traits>
      |            ^~~~~~~~~~~~~
1 error generated.
Error while processing C:\v\Sources\Usagi-dono\usagi\src\crashlog.cpp.
clazy-standalone.exe : In file included from C:\v\Sources\Usagi-dono\usagi\src\crashlog.h:4:
At C:\v\clazy.ps1:53 char:5
+     & $ClazyPath -p $BuildDir $File.FullName 2>&1 |
+     ~~~~~~~~~~~~~~~~~~~~~~~~~~~~~~~~~~~~~~~~~~~~~
    + CategoryInfo          : NotSpecified: (In file include...c\crashlog.h:4::String) [], RemoteException
    + FullyQualifiedErrorId : NativeCommandError
 
In file included from C:/Qt/6.8.3/llvm-mingw_64/include/QtCore\QString:1:
In file included from C:/Qt/6.8.3/llvm-mingw_64/include/QtCore\qstring.h:14:
In file included from C:/Qt/6.8.3/llvm-mingw_64/include\QtCore/qchar.h:7:
C:/Qt/6.8.3/llvm-mingw_64/include\QtCore/qglobal.h:13:12: fatal error: 'type_traits' file not found
   13 | #  include <type_traits>
      |            ^~~~~~~~~~~~~
1 error generated.
Error while processing C:\v\Sources\Usagi-dono\usagi\src\crashlog.h.
clazy-standalone.exe : In file included from C:\v\Sources\Usagi-dono\usagi\src\directorywatcher.cpp:1:
At C:\v\clazy.ps1:53 char:5
+     & $ClazyPath -p $BuildDir $File.FullName 2>&1 |
+     ~~~~~~~~~~~~~~~~~~~~~~~~~~~~~~~~~~~~~~~~~~~~~
    + CategoryInfo          : NotSpecified: (In file include...ywatcher.cpp:1::String) [], RemoteException
    + FullyQualifiedErrorId : NativeCommandError
 
In file included from C:\v\Sources\Usagi-dono\usagi\src\directorywatcher.h:4:
In file included from C:/Qt/6.8.3/llvm-mingw_64/include/QtCore\QObject:1:
In file included from C:/Qt/6.8.3/llvm-mingw_64/include/QtCore\qobject.h:10:
In file included from C:/Qt/6.8.3/llvm-mingw_64/include\QtCore/qobjectdefs.h:12:
In file included from C:/Qt/6.8.3/llvm-mingw_64/include\QtCore/qnamespace.h:12:
C:/Qt/6.8.3/llvm-mingw_64/include\QtCore/qglobal.h:13:12: fatal error: 'type_traits' file not found
   13 | #  include <type_traits>
      |            ^~~~~~~~~~~~~
1 error generated.
Error while processing C:\v\Sources\Usagi-dono\usagi\src\directorywatcher.cpp.
In file included from C:\v\Sources\Usagi-dono\usagi\src\directorywatcher.cpp:1:
In file included from C:\v\Sources\Usagi-dono\usagi\src\directorywatcher.h:4:
In file included from C:/Qt/6.8.3/llvm-mingw_64/include/QtCore\QObject:1:
In file included from C:/Qt/6.8.3/llvm-mingw_64/include/QtCore\qobject.h:10:
In file included from C:/Qt/6.8.3/llvm-mingw_64/include\QtCore/qobjectdefs.h:12:
In file included from C:/Qt/6.8.3/llvm-mingw_64/include\QtCore/qnamespace.h:12:
C:/Qt/6.8.3/llvm-mingw_64/include\QtCore/qglobal.h:13:12: fatal error: 'type_traits' file not found
   13 | #  include <type_traits>
      |            ^~~~~~~~~~~~~
1 error generated.
Error while processing C:\v\Sources\Usagi-dono\usagi\src\directorywatcher.cpp.
clazy-standalone.exe : In file included from C:\v\Sources\Usagi-dono\usagi\src\directorywatcher.h:4:
At C:\v\clazy.ps1:53 char:5
+     & $ClazyPath -p $BuildDir $File.FullName 2>&1 |
+     ~~~~~~~~~~~~~~~~~~~~~~~~~~~~~~~~~~~~~~~~~~~~~
    + CategoryInfo          : NotSpecified: (In file include...orywatcher.h:4::String) [], RemoteException
    + FullyQualifiedErrorId : NativeCommandError
 
In file included from C:/Qt/6.8.3/llvm-mingw_64/include/QtCore\QObject:1:
In file included from C:/Qt/6.8.3/llvm-mingw_64/include/QtCore\qobject.h:10:
In file included from C:/Qt/6.8.3/llvm-mingw_64/include\QtCore/qobjectdefs.h:12:
In file included from C:/Qt/6.8.3/llvm-mingw_64/include\QtCore/qnamespace.h:12:
C:/Qt/6.8.3/llvm-mingw_64/include\QtCore/qglobal.h:13:12: fatal error: 'type_traits' file not found
   13 | #  include <type_traits>
      |            ^~~~~~~~~~~~~
1 error generated.
Error while processing C:\v\Sources\Usagi-dono\usagi\src\directorywatcher.h.
clazy-standalone.exe : In file included from C:\v\Sources\Usagi-dono\usagi\src\epno.cpp:1:
At C:\v\clazy.ps1:53 char:5
+     & $ClazyPath -p $BuildDir $File.FullName 2>&1 |
+     ~~~~~~~~~~~~~~~~~~~~~~~~~~~~~~~~~~~~~~~~~~~~~
    + CategoryInfo          : NotSpecified: (In file include...src\epno.cpp:1::String) [], RemoteException
    + FullyQualifiedErrorId : NativeCommandError
 
In file included from C:\v\Sources\Usagi-dono\usagi\src\epno.h:4:
In file included from C:/Qt/6.8.3/llvm-mingw_64/include/QtCore\QString:1:
In file included from C:/Qt/6.8.3/llvm-mingw_64/include/QtCore\qstring.h:14:
In file included from C:/Qt/6.8.3/llvm-mingw_64/include\QtCore/qchar.h:7:
C:/Qt/6.8.3/llvm-mingw_64/include\QtCore/qglobal.h:13:12: fatal error: 'type_traits' file not found
   13 | #  include <type_traits>
      |            ^~~~~~~~~~~~~
1 error generated.
Error while processing C:\v\Sources\Usagi-dono\usagi\src\epno.cpp.
In file included from C:\v\Sources\Usagi-dono\usagi\src\epno.cpp:1:
In file included from C:\v\Sources\Usagi-dono\usagi\src\epno.h:4:
In file included from C:/Qt/6.8.3/llvm-mingw_64/include/QtCore\QString:1:
In file included from C:/Qt/6.8.3/llvm-mingw_64/include/QtCore\qstring.h:14:
In file included from C:/Qt/6.8.3/llvm-mingw_64/include\QtCore/qchar.h:7:
C:/Qt/6.8.3/llvm-mingw_64/include\QtCore/qglobal.h:13:12: fatal error: 'type_traits' file not found
   13 | #  include <type_traits>
      |            ^~~~~~~~~~~~~
1 error generated.
Error while processing C:\v\Sources\Usagi-dono\usagi\src\epno.cpp.
In file included from C:\v\Sources\Usagi-dono\usagi\src\epno.cpp:1:
In file included from C:\v\Sources\Usagi-dono\usagi\src\epno.h:4:
In file included from C:/Qt/6.8.3/llvm-mingw_64/include/QtCore\QString:1:
In file included from C:/Qt/6.8.3/llvm-mingw_64/include/QtCore\qstring.h:14:
In file included from C:/Qt/6.8.3/llvm-mingw_64/include\QtCore/qchar.h:7:
C:/Qt/6.8.3/llvm-mingw_64/include\QtCore/qglobal.h:13:12: fatal error: 'type_traits' file not found
   13 | #  include <type_traits>
      |            ^~~~~~~~~~~~~
1 error generated.
Error while processing C:\v\Sources\Usagi-dono\usagi\src\epno.cpp.
clazy-standalone.exe : In file included from C:\v\Sources\Usagi-dono\usagi\src\epno.h:4:
At C:\v\clazy.ps1:53 char:5
+     & $ClazyPath -p $BuildDir $File.FullName 2>&1 |
+     ~~~~~~~~~~~~~~~~~~~~~~~~~~~~~~~~~~~~~~~~~~~~~
    + CategoryInfo          : NotSpecified: (In file include...i\src\epno.h:4::String) [], RemoteException
    + FullyQualifiedErrorId : NativeCommandError
 
In file included from C:/Qt/6.8.3/llvm-mingw_64/include/QtCore\QString:1:
In file included from C:/Qt/6.8.3/llvm-mingw_64/include/QtCore\qstring.h:14:
In file included from C:/Qt/6.8.3/llvm-mingw_64/include\QtCore/qchar.h:7:
C:/Qt/6.8.3/llvm-mingw_64/include\QtCore/qglobal.h:13:12: fatal error: 'type_traits' file not found
   13 | #  include <type_traits>
      |            ^~~~~~~~~~~~~
1 error generated.
Error while processing C:\v\Sources\Usagi-dono\usagi\src\epno.h.
clazy-standalone.exe : In file included from C:\v\Sources\Usagi-dono\usagi\src\flowlayout.cpp:1:
At C:\v\clazy.ps1:53 char:5
+     & $ClazyPath -p $BuildDir $File.FullName 2>&1 |
+     ~~~~~~~~~~~~~~~~~~~~~~~~~~~~~~~~~~~~~~~~~~~~~
    + CategoryInfo          : NotSpecified: (In file include...owlayout.cpp:1::String) [], RemoteException
    + FullyQualifiedErrorId : NativeCommandError
 
In file included from C:\v\Sources\Usagi-dono\usagi\src\flowlayout.h:4:
In file included from C:/Qt/6.8.3/llvm-mingw_64/include/QtWidgets\QLayout:1:
In file included from C:/Qt/6.8.3/llvm-mingw_64/include/QtWidgets\qlayout.h:7:
In file included from C:/Qt/6.8.3/llvm-mingw_64/include\QtWidgets/qtwidgetsglobal.h:7:
In file included from C:/Qt/6.8.3/llvm-mingw_64/include\QtGui/qtguiglobal.h:7:
C:/Qt/6.8.3/llvm-mingw_64/include\QtCore/qglobal.h:13:12: fatal error: 'type_traits' file not found
   13 | #  include <type_traits>
      |            ^~~~~~~~~~~~~
1 error generated.
Error while processing C:\v\Sources\Usagi-dono\usagi\src\flowlayout.cpp.
In file included from C:\v\Sources\Usagi-dono\usagi\src\flowlayout.cpp:1:
In file included from C:\v\Sources\Usagi-dono\usagi\src\flowlayout.h:4:
In file included from C:/Qt/6.8.3/llvm-mingw_64/include/QtWidgets\QLayout:1:
In file included from C:/Qt/6.8.3/llvm-mingw_64/include/QtWidgets\qlayout.h:7:
In file included from C:/Qt/6.8.3/llvm-mingw_64/include\QtWidgets/qtwidgetsglobal.h:7:
In file included from C:/Qt/6.8.3/llvm-mingw_64/include\QtGui/qtguiglobal.h:7:
C:/Qt/6.8.3/llvm-mingw_64/include\QtCore/qglobal.h:13:12: fatal error: 'type_traits' file not found
   13 | #  include <type_traits>
      |            ^~~~~~~~~~~~~
1 error generated.
Error while processing C:\v\Sources\Usagi-dono\usagi\src\flowlayout.cpp.
clazy-standalone.exe : In file included from C:\v\Sources\Usagi-dono\usagi\src\flowlayout.h:4:
At C:\v\clazy.ps1:53 char:5
+     & $ClazyPath -p $BuildDir $File.FullName 2>&1 |
+     ~~~~~~~~~~~~~~~~~~~~~~~~~~~~~~~~~~~~~~~~~~~~~
    + CategoryInfo          : NotSpecified: (In file include...flowlayout.h:4::String) [], RemoteException
    + FullyQualifiedErrorId : NativeCommandError
 
In file included from C:/Qt/6.8.3/llvm-mingw_64/include/QtWidgets\QLayout:1:
In file included from C:/Qt/6.8.3/llvm-mingw_64/include/QtWidgets\qlayout.h:7:
In file included from C:/Qt/6.8.3/llvm-mingw_64/include\QtWidgets/qtwidgetsglobal.h:7:
In file included from C:/Qt/6.8.3/llvm-mingw_64/include\QtGui/qtguiglobal.h:7:
C:/Qt/6.8.3/llvm-mingw_64/include\QtCore/qglobal.h:13:12: fatal error: 'type_traits' file not found
   13 | #  include <type_traits>
      |            ^~~~~~~~~~~~~
1 error generated.
Error while processing C:\v\Sources\Usagi-dono\usagi\src\flowlayout.h.
clazy-standalone.exe : In file included from C:\v\Sources\Usagi-dono\usagi\src\hasherthread.cpp:1:
At C:\v\clazy.ps1:53 char:5
+     & $ClazyPath -p $BuildDir $File.FullName 2>&1 |
+     ~~~~~~~~~~~~~~~~~~~~~~~~~~~~~~~~~~~~~~~~~~~~~
    + CategoryInfo          : NotSpecified: (In file include...erthread.cpp:1::String) [], RemoteException
    + FullyQualifiedErrorId : NativeCommandError
 
In file included from C:\v\Sources\Usagi-dono\usagi\src\hasherthread.h:4:
In file included from C:/Qt/6.8.3/llvm-mingw_64/include/QtCore\QThread:1:
In file included from C:/Qt/6.8.3/llvm-mingw_64/include/QtCore\qthread.h:8:
In file included from C:/Qt/6.8.3/llvm-mingw_64/include\QtCore/qobject.h:10:
In file included from C:/Qt/6.8.3/llvm-mingw_64/include\QtCore/qobjectdefs.h:12:
In file included from C:/Qt/6.8.3/llvm-mingw_64/include\QtCore/qnamespace.h:12:
C:/Qt/6.8.3/llvm-mingw_64/include\QtCore/qglobal.h:13:12: fatal error: 'type_traits' file not found
   13 | #  include <type_traits>
      |            ^~~~~~~~~~~~~
1 error generated.
Error while processing C:\v\Sources\Usagi-dono\usagi\src\hasherthread.cpp.
In file included from C:\v\Sources\Usagi-dono\usagi\src\hasherthread.cpp:1:
In file included from C:\v\Sources\Usagi-dono\usagi\src\hasherthread.h:4:
In file included from C:/Qt/6.8.3/llvm-mingw_64/include/QtCore\QThread:1:
In file included from C:/Qt/6.8.3/llvm-mingw_64/include/QtCore\qthread.h:8:
In file included from C:/Qt/6.8.3/llvm-mingw_64/include\QtCore/qobject.h:10:
In file included from C:/Qt/6.8.3/llvm-mingw_64/include\QtCore/qobjectdefs.h:12:
In file included from C:/Qt/6.8.3/llvm-mingw_64/include\QtCore/qnamespace.h:12:
C:/Qt/6.8.3/llvm-mingw_64/include\QtCore/qglobal.h:13:12: fatal error: 'type_traits' file not found
   13 | #  include <type_traits>
      |            ^~~~~~~~~~~~~
1 error generated.
Error while processing C:\v\Sources\Usagi-dono\usagi\src\hasherthread.cpp.
In file included from C:\v\Sources\Usagi-dono\usagi\src\hasherthread.cpp:1:
In file included from C:\v\Sources\Usagi-dono\usagi\src\hasherthread.h:4:
In file included from C:/Qt/6.8.3/llvm-mingw_64/include/QtCore\QThread:1:
In file included from C:/Qt/6.8.3/llvm-mingw_64/include/QtCore\qthread.h:8:
In file included from C:/Qt/6.8.3/llvm-mingw_64/include\QtCore/qobject.h:10:
In file included from C:/Qt/6.8.3/llvm-mingw_64/include\QtCore/qobjectdefs.h:12:
In file included from C:/Qt/6.8.3/llvm-mingw_64/include\QtCore/qnamespace.h:12:
C:/Qt/6.8.3/llvm-mingw_64/include\QtCore/qglobal.h:13:12: fatal error: 'type_traits' file not found
   13 | #  include <type_traits>
      |            ^~~~~~~~~~~~~
1 error generated.
Error while processing C:\v\Sources\Usagi-dono\usagi\src\hasherthread.cpp.
In file included from C:\v\Sources\Usagi-dono\usagi\src\hasherthread.cpp:1:
In file included from C:\v\Sources\Usagi-dono\usagi\src\hasherthread.h:4:
In file included from C:/Qt/6.8.3/llvm-mingw_64/include/QtCore\QThread:1:
In file included from C:/Qt/6.8.3/llvm-mingw_64/include/QtCore\qthread.h:8:
In file included from C:/Qt/6.8.3/llvm-mingw_64/include\QtCore/qobject.h:10:
In file included from C:/Qt/6.8.3/llvm-mingw_64/include\QtCore/qobjectdefs.h:12:
In file included from C:/Qt/6.8.3/llvm-mingw_64/include\QtCore/qnamespace.h:12:
C:/Qt/6.8.3/llvm-mingw_64/include\QtCore/qglobal.h:13:12: fatal error: 'type_traits' file not found
   13 | #  include <type_traits>
      |            ^~~~~~~~~~~~~
1 error generated.
Error while processing C:\v\Sources\Usagi-dono\usagi\src\hasherthread.cpp.
clazy-standalone.exe : In file included from C:\v\Sources\Usagi-dono\usagi\src\hasherthread.h:4:
At C:\v\clazy.ps1:53 char:5
+     & $ClazyPath -p $BuildDir $File.FullName 2>&1 |
+     ~~~~~~~~~~~~~~~~~~~~~~~~~~~~~~~~~~~~~~~~~~~~~
    + CategoryInfo          : NotSpecified: (In file include...sherthread.h:4::String) [], RemoteException
    + FullyQualifiedErrorId : NativeCommandError
 
In file included from C:/Qt/6.8.3/llvm-mingw_64/include/QtCore\QThread:1:
In file included from C:/Qt/6.8.3/llvm-mingw_64/include/QtCore\qthread.h:8:
In file included from C:/Qt/6.8.3/llvm-mingw_64/include\QtCore/qobject.h:10:
In file included from C:/Qt/6.8.3/llvm-mingw_64/include\QtCore/qobjectdefs.h:12:
In file included from C:/Qt/6.8.3/llvm-mingw_64/include\QtCore/qnamespace.h:12:
C:/Qt/6.8.3/llvm-mingw_64/include\QtCore/qglobal.h:13:12: fatal error: 'type_traits' file not found
   13 | #  include <type_traits>
      |            ^~~~~~~~~~~~~
1 error generated.
Error while processing C:\v\Sources\Usagi-dono\usagi\src\hasherthread.h.
clazy-standalone.exe : In file included from C:\v\Sources\Usagi-dono\usagi\src\hasherthreadpool.cpp:1:
At C:\v\clazy.ps1:53 char:5
+     & $ClazyPath -p $BuildDir $File.FullName 2>&1 |
+     ~~~~~~~~~~~~~~~~~~~~~~~~~~~~~~~~~~~~~~~~~~~~~
    + CategoryInfo          : NotSpecified: (In file include...readpool.cpp:1::String) [], RemoteException
    + FullyQualifiedErrorId : NativeCommandError
 
In file included from C:\v\Sources\Usagi-dono\usagi\src\hasherthreadpool.h:4:
In file included from C:/Qt/6.8.3/llvm-mingw_64/include/QtCore\QObject:1:
In file included from C:/Qt/6.8.3/llvm-mingw_64/include/QtCore\qobject.h:10:
In file included from C:/Qt/6.8.3/llvm-mingw_64/include\QtCore/qobjectdefs.h:12:
In file included from C:/Qt/6.8.3/llvm-mingw_64/include\QtCore/qnamespace.h:12:
C:/Qt/6.8.3/llvm-mingw_64/include\QtCore/qglobal.h:13:12: fatal error: 'type_traits' file not found
   13 | #  include <type_traits>
      |            ^~~~~~~~~~~~~
1 error generated.
Error while processing C:\v\Sources\Usagi-dono\usagi\src\hasherthreadpool.cpp.
In file included from C:\v\Sources\Usagi-dono\usagi\src\hasherthreadpool.cpp:1:
In file included from C:\v\Sources\Usagi-dono\usagi\src\hasherthreadpool.h:4:
In file included from C:/Qt/6.8.3/llvm-mingw_64/include/QtCore\QObject:1:
In file included from C:/Qt/6.8.3/llvm-mingw_64/include/QtCore\qobject.h:10:
In file included from C:/Qt/6.8.3/llvm-mingw_64/include\QtCore/qobjectdefs.h:12:
In file included from C:/Qt/6.8.3/llvm-mingw_64/include\QtCore/qnamespace.h:12:
C:/Qt/6.8.3/llvm-mingw_64/include\QtCore/qglobal.h:13:12: fatal error: 'type_traits' file not found
   13 | #  include <type_traits>
      |            ^~~~~~~~~~~~~
1 error generated.
Error while processing C:\v\Sources\Usagi-dono\usagi\src\hasherthreadpool.cpp.
In file included from C:\v\Sources\Usagi-dono\usagi\src\hasherthreadpool.cpp:1:
In file included from C:\v\Sources\Usagi-dono\usagi\src\hasherthreadpool.h:4:
In file included from C:/Qt/6.8.3/llvm-mingw_64/include/QtCore\QObject:1:
In file included from C:/Qt/6.8.3/llvm-mingw_64/include/QtCore\qobject.h:10:
In file included from C:/Qt/6.8.3/llvm-mingw_64/include\QtCore/qobjectdefs.h:12:
In file included from C:/Qt/6.8.3/llvm-mingw_64/include\QtCore/qnamespace.h:12:
C:/Qt/6.8.3/llvm-mingw_64/include\QtCore/qglobal.h:13:12: fatal error: 'type_traits' file not found
   13 | #  include <type_traits>
      |            ^~~~~~~~~~~~~
1 error generated.
Error while processing C:\v\Sources\Usagi-dono\usagi\src\hasherthreadpool.cpp.
clazy-standalone.exe : In file included from C:\v\Sources\Usagi-dono\usagi\src\hasherthreadpool.h:4:
At C:\v\clazy.ps1:53 char:5
+     & $ClazyPath -p $BuildDir $File.FullName 2>&1 |
+     ~~~~~~~~~~~~~~~~~~~~~~~~~~~~~~~~~~~~~~~~~~~~~
    + CategoryInfo          : NotSpecified: (In file include...threadpool.h:4::String) [], RemoteException
    + FullyQualifiedErrorId : NativeCommandError
 
In file included from C:/Qt/6.8.3/llvm-mingw_64/include/QtCore\QObject:1:
In file included from C:/Qt/6.8.3/llvm-mingw_64/include/QtCore\qobject.h:10:
In file included from C:/Qt/6.8.3/llvm-mingw_64/include\QtCore/qobjectdefs.h:12:
In file included from C:/Qt/6.8.3/llvm-mingw_64/include\QtCore/qnamespace.h:12:
C:/Qt/6.8.3/llvm-mingw_64/include\QtCore/qglobal.h:13:12: fatal error: 'type_traits' file not found
   13 | #  include <type_traits>
      |            ^~~~~~~~~~~~~
1 error generated.
Error while processing C:\v\Sources\Usagi-dono\usagi\src\hasherthreadpool.h.
clazy-standalone.exe : In file included from C:\v\Sources\Usagi-dono\usagi\src\logger.cpp:1:
At C:\v\clazy.ps1:53 char:5
+     & $ClazyPath -p $BuildDir $File.FullName 2>&1 |
+     ~~~~~~~~~~~~~~~~~~~~~~~~~~~~~~~~~~~~~~~~~~~~~
    + CategoryInfo          : NotSpecified: (In file include...c\logger.cpp:1::String) [], RemoteException
    + FullyQualifiedErrorId : NativeCommandError
 
In file included from C:\v\Sources\Usagi-dono\usagi\src\logger.h:4:
In file included from C:/Qt/6.8.3/llvm-mingw_64/include/QtCore\QString:1:
In file included from C:/Qt/6.8.3/llvm-mingw_64/include/QtCore\qstring.h:14:
In file included from C:/Qt/6.8.3/llvm-mingw_64/include\QtCore/qchar.h:7:
C:/Qt/6.8.3/llvm-mingw_64/include\QtCore/qglobal.h:13:12: fatal error: 'type_traits' file not found
   13 | #  include <type_traits>
      |            ^~~~~~~~~~~~~
1 error generated.
Error while processing C:\v\Sources\Usagi-dono\usagi\src\logger.cpp.
In file included from C:\v\Sources\Usagi-dono\usagi\src\logger.cpp:1:
In file included from C:\v\Sources\Usagi-dono\usagi\src\logger.h:4:
In file included from C:/Qt/6.8.3/llvm-mingw_64/include/QtCore\QString:1:
In file included from C:/Qt/6.8.3/llvm-mingw_64/include/QtCore\qstring.h:14:
In file included from C:/Qt/6.8.3/llvm-mingw_64/include\QtCore/qchar.h:7:
C:/Qt/6.8.3/llvm-mingw_64/include\QtCore/qglobal.h:13:12: fatal error: 'type_traits' file not found
   13 | #  include <type_traits>
      |            ^~~~~~~~~~~~~
1 error generated.
Error while processing C:\v\Sources\Usagi-dono\usagi\src\logger.cpp.
In file included from C:\v\Sources\Usagi-dono\usagi\src\logger.cpp:1:
In file included from C:\v\Sources\Usagi-dono\usagi\src\logger.h:4:
In file included from C:/Qt/6.8.3/llvm-mingw_64/include/QtCore\QString:1:
In file included from C:/Qt/6.8.3/llvm-mingw_64/include/QtCore\qstring.h:14:
In file included from C:/Qt/6.8.3/llvm-mingw_64/include\QtCore/qchar.h:7:
C:/Qt/6.8.3/llvm-mingw_64/include\QtCore/qglobal.h:13:12: fatal error: 'type_traits' file not found
   13 | #  include <type_traits>
      |            ^~~~~~~~~~~~~
1 error generated.
Error while processing C:\v\Sources\Usagi-dono\usagi\src\logger.cpp.
In file included from C:\v\Sources\Usagi-dono\usagi\src\logger.cpp:1:
In file included from C:\v\Sources\Usagi-dono\usagi\src\logger.h:4:
In file included from C:/Qt/6.8.3/llvm-mingw_64/include/QtCore\QString:1:
In file included from C:/Qt/6.8.3/llvm-mingw_64/include/QtCore\qstring.h:14:
In file included from C:/Qt/6.8.3/llvm-mingw_64/include\QtCore/qchar.h:7:
C:/Qt/6.8.3/llvm-mingw_64/include\QtCore/qglobal.h:13:12: fatal error: 'type_traits' file not found
   13 | #  include <type_traits>
      |            ^~~~~~~~~~~~~
1 error generated.
Error while processing C:\v\Sources\Usagi-dono\usagi\src\logger.cpp.
In file included from C:\v\Sources\Usagi-dono\usagi\src\logger.cpp:1:
In file included from C:\v\Sources\Usagi-dono\usagi\src\logger.h:4:
In file included from C:/Qt/6.8.3/llvm-mingw_64/include/QtCore\QString:1:
In file included from C:/Qt/6.8.3/llvm-mingw_64/include/QtCore\qstring.h:14:
In file included from C:/Qt/6.8.3/llvm-mingw_64/include\QtCore/qchar.h:7:
C:/Qt/6.8.3/llvm-mingw_64/include\QtCore/qglobal.h:13:12: fatal error: 'type_traits' file not found
   13 | #  include <type_traits>
      |            ^~~~~~~~~~~~~
1 error generated.
Error while processing C:\v\Sources\Usagi-dono\usagi\src\logger.cpp.
In file included from C:\v\Sources\Usagi-dono\usagi\src\logger.cpp:1:
In file included from C:\v\Sources\Usagi-dono\usagi\src\logger.h:4:
In file included from C:/Qt/6.8.3/llvm-mingw_64/include/QtCore\QString:1:
In file included from C:/Qt/6.8.3/llvm-mingw_64/include/QtCore\qstring.h:14:
In file included from C:/Qt/6.8.3/llvm-mingw_64/include\QtCore/qchar.h:7:
C:/Qt/6.8.3/llvm-mingw_64/include\QtCore/qglobal.h:13:12: fatal error: 'type_traits' file not found
   13 | #  include <type_traits>
      |            ^~~~~~~~~~~~~
1 error generated.
Error while processing C:\v\Sources\Usagi-dono\usagi\src\logger.cpp.
In file included from C:\v\Sources\Usagi-dono\usagi\src\logger.cpp:1:
In file included from C:\v\Sources\Usagi-dono\usagi\src\logger.h:4:
In file included from C:/Qt/6.8.3/llvm-mingw_64/include/QtCore\QString:1:
In file included from C:/Qt/6.8.3/llvm-mingw_64/include/QtCore\qstring.h:14:
In file included from C:/Qt/6.8.3/llvm-mingw_64/include\QtCore/qchar.h:7:
C:/Qt/6.8.3/llvm-mingw_64/include\QtCore/qglobal.h:13:12: fatal error: 'type_traits' file not found
   13 | #  include <type_traits>
      |            ^~~~~~~~~~~~~
1 error generated.
Error while processing C:\v\Sources\Usagi-dono\usagi\src\logger.cpp.
In file included from C:\v\Sources\Usagi-dono\usagi\src\logger.cpp:1:
In file included from C:\v\Sources\Usagi-dono\usagi\src\logger.h:4:
In file included from C:/Qt/6.8.3/llvm-mingw_64/include/QtCore\QString:1:
In file included from C:/Qt/6.8.3/llvm-mingw_64/include/QtCore\qstring.h:14:
In file included from C:/Qt/6.8.3/llvm-mingw_64/include\QtCore/qchar.h:7:
C:/Qt/6.8.3/llvm-mingw_64/include\QtCore/qglobal.h:13:12: fatal error: 'type_traits' file not found
   13 | #  include <type_traits>
      |            ^~~~~~~~~~~~~
1 error generated.
Error while processing C:\v\Sources\Usagi-dono\usagi\src\logger.cpp.
In file included from C:\v\Sources\Usagi-dono\usagi\src\logger.cpp:1:
In file included from C:\v\Sources\Usagi-dono\usagi\src\logger.h:4:
In file included from C:/Qt/6.8.3/llvm-mingw_64/include/QtCore\QString:1:
In file included from C:/Qt/6.8.3/llvm-mingw_64/include/QtCore\qstring.h:14:
In file included from C:/Qt/6.8.3/llvm-mingw_64/include\QtCore/qchar.h:7:
C:/Qt/6.8.3/llvm-mingw_64/include\QtCore/qglobal.h:13:12: fatal error: 'type_traits' file not found
   13 | #  include <type_traits>
      |            ^~~~~~~~~~~~~
1 error generated.
Error while processing C:\v\Sources\Usagi-dono\usagi\src\logger.cpp.
In file included from C:\v\Sources\Usagi-dono\usagi\src\logger.cpp:1:
In file included from C:\v\Sources\Usagi-dono\usagi\src\logger.h:4:
In file included from C:/Qt/6.8.3/llvm-mingw_64/include/QtCore\QString:1:
In file included from C:/Qt/6.8.3/llvm-mingw_64/include/QtCore\qstring.h:14:
In file included from C:/Qt/6.8.3/llvm-mingw_64/include\QtCore/qchar.h:7:
C:/Qt/6.8.3/llvm-mingw_64/include\QtCore/qglobal.h:13:12: fatal error: 'type_traits' file not found
   13 | #  include <type_traits>
      |            ^~~~~~~~~~~~~
1 error generated.
Error while processing C:\v\Sources\Usagi-dono\usagi\src\logger.cpp.
In file included from C:\v\Sources\Usagi-dono\usagi\src\logger.cpp:1:
In file included from C:\v\Sources\Usagi-dono\usagi\src\logger.h:4:
In file included from C:/Qt/6.8.3/llvm-mingw_64/include/QtCore\QString:1:
In file included from C:/Qt/6.8.3/llvm-mingw_64/include/QtCore\qstring.h:14:
In file included from C:/Qt/6.8.3/llvm-mingw_64/include\QtCore/qchar.h:7:
C:/Qt/6.8.3/llvm-mingw_64/include\QtCore/qglobal.h:13:12: fatal error: 'type_traits' file not found
   13 | #  include <type_traits>
      |            ^~~~~~~~~~~~~
1 error generated.
Error while processing C:\v\Sources\Usagi-dono\usagi\src\logger.cpp.
In file included from C:\v\Sources\Usagi-dono\usagi\src\logger.cpp:1:
In file included from C:\v\Sources\Usagi-dono\usagi\src\logger.h:4:
In file included from C:/Qt/6.8.3/llvm-mingw_64/include/QtCore\QString:1:
In file included from C:/Qt/6.8.3/llvm-mingw_64/include/QtCore\qstring.h:14:
In file included from C:/Qt/6.8.3/llvm-mingw_64/include\QtCore/qchar.h:7:
C:/Qt/6.8.3/llvm-mingw_64/include\QtCore/qglobal.h:13:12: fatal error: 'type_traits' file not found
   13 | #  include <type_traits>
      |            ^~~~~~~~~~~~~
1 error generated.
Error while processing C:\v\Sources\Usagi-dono\usagi\src\logger.cpp.
In file included from C:\v\Sources\Usagi-dono\usagi\src\logger.cpp:1:
In file included from C:\v\Sources\Usagi-dono\usagi\src\logger.h:4:
In file included from C:/Qt/6.8.3/llvm-mingw_64/include/QtCore\QString:1:
In file included from C:/Qt/6.8.3/llvm-mingw_64/include/QtCore\qstring.h:14:
In file included from C:/Qt/6.8.3/llvm-mingw_64/include\QtCore/qchar.h:7:
C:/Qt/6.8.3/llvm-mingw_64/include\QtCore/qglobal.h:13:12: fatal error: 'type_traits' file not found
   13 | #  include <type_traits>
      |            ^~~~~~~~~~~~~
1 error generated.
Error while processing C:\v\Sources\Usagi-dono\usagi\src\logger.cpp.
In file included from C:\v\Sources\Usagi-dono\usagi\src\logger.cpp:1:
In file included from C:\v\Sources\Usagi-dono\usagi\src\logger.h:4:
In file included from C:/Qt/6.8.3/llvm-mingw_64/include/QtCore\QString:1:
In file included from C:/Qt/6.8.3/llvm-mingw_64/include/QtCore\qstring.h:14:
In file included from C:/Qt/6.8.3/llvm-mingw_64/include\QtCore/qchar.h:7:
C:/Qt/6.8.3/llvm-mingw_64/include\QtCore/qglobal.h:13:12: fatal error: 'type_traits' file not found
   13 | #  include <type_traits>
      |            ^~~~~~~~~~~~~
1 error generated.
Error while processing C:\v\Sources\Usagi-dono\usagi\src\logger.cpp.
In file included from C:\v\Sources\Usagi-dono\usagi\src\logger.cpp:1:
In file included from C:\v\Sources\Usagi-dono\usagi\src\logger.h:4:
In file included from C:/Qt/6.8.3/llvm-mingw_64/include/QtCore\QString:1:
In file included from C:/Qt/6.8.3/llvm-mingw_64/include/QtCore\qstring.h:14:
In file included from C:/Qt/6.8.3/llvm-mingw_64/include\QtCore/qchar.h:7:
C:/Qt/6.8.3/llvm-mingw_64/include\QtCore/qglobal.h:13:12: fatal error: 'type_traits' file not found
   13 | #  include <type_traits>
      |            ^~~~~~~~~~~~~
1 error generated.
Error while processing C:\v\Sources\Usagi-dono\usagi\src\logger.cpp.
In file included from C:\v\Sources\Usagi-dono\usagi\src\logger.cpp:1:
In file included from C:\v\Sources\Usagi-dono\usagi\src\logger.h:4:
In file included from C:/Qt/6.8.3/llvm-mingw_64/include/QtCore\QString:1:
In file included from C:/Qt/6.8.3/llvm-mingw_64/include/QtCore\qstring.h:14:
In file included from C:/Qt/6.8.3/llvm-mingw_64/include\QtCore/qchar.h:7:
C:/Qt/6.8.3/llvm-mingw_64/include\QtCore/qglobal.h:13:12: fatal error: 'type_traits' file not found
   13 | #  include <type_traits>
      |            ^~~~~~~~~~~~~
1 error generated.
Error while processing C:\v\Sources\Usagi-dono\usagi\src\logger.cpp.
In file included from C:\v\Sources\Usagi-dono\usagi\src\logger.cpp:1:
In file included from C:\v\Sources\Usagi-dono\usagi\src\logger.h:4:
In file included from C:/Qt/6.8.3/llvm-mingw_64/include/QtCore\QString:1:
In file included from C:/Qt/6.8.3/llvm-mingw_64/include/QtCore\qstring.h:14:
In file included from C:/Qt/6.8.3/llvm-mingw_64/include\QtCore/qchar.h:7:
C:/Qt/6.8.3/llvm-mingw_64/include\QtCore/qglobal.h:13:12: fatal error: 'type_traits' file not found
   13 | #  include <type_traits>
      |            ^~~~~~~~~~~~~
1 error generated.
Error while processing C:\v\Sources\Usagi-dono\usagi\src\logger.cpp.
In file included from C:\v\Sources\Usagi-dono\usagi\src\logger.cpp:1:
In file included from C:\v\Sources\Usagi-dono\usagi\src\logger.h:4:
In file included from C:/Qt/6.8.3/llvm-mingw_64/include/QtCore\QString:1:
In file included from C:/Qt/6.8.3/llvm-mingw_64/include/QtCore\qstring.h:14:
In file included from C:/Qt/6.8.3/llvm-mingw_64/include\QtCore/qchar.h:7:
C:/Qt/6.8.3/llvm-mingw_64/include\QtCore/qglobal.h:13:12: fatal error: 'type_traits' file not found
   13 | #  include <type_traits>
      |            ^~~~~~~~~~~~~
1 error generated.
Error while processing C:\v\Sources\Usagi-dono\usagi\src\logger.cpp.
In file included from C:\v\Sources\Usagi-dono\usagi\src\logger.cpp:1:
In file included from C:\v\Sources\Usagi-dono\usagi\src\logger.h:4:
In file included from C:/Qt/6.8.3/llvm-mingw_64/include/QtCore\QString:1:
In file included from C:/Qt/6.8.3/llvm-mingw_64/include/QtCore\qstring.h:14:
In file included from C:/Qt/6.8.3/llvm-mingw_64/include\QtCore/qchar.h:7:
C:/Qt/6.8.3/llvm-mingw_64/include\QtCore/qglobal.h:13:12: fatal error: 'type_traits' file not found
   13 | #  include <type_traits>
      |            ^~~~~~~~~~~~~
1 error generated.
Error while processing C:\v\Sources\Usagi-dono\usagi\src\logger.cpp.
In file included from C:\v\Sources\Usagi-dono\usagi\src\logger.cpp:1:
In file included from C:\v\Sources\Usagi-dono\usagi\src\logger.h:4:
In file included from C:/Qt/6.8.3/llvm-mingw_64/include/QtCore\QString:1:
In file included from C:/Qt/6.8.3/llvm-mingw_64/include/QtCore\qstring.h:14:
In file included from C:/Qt/6.8.3/llvm-mingw_64/include\QtCore/qchar.h:7:
C:/Qt/6.8.3/llvm-mingw_64/include\QtCore/qglobal.h:13:12: fatal error: 'type_traits' file not found
   13 | #  include <type_traits>
      |            ^~~~~~~~~~~~~
1 error generated.
Error while processing C:\v\Sources\Usagi-dono\usagi\src\logger.cpp.
In file included from C:\v\Sources\Usagi-dono\usagi\src\logger.cpp:1:
In file included from C:\v\Sources\Usagi-dono\usagi\src\logger.h:4:
In file included from C:/Qt/6.8.3/llvm-mingw_64/include/QtCore\QString:1:
In file included from C:/Qt/6.8.3/llvm-mingw_64/include/QtCore\qstring.h:14:
In file included from C:/Qt/6.8.3/llvm-mingw_64/include\QtCore/qchar.h:7:
C:/Qt/6.8.3/llvm-mingw_64/include\QtCore/qglobal.h:13:12: fatal error: 'type_traits' file not found
   13 | #  include <type_traits>
      |            ^~~~~~~~~~~~~
1 error generated.
Error while processing C:\v\Sources\Usagi-dono\usagi\src\logger.cpp.
In file included from C:\v\Sources\Usagi-dono\usagi\src\logger.cpp:1:
In file included from C:\v\Sources\Usagi-dono\usagi\src\logger.h:4:
In file included from C:/Qt/6.8.3/llvm-mingw_64/include/QtCore\QString:1:
In file included from C:/Qt/6.8.3/llvm-mingw_64/include/QtCore\qstring.h:14:
In file included from C:/Qt/6.8.3/llvm-mingw_64/include\QtCore/qchar.h:7:
C:/Qt/6.8.3/llvm-mingw_64/include\QtCore/qglobal.h:13:12: fatal error: 'type_traits' file not found
   13 | #  include <type_traits>
      |            ^~~~~~~~~~~~~
1 error generated.
Error while processing C:\v\Sources\Usagi-dono\usagi\src\logger.cpp.
In file included from C:\v\Sources\Usagi-dono\usagi\src\logger.cpp:1:
In file included from C:\v\Sources\Usagi-dono\usagi\src\logger.h:4:
In file included from C:/Qt/6.8.3/llvm-mingw_64/include/QtCore\QString:1:
In file included from C:/Qt/6.8.3/llvm-mingw_64/include/QtCore\qstring.h:14:
In file included from C:/Qt/6.8.3/llvm-mingw_64/include\QtCore/qchar.h:7:
C:/Qt/6.8.3/llvm-mingw_64/include\QtCore/qglobal.h:13:12: fatal error: 'type_traits' file not found
   13 | #  include <type_traits>
      |            ^~~~~~~~~~~~~
1 error generated.
Error while processing C:\v\Sources\Usagi-dono\usagi\src\logger.cpp.
In file included from C:\v\Sources\Usagi-dono\usagi\src\logger.cpp:1:
In file included from C:\v\Sources\Usagi-dono\usagi\src\logger.h:4:
In file included from C:/Qt/6.8.3/llvm-mingw_64/include/QtCore\QString:1:
In file included from C:/Qt/6.8.3/llvm-mingw_64/include/QtCore\qstring.h:14:
In file included from C:/Qt/6.8.3/llvm-mingw_64/include\QtCore/qchar.h:7:
C:/Qt/6.8.3/llvm-mingw_64/include\QtCore/qglobal.h:13:12: fatal error: 'type_traits' file not found
   13 | #  include <type_traits>
      |            ^~~~~~~~~~~~~
1 error generated.
Error while processing C:\v\Sources\Usagi-dono\usagi\src\logger.cpp.
In file included from C:\v\Sources\Usagi-dono\usagi\src\logger.cpp:1:
In file included from C:\v\Sources\Usagi-dono\usagi\src\logger.h:4:
In file included from C:/Qt/6.8.3/llvm-mingw_64/include/QtCore\QString:1:
In file included from C:/Qt/6.8.3/llvm-mingw_64/include/QtCore\qstring.h:14:
In file included from C:/Qt/6.8.3/llvm-mingw_64/include\QtCore/qchar.h:7:
C:/Qt/6.8.3/llvm-mingw_64/include\QtCore/qglobal.h:13:12: fatal error: 'type_traits' file not found
   13 | #  include <type_traits>
      |            ^~~~~~~~~~~~~
1 error generated.
Error while processing C:\v\Sources\Usagi-dono\usagi\src\logger.cpp.
In file included from C:\v\Sources\Usagi-dono\usagi\src\logger.cpp:1:
In file included from C:\v\Sources\Usagi-dono\usagi\src\logger.h:4:
In file included from C:/Qt/6.8.3/llvm-mingw_64/include/QtCore\QString:1:
In file included from C:/Qt/6.8.3/llvm-mingw_64/include/QtCore\qstring.h:14:
In file included from C:/Qt/6.8.3/llvm-mingw_64/include\QtCore/qchar.h:7:
C:/Qt/6.8.3/llvm-mingw_64/include\QtCore/qglobal.h:13:12: fatal error: 'type_traits' file not found
   13 | #  include <type_traits>
      |            ^~~~~~~~~~~~~
1 error generated.
Error while processing C:\v\Sources\Usagi-dono\usagi\src\logger.cpp.
In file included from C:\v\Sources\Usagi-dono\usagi\src\logger.cpp:1:
In file included from C:\v\Sources\Usagi-dono\usagi\src\logger.h:4:
In file included from C:/Qt/6.8.3/llvm-mingw_64/include/QtCore\QString:1:
In file included from C:/Qt/6.8.3/llvm-mingw_64/include/QtCore\qstring.h:14:
In file included from C:/Qt/6.8.3/llvm-mingw_64/include\QtCore/qchar.h:7:
C:/Qt/6.8.3/llvm-mingw_64/include\QtCore/qglobal.h:13:12: fatal error: 'type_traits' file not found
   13 | #  include <type_traits>
      |            ^~~~~~~~~~~~~
1 error generated.
Error while processing C:\v\Sources\Usagi-dono\usagi\src\logger.cpp.
In file included from C:\v\Sources\Usagi-dono\usagi\src\logger.cpp:1:
In file included from C:\v\Sources\Usagi-dono\usagi\src\logger.h:4:
In file included from C:/Qt/6.8.3/llvm-mingw_64/include/QtCore\QString:1:
In file included from C:/Qt/6.8.3/llvm-mingw_64/include/QtCore\qstring.h:14:
In file included from C:/Qt/6.8.3/llvm-mingw_64/include\QtCore/qchar.h:7:
C:/Qt/6.8.3/llvm-mingw_64/include\QtCore/qglobal.h:13:12: fatal error: 'type_traits' file not found
   13 | #  include <type_traits>
      |            ^~~~~~~~~~~~~
1 error generated.
Error while processing C:\v\Sources\Usagi-dono\usagi\src\logger.cpp.
clazy-standalone.exe : In file included from C:\v\Sources\Usagi-dono\usagi\src\logger.h:4:
At C:\v\clazy.ps1:53 char:5
+     & $ClazyPath -p $BuildDir $File.FullName 2>&1 |
+     ~~~~~~~~~~~~~~~~~~~~~~~~~~~~~~~~~~~~~~~~~~~~~
    + CategoryInfo          : NotSpecified: (In file include...src\logger.h:4::String) [], RemoteException
    + FullyQualifiedErrorId : NativeCommandError
 
In file included from C:/Qt/6.8.3/llvm-mingw_64/include/QtCore\QString:1:
In file included from C:/Qt/6.8.3/llvm-mingw_64/include/QtCore\qstring.h:14:
In file included from C:/Qt/6.8.3/llvm-mingw_64/include\QtCore/qchar.h:7:
C:/Qt/6.8.3/llvm-mingw_64/include\QtCore/qglobal.h:13:12: fatal error: 'type_traits' file not found
   13 | #  include <type_traits>
      |            ^~~~~~~~~~~~~
1 error generated.
Error while processing C:\v\Sources\Usagi-dono\usagi\src\logger.h.
clazy-standalone.exe : In file included from C:\v\Sources\Usagi-dono\usagi\src\main.cpp:1:
At C:\v\clazy.ps1:53 char:5
+     & $ClazyPath -p $BuildDir $File.FullName 2>&1 |
+     ~~~~~~~~~~~~~~~~~~~~~~~~~~~~~~~~~~~~~~~~~~~~~
    + CategoryInfo          : NotSpecified: (In file include...src\main.cpp:1::String) [], RemoteException
    + FullyQualifiedErrorId : NativeCommandError
 
In file included from C:/Qt/6.8.3/llvm-mingw_64/include\QtWidgets/QApplication:1:
In file included from C:/Qt/6.8.3/llvm-mingw_64/include\QtWidgets\qapplication.h:7:
In file included from C:/Qt/6.8.3/llvm-mingw_64/include\QtWidgets/qtwidgetsglobal.h:7:
In file included from C:/Qt/6.8.3/llvm-mingw_64/include\QtGui/qtguiglobal.h:7:
C:/Qt/6.8.3/llvm-mingw_64/include\QtCore/qglobal.h:13:12: fatal error: 'type_traits' file not found
   13 | #  include <type_traits>
      |            ^~~~~~~~~~~~~
1 error generated.
Error while processing C:\v\Sources\Usagi-dono\usagi\src\main.cpp.
clazy-standalone.exe : In file included from C:\v\Sources\Usagi-dono\usagi\src\main.h:3:
At C:\v\clazy.ps1:53 char:5
+     & $ClazyPath -p $BuildDir $File.FullName 2>&1 |
+     ~~~~~~~~~~~~~~~~~~~~~~~~~~~~~~~~~~~~~~~~~~~~~
    + CategoryInfo          : NotSpecified: (In file include...i\src\main.h:3::String) [], RemoteException
    + FullyQualifiedErrorId : NativeCommandError
 
C:\v\Sources\Usagi-dono\usagi\src\anidbapi.h:4:10: warning: Module QtNetwork should not be included directly [-Wclazy-no-module-include]
    4 | #include <QtNetwork>
      |          ^
In file included from C:\v\Sources\Usagi-dono\usagi\src\main.h:3:
In file included from C:\v\Sources\Usagi-dono\usagi\src\anidbapi.h:4:
In file included from C:/Qt/6.8.3/llvm-mingw_64/include/QtNetwork\QtNetwork:3:
In file included from C:/Qt/6.8.3/llvm-mingw_64/include\QtNetwork/QtNetworkDepends:3:
In file included from C:/Qt/6.8.3/llvm-mingw_64/include\QtCore/QtCore:4:
C:/Qt/6.8.3/llvm-mingw_64/include\QtCore\qglobal.h:13:12: fatal error: 'type_traits' file not found
   13 | #  include <type_traits>
      |            ^~~~~~~~~~~~~
1 warning and 1 error generated.
Error while processing C:\v\Sources\Usagi-dono\usagi\src\main.h.
clazy-standalone.exe : In file included from C:\v\Sources\Usagi-dono\usagi\src\mask.cpp:1:
At C:\v\clazy.ps1:53 char:5
+     & $ClazyPath -p $BuildDir $File.FullName 2>&1 |
+     ~~~~~~~~~~~~~~~~~~~~~~~~~~~~~~~~~~~~~~~~~~~~~
    + CategoryInfo          : NotSpecified: (In file include...src\mask.cpp:1::String) [], RemoteException
    + FullyQualifiedErrorId : NativeCommandError
 
In file included from C:\v\Sources\Usagi-dono\usagi\src\mask.h:4:
In file included from C:/Qt/6.8.3/llvm-mingw_64/include/QtCore\QString:1:
In file included from C:/Qt/6.8.3/llvm-mingw_64/include/QtCore\qstring.h:14:
In file included from C:/Qt/6.8.3/llvm-mingw_64/include\QtCore/qchar.h:7:
C:/Qt/6.8.3/llvm-mingw_64/include\QtCore/qglobal.h:13:12: fatal error: 'type_traits' file not found
   13 | #  include <type_traits>
      |            ^~~~~~~~~~~~~
1 error generated.
Error while processing C:\v\Sources\Usagi-dono\usagi\src\mask.cpp.
In file included from C:\v\Sources\Usagi-dono\usagi\src\mask.cpp:1:
In file included from C:\v\Sources\Usagi-dono\usagi\src\mask.h:4:
In file included from C:/Qt/6.8.3/llvm-mingw_64/include/QtCore\QString:1:
In file included from C:/Qt/6.8.3/llvm-mingw_64/include/QtCore\qstring.h:14:
In file included from C:/Qt/6.8.3/llvm-mingw_64/include\QtCore/qchar.h:7:
C:/Qt/6.8.3/llvm-mingw_64/include\QtCore/qglobal.h:13:12: fatal error: 'type_traits' file not found
   13 | #  include <type_traits>
      |            ^~~~~~~~~~~~~
1 error generated.
Error while processing C:\v\Sources\Usagi-dono\usagi\src\mask.cpp.
In file included from C:\v\Sources\Usagi-dono\usagi\src\mask.cpp:1:
In file included from C:\v\Sources\Usagi-dono\usagi\src\mask.h:4:
In file included from C:/Qt/6.8.3/llvm-mingw_64/include/QtCore\QString:1:
In file included from C:/Qt/6.8.3/llvm-mingw_64/include/QtCore\qstring.h:14:
In file included from C:/Qt/6.8.3/llvm-mingw_64/include\QtCore/qchar.h:7:
C:/Qt/6.8.3/llvm-mingw_64/include\QtCore/qglobal.h:13:12: fatal error: 'type_traits' file not found
   13 | #  include <type_traits>
      |            ^~~~~~~~~~~~~
1 error generated.
Error while processing C:\v\Sources\Usagi-dono\usagi\src\mask.cpp.
In file included from C:\v\Sources\Usagi-dono\usagi\src\mask.cpp:1:
In file included from C:\v\Sources\Usagi-dono\usagi\src\mask.h:4:
In file included from C:/Qt/6.8.3/llvm-mingw_64/include/QtCore\QString:1:
In file included from C:/Qt/6.8.3/llvm-mingw_64/include/QtCore\qstring.h:14:
In file included from C:/Qt/6.8.3/llvm-mingw_64/include\QtCore/qchar.h:7:
C:/Qt/6.8.3/llvm-mingw_64/include\QtCore/qglobal.h:13:12: fatal error: 'type_traits' file not found
   13 | #  include <type_traits>
      |            ^~~~~~~~~~~~~
1 error generated.
Error while processing C:\v\Sources\Usagi-dono\usagi\src\mask.cpp.
In file included from C:\v\Sources\Usagi-dono\usagi\src\mask.cpp:1:
In file included from C:\v\Sources\Usagi-dono\usagi\src\mask.h:4:
In file included from C:/Qt/6.8.3/llvm-mingw_64/include/QtCore\QString:1:
In file included from C:/Qt/6.8.3/llvm-mingw_64/include/QtCore\qstring.h:14:
In file included from C:/Qt/6.8.3/llvm-mingw_64/include\QtCore/qchar.h:7:
C:/Qt/6.8.3/llvm-mingw_64/include\QtCore/qglobal.h:13:12: fatal error: 'type_traits' file not found
   13 | #  include <type_traits>
      |            ^~~~~~~~~~~~~
1 error generated.
Error while processing C:\v\Sources\Usagi-dono\usagi\src\mask.cpp.
In file included from C:\v\Sources\Usagi-dono\usagi\src\mask.cpp:1:
In file included from C:\v\Sources\Usagi-dono\usagi\src\mask.h:4:
In file included from C:/Qt/6.8.3/llvm-mingw_64/include/QtCore\QString:1:
In file included from C:/Qt/6.8.3/llvm-mingw_64/include/QtCore\qstring.h:14:
In file included from C:/Qt/6.8.3/llvm-mingw_64/include\QtCore/qchar.h:7:
C:/Qt/6.8.3/llvm-mingw_64/include\QtCore/qglobal.h:13:12: fatal error: 'type_traits' file not found
   13 | #  include <type_traits>
      |            ^~~~~~~~~~~~~
1 error generated.
Error while processing C:\v\Sources\Usagi-dono\usagi\src\mask.cpp.
In file included from C:\v\Sources\Usagi-dono\usagi\src\mask.cpp:1:
In file included from C:\v\Sources\Usagi-dono\usagi\src\mask.h:4:
In file included from C:/Qt/6.8.3/llvm-mingw_64/include/QtCore\QString:1:
In file included from C:/Qt/6.8.3/llvm-mingw_64/include/QtCore\qstring.h:14:
In file included from C:/Qt/6.8.3/llvm-mingw_64/include\QtCore/qchar.h:7:
C:/Qt/6.8.3/llvm-mingw_64/include\QtCore/qglobal.h:13:12: fatal error: 'type_traits' file not found
   13 | #  include <type_traits>
      |            ^~~~~~~~~~~~~
1 error generated.
Error while processing C:\v\Sources\Usagi-dono\usagi\src\mask.cpp.
In file included from C:\v\Sources\Usagi-dono\usagi\src\mask.cpp:1:
In file included from C:\v\Sources\Usagi-dono\usagi\src\mask.h:4:
In file included from C:/Qt/6.8.3/llvm-mingw_64/include/QtCore\QString:1:
In file included from C:/Qt/6.8.3/llvm-mingw_64/include/QtCore\qstring.h:14:
In file included from C:/Qt/6.8.3/llvm-mingw_64/include\QtCore/qchar.h:7:
C:/Qt/6.8.3/llvm-mingw_64/include\QtCore/qglobal.h:13:12: fatal error: 'type_traits' file not found
   13 | #  include <type_traits>
      |            ^~~~~~~~~~~~~
1 error generated.
Error while processing C:\v\Sources\Usagi-dono\usagi\src\mask.cpp.
In file included from C:\v\Sources\Usagi-dono\usagi\src\mask.cpp:1:
In file included from C:\v\Sources\Usagi-dono\usagi\src\mask.h:4:
In file included from C:/Qt/6.8.3/llvm-mingw_64/include/QtCore\QString:1:
In file included from C:/Qt/6.8.3/llvm-mingw_64/include/QtCore\qstring.h:14:
In file included from C:/Qt/6.8.3/llvm-mingw_64/include\QtCore/qchar.h:7:
C:/Qt/6.8.3/llvm-mingw_64/include\QtCore/qglobal.h:13:12: fatal error: 'type_traits' file not found
   13 | #  include <type_traits>
      |            ^~~~~~~~~~~~~
1 error generated.
Error while processing C:\v\Sources\Usagi-dono\usagi\src\mask.cpp.
In file included from C:\v\Sources\Usagi-dono\usagi\src\mask.cpp:1:
In file included from C:\v\Sources\Usagi-dono\usagi\src\mask.h:4:
In file included from C:/Qt/6.8.3/llvm-mingw_64/include/QtCore\QString:1:
In file included from C:/Qt/6.8.3/llvm-mingw_64/include/QtCore\qstring.h:14:
In file included from C:/Qt/6.8.3/llvm-mingw_64/include\QtCore/qchar.h:7:
C:/Qt/6.8.3/llvm-mingw_64/include\QtCore/qglobal.h:13:12: fatal error: 'type_traits' file not found
   13 | #  include <type_traits>
      |            ^~~~~~~~~~~~~
1 error generated.
Error while processing C:\v\Sources\Usagi-dono\usagi\src\mask.cpp.
In file included from C:\v\Sources\Usagi-dono\usagi\src\mask.cpp:1:
In file included from C:\v\Sources\Usagi-dono\usagi\src\mask.h:4:
In file included from C:/Qt/6.8.3/llvm-mingw_64/include/QtCore\QString:1:
In file included from C:/Qt/6.8.3/llvm-mingw_64/include/QtCore\qstring.h:14:
In file included from C:/Qt/6.8.3/llvm-mingw_64/include\QtCore/qchar.h:7:
C:/Qt/6.8.3/llvm-mingw_64/include\QtCore/qglobal.h:13:12: fatal error: 'type_traits' file not found
   13 | #  include <type_traits>
      |            ^~~~~~~~~~~~~
1 error generated.
Error while processing C:\v\Sources\Usagi-dono\usagi\src\mask.cpp.
In file included from C:\v\Sources\Usagi-dono\usagi\src\mask.cpp:1:
In file included from C:\v\Sources\Usagi-dono\usagi\src\mask.h:4:
In file included from C:/Qt/6.8.3/llvm-mingw_64/include/QtCore\QString:1:
In file included from C:/Qt/6.8.3/llvm-mingw_64/include/QtCore\qstring.h:14:
In file included from C:/Qt/6.8.3/llvm-mingw_64/include\QtCore/qchar.h:7:
C:/Qt/6.8.3/llvm-mingw_64/include\QtCore/qglobal.h:13:12: fatal error: 'type_traits' file not found
   13 | #  include <type_traits>
      |            ^~~~~~~~~~~~~
1 error generated.
Error while processing C:\v\Sources\Usagi-dono\usagi\src\mask.cpp.
In file included from C:\v\Sources\Usagi-dono\usagi\src\mask.cpp:1:
In file included from C:\v\Sources\Usagi-dono\usagi\src\mask.h:4:
In file included from C:/Qt/6.8.3/llvm-mingw_64/include/QtCore\QString:1:
In file included from C:/Qt/6.8.3/llvm-mingw_64/include/QtCore\qstring.h:14:
In file included from C:/Qt/6.8.3/llvm-mingw_64/include\QtCore/qchar.h:7:
C:/Qt/6.8.3/llvm-mingw_64/include\QtCore/qglobal.h:13:12: fatal error: 'type_traits' file not found
   13 | #  include <type_traits>
      |            ^~~~~~~~~~~~~
1 error generated.
Error while processing C:\v\Sources\Usagi-dono\usagi\src\mask.cpp.
In file included from C:\v\Sources\Usagi-dono\usagi\src\mask.cpp:1:
In file included from C:\v\Sources\Usagi-dono\usagi\src\mask.h:4:
In file included from C:/Qt/6.8.3/llvm-mingw_64/include/QtCore\QString:1:
In file included from C:/Qt/6.8.3/llvm-mingw_64/include/QtCore\qstring.h:14:
In file included from C:/Qt/6.8.3/llvm-mingw_64/include\QtCore/qchar.h:7:
C:/Qt/6.8.3/llvm-mingw_64/include\QtCore/qglobal.h:13:12: fatal error: 'type_traits' file not found
   13 | #  include <type_traits>
      |            ^~~~~~~~~~~~~
1 error generated.
Error while processing C:\v\Sources\Usagi-dono\usagi\src\mask.cpp.
In file included from C:\v\Sources\Usagi-dono\usagi\src\mask.cpp:1:
In file included from C:\v\Sources\Usagi-dono\usagi\src\mask.h:4:
In file included from C:/Qt/6.8.3/llvm-mingw_64/include/QtCore\QString:1:
In file included from C:/Qt/6.8.3/llvm-mingw_64/include/QtCore\qstring.h:14:
In file included from C:/Qt/6.8.3/llvm-mingw_64/include\QtCore/qchar.h:7:
C:/Qt/6.8.3/llvm-mingw_64/include\QtCore/qglobal.h:13:12: fatal error: 'type_traits' file not found
   13 | #  include <type_traits>
      |            ^~~~~~~~~~~~~
1 error generated.
Error while processing C:\v\Sources\Usagi-dono\usagi\src\mask.cpp.
In file included from C:\v\Sources\Usagi-dono\usagi\src\mask.cpp:1:
In file included from C:\v\Sources\Usagi-dono\usagi\src\mask.h:4:
In file included from C:/Qt/6.8.3/llvm-mingw_64/include/QtCore\QString:1:
In file included from C:/Qt/6.8.3/llvm-mingw_64/include/QtCore\qstring.h:14:
In file included from C:/Qt/6.8.3/llvm-mingw_64/include\QtCore/qchar.h:7:
C:/Qt/6.8.3/llvm-mingw_64/include\QtCore/qglobal.h:13:12: fatal error: 'type_traits' file not found
   13 | #  include <type_traits>
      |            ^~~~~~~~~~~~~
1 error generated.
Error while processing C:\v\Sources\Usagi-dono\usagi\src\mask.cpp.
In file included from C:\v\Sources\Usagi-dono\usagi\src\mask.cpp:1:
In file included from C:\v\Sources\Usagi-dono\usagi\src\mask.h:4:
In file included from C:/Qt/6.8.3/llvm-mingw_64/include/QtCore\QString:1:
In file included from C:/Qt/6.8.3/llvm-mingw_64/include/QtCore\qstring.h:14:
In file included from C:/Qt/6.8.3/llvm-mingw_64/include\QtCore/qchar.h:7:
C:/Qt/6.8.3/llvm-mingw_64/include\QtCore/qglobal.h:13:12: fatal error: 'type_traits' file not found
   13 | #  include <type_traits>
      |            ^~~~~~~~~~~~~
1 error generated.
Error while processing C:\v\Sources\Usagi-dono\usagi\src\mask.cpp.
In file included from C:\v\Sources\Usagi-dono\usagi\src\mask.cpp:1:
In file included from C:\v\Sources\Usagi-dono\usagi\src\mask.h:4:
In file included from C:/Qt/6.8.3/llvm-mingw_64/include/QtCore\QString:1:
In file included from C:/Qt/6.8.3/llvm-mingw_64/include/QtCore\qstring.h:14:
In file included from C:/Qt/6.8.3/llvm-mingw_64/include\QtCore/qchar.h:7:
C:/Qt/6.8.3/llvm-mingw_64/include\QtCore/qglobal.h:13:12: fatal error: 'type_traits' file not found
   13 | #  include <type_traits>
      |            ^~~~~~~~~~~~~
1 error generated.
Error while processing C:\v\Sources\Usagi-dono\usagi\src\mask.cpp.
In file included from C:\v\Sources\Usagi-dono\usagi\src\mask.cpp:1:
In file included from C:\v\Sources\Usagi-dono\usagi\src\mask.h:4:
In file included from C:/Qt/6.8.3/llvm-mingw_64/include/QtCore\QString:1:
In file included from C:/Qt/6.8.3/llvm-mingw_64/include/QtCore\qstring.h:14:
In file included from C:/Qt/6.8.3/llvm-mingw_64/include\QtCore/qchar.h:7:
C:/Qt/6.8.3/llvm-mingw_64/include\QtCore/qglobal.h:13:12: fatal error: 'type_traits' file not found
   13 | #  include <type_traits>
      |            ^~~~~~~~~~~~~
1 error generated.
Error while processing C:\v\Sources\Usagi-dono\usagi\src\mask.cpp.
In file included from C:\v\Sources\Usagi-dono\usagi\src\mask.cpp:1:
In file included from C:\v\Sources\Usagi-dono\usagi\src\mask.h:4:
In file included from C:/Qt/6.8.3/llvm-mingw_64/include/QtCore\QString:1:
In file included from C:/Qt/6.8.3/llvm-mingw_64/include/QtCore\qstring.h:14:
In file included from C:/Qt/6.8.3/llvm-mingw_64/include\QtCore/qchar.h:7:
C:/Qt/6.8.3/llvm-mingw_64/include\QtCore/qglobal.h:13:12: fatal error: 'type_traits' file not found
   13 | #  include <type_traits>
      |            ^~~~~~~~~~~~~
1 error generated.
Error while processing C:\v\Sources\Usagi-dono\usagi\src\mask.cpp.
In file included from C:\v\Sources\Usagi-dono\usagi\src\mask.cpp:1:
In file included from C:\v\Sources\Usagi-dono\usagi\src\mask.h:4:
In file included from C:/Qt/6.8.3/llvm-mingw_64/include/QtCore\QString:1:
In file included from C:/Qt/6.8.3/llvm-mingw_64/include/QtCore\qstring.h:14:
In file included from C:/Qt/6.8.3/llvm-mingw_64/include\QtCore/qchar.h:7:
C:/Qt/6.8.3/llvm-mingw_64/include\QtCore/qglobal.h:13:12: fatal error: 'type_traits' file not found
   13 | #  include <type_traits>
      |            ^~~~~~~~~~~~~
1 error generated.
Error while processing C:\v\Sources\Usagi-dono\usagi\src\mask.cpp.
clazy-standalone.exe : In file included from C:\v\Sources\Usagi-dono\usagi\src\mask.h:4:
At C:\v\clazy.ps1:53 char:5
+     & $ClazyPath -p $BuildDir $File.FullName 2>&1 |
+     ~~~~~~~~~~~~~~~~~~~~~~~~~~~~~~~~~~~~~~~~~~~~~
    + CategoryInfo          : NotSpecified: (In file include...i\src\mask.h:4::String) [], RemoteException
    + FullyQualifiedErrorId : NativeCommandError
 
In file included from C:/Qt/6.8.3/llvm-mingw_64/include/QtCore\QString:1:
In file included from C:/Qt/6.8.3/llvm-mingw_64/include/QtCore\qstring.h:14:
In file included from C:/Qt/6.8.3/llvm-mingw_64/include\QtCore/qchar.h:7:
C:/Qt/6.8.3/llvm-mingw_64/include\QtCore/qglobal.h:13:12: fatal error: 'type_traits' file not found
   13 | #  include <type_traits>
      |            ^~~~~~~~~~~~~
1 error generated.
Error while processing C:\v\Sources\Usagi-dono\usagi\src\mask.h.
clazy-standalone.exe : In file included from C:\v\Sources\Usagi-dono\usagi\src\myanidbapi.cpp:1:
At C:\v\clazy.ps1:53 char:5
+     & $ClazyPath -p $BuildDir $File.FullName 2>&1 |
+     ~~~~~~~~~~~~~~~~~~~~~~~~~~~~~~~~~~~~~~~~~~~~~
    + CategoryInfo          : NotSpecified: (In file include...anidbapi.cpp:1::String) [], RemoteException
    + FullyQualifiedErrorId : NativeCommandError
 
In file included from C:\v\Sources\Usagi-dono\usagi\src\main.h:3:
C:\v\Sources\Usagi-dono\usagi\src\anidbapi.h:4:10: warning: Module QtNetwork should not be included directly [-Wclazy-no-module-include]
    4 | #include <QtNetwork>
      |          ^
In file included from C:\v\Sources\Usagi-dono\usagi\src\myanidbapi.cpp:1:
In file included from C:\v\Sources\Usagi-dono\usagi\src\main.h:3:
In file included from C:\v\Sources\Usagi-dono\usagi\src\anidbapi.h:4:
In file included from C:/Qt/6.8.3/llvm-mingw_64/include/QtNetwork\QtNetwork:3:
In file included from C:/Qt/6.8.3/llvm-mingw_64/include\QtNetwork/QtNetworkDepends:3:
In file included from C:/Qt/6.8.3/llvm-mingw_64/include\QtCore/QtCore:4:
C:/Qt/6.8.3/llvm-mingw_64/include\QtCore\qglobal.h:13:12: fatal error: 'type_traits' file not found
   13 | #  include <type_traits>
      |            ^~~~~~~~~~~~~
1 warning and 1 error generated.
Error while processing C:\v\Sources\Usagi-dono\usagi\src\myanidbapi.cpp.
In file included from C:\v\Sources\Usagi-dono\usagi\src\myanidbapi.cpp:1:
In file included from C:\v\Sources\Usagi-dono\usagi\src\main.h:3:
C:\v\Sources\Usagi-dono\usagi\src\anidbapi.h:4:10: warning: Module QtNetwork should not be included directly [-Wclazy-no-module-include]
    4 | #include <QtNetwork>
      |          ^
In file included from C:\v\Sources\Usagi-dono\usagi\src\myanidbapi.cpp:1:
In file included from C:\v\Sources\Usagi-dono\usagi\src\main.h:3:
In file included from C:\v\Sources\Usagi-dono\usagi\src\anidbapi.h:4:
In file included from C:/Qt/6.8.3/llvm-mingw_64/include/QtNetwork\QtNetwork:3:
In file included from C:/Qt/6.8.3/llvm-mingw_64/include\QtNetwork/QtNetworkDepends:3:
In file included from C:/Qt/6.8.3/llvm-mingw_64/include\QtCore/QtCore:4:
C:/Qt/6.8.3/llvm-mingw_64/include\QtCore\qglobal.h:13:12: fatal error: 'type_traits' file not found
   13 | #  include <type_traits>
      |            ^~~~~~~~~~~~~
1 warning and 1 error generated.
Error while processing C:\v\Sources\Usagi-dono\usagi\src\myanidbapi.cpp.
In file included from C:\v\Sources\Usagi-dono\usagi\src\myanidbapi.cpp:1:
In file included from C:\v\Sources\Usagi-dono\usagi\src\main.h:3:
C:\v\Sources\Usagi-dono\usagi\src\anidbapi.h:4:10: warning: Module QtNetwork should not be included directly [-Wclazy-no-module-include]
    4 | #include <QtNetwork>
      |          ^
In file included from C:\v\Sources\Usagi-dono\usagi\src\myanidbapi.cpp:1:
In file included from C:\v\Sources\Usagi-dono\usagi\src\main.h:3:
In file included from C:\v\Sources\Usagi-dono\usagi\src\anidbapi.h:4:
In file included from C:/Qt/6.8.3/llvm-mingw_64/include/QtNetwork\QtNetwork:3:
In file included from C:/Qt/6.8.3/llvm-mingw_64/include\QtNetwork/QtNetworkDepends:3:
In file included from C:/Qt/6.8.3/llvm-mingw_64/include\QtCore/QtCore:4:
C:/Qt/6.8.3/llvm-mingw_64/include\QtCore\qglobal.h:13:12: fatal error: 'type_traits' file not found
   13 | #  include <type_traits>
      |            ^~~~~~~~~~~~~
1 warning and 1 error generated.
Error while processing C:\v\Sources\Usagi-dono\usagi\src\myanidbapi.cpp.
In file included from C:\v\Sources\Usagi-dono\usagi\src\myanidbapi.cpp:1:
In file included from C:\v\Sources\Usagi-dono\usagi\src\main.h:3:
C:\v\Sources\Usagi-dono\usagi\src\anidbapi.h:4:10: warning: Module QtNetwork should not be included directly [-Wclazy-no-module-include]
    4 | #include <QtNetwork>
      |          ^
In file included from C:\v\Sources\Usagi-dono\usagi\src\myanidbapi.cpp:1:
In file included from C:\v\Sources\Usagi-dono\usagi\src\main.h:3:
In file included from C:\v\Sources\Usagi-dono\usagi\src\anidbapi.h:4:
In file included from C:/Qt/6.8.3/llvm-mingw_64/include/QtNetwork\QtNetwork:3:
In file included from C:/Qt/6.8.3/llvm-mingw_64/include\QtNetwork/QtNetworkDepends:3:
In file included from C:/Qt/6.8.3/llvm-mingw_64/include\QtCore/QtCore:4:
C:/Qt/6.8.3/llvm-mingw_64/include\QtCore\qglobal.h:13:12: fatal error: 'type_traits' file not found
   13 | #  include <type_traits>
      |            ^~~~~~~~~~~~~
1 warning and 1 error generated.
Error while processing C:\v\Sources\Usagi-dono\usagi\src\myanidbapi.cpp.
In file included from C:\v\Sources\Usagi-dono\usagi\src\myanidbapi.cpp:1:
In file included from C:\v\Sources\Usagi-dono\usagi\src\main.h:3:
C:\v\Sources\Usagi-dono\usagi\src\anidbapi.h:4:10: warning: Module QtNetwork should not be included directly [-Wclazy-no-module-include]
    4 | #include <QtNetwork>
      |          ^
In file included from C:\v\Sources\Usagi-dono\usagi\src\myanidbapi.cpp:1:
In file included from C:\v\Sources\Usagi-dono\usagi\src\main.h:3:
In file included from C:\v\Sources\Usagi-dono\usagi\src\anidbapi.h:4:
In file included from C:/Qt/6.8.3/llvm-mingw_64/include/QtNetwork\QtNetwork:3:
In file included from C:/Qt/6.8.3/llvm-mingw_64/include\QtNetwork/QtNetworkDepends:3:
In file included from C:/Qt/6.8.3/llvm-mingw_64/include\QtCore/QtCore:4:
C:/Qt/6.8.3/llvm-mingw_64/include\QtCore\qglobal.h:13:12: fatal error: 'type_traits' file not found
   13 | #  include <type_traits>
      |            ^~~~~~~~~~~~~
1 warning and 1 error generated.
Error while processing C:\v\Sources\Usagi-dono\usagi\src\myanidbapi.cpp.
clazy-standalone.exe : In file included from C:\v\Sources\Usagi-dono\usagi\src\mylistcardmanager.cpp:1:
At C:\v\clazy.ps1:53 char:5
+     & $ClazyPath -p $BuildDir $File.FullName 2>&1 |
+     ~~~~~~~~~~~~~~~~~~~~~~~~~~~~~~~~~~~~~~~~~~~~~
    + CategoryInfo          : NotSpecified: (In file include...dmanager.cpp:1::String) [], RemoteException
    + FullyQualifiedErrorId : NativeCommandError
 
In file included from C:\v\Sources\Usagi-dono\usagi\src\mylistcardmanager.h:4:
In file included from C:/Qt/6.8.3/llvm-mingw_64/include/QtCore\QObject:1:
In file included from C:/Qt/6.8.3/llvm-mingw_64/include/QtCore\qobject.h:10:
In file included from C:/Qt/6.8.3/llvm-mingw_64/include\QtCore/qobjectdefs.h:12:
In file included from C:/Qt/6.8.3/llvm-mingw_64/include\QtCore/qnamespace.h:12:
C:/Qt/6.8.3/llvm-mingw_64/include\QtCore/qglobal.h:13:12: fatal error: 'type_traits' file not found
   13 | #  include <type_traits>
      |            ^~~~~~~~~~~~~
1 error generated.
Error while processing C:\v\Sources\Usagi-dono\usagi\src\mylistcardmanager.cpp.
In file included from C:\v\Sources\Usagi-dono\usagi\src\mylistcardmanager.cpp:1:
In file included from C:\v\Sources\Usagi-dono\usagi\src\mylistcardmanager.h:4:
In file included from C:/Qt/6.8.3/llvm-mingw_64/include/QtCore\QObject:1:
In file included from C:/Qt/6.8.3/llvm-mingw_64/include/QtCore\qobject.h:10:
In file included from C:/Qt/6.8.3/llvm-mingw_64/include\QtCore/qobjectdefs.h:12:
In file included from C:/Qt/6.8.3/llvm-mingw_64/include\QtCore/qnamespace.h:12:
C:/Qt/6.8.3/llvm-mingw_64/include\QtCore/qglobal.h:13:12: fatal error: 'type_traits' file not found
   13 | #  include <type_traits>
      |            ^~~~~~~~~~~~~
1 error generated.
Error while processing C:\v\Sources\Usagi-dono\usagi\src\mylistcardmanager.cpp.
clazy-standalone.exe : In file included from C:\v\Sources\Usagi-dono\usagi\src\mylistcardmanager.h:4:
At C:\v\clazy.ps1:53 char:5
+     & $ClazyPath -p $BuildDir $File.FullName 2>&1 |
+     ~~~~~~~~~~~~~~~~~~~~~~~~~~~~~~~~~~~~~~~~~~~~~
    + CategoryInfo          : NotSpecified: (In file include...ardmanager.h:4::String) [], RemoteException
    + FullyQualifiedErrorId : NativeCommandError
 
In file included from C:/Qt/6.8.3/llvm-mingw_64/include/QtCore\QObject:1:
In file included from C:/Qt/6.8.3/llvm-mingw_64/include/QtCore\qobject.h:10:
In file included from C:/Qt/6.8.3/llvm-mingw_64/include\QtCore/qobjectdefs.h:12:
In file included from C:/Qt/6.8.3/llvm-mingw_64/include\QtCore/qnamespace.h:12:
C:/Qt/6.8.3/llvm-mingw_64/include\QtCore/qglobal.h:13:12: fatal error: 'type_traits' file not found
   13 | #  include <type_traits>
      |            ^~~~~~~~~~~~~
1 error generated.
Error while processing C:\v\Sources\Usagi-dono\usagi\src\mylistcardmanager.h.
clazy-standalone.exe : In file included from C:\v\Sources\Usagi-dono\usagi\src\playbackmanager.cpp:1:
At C:\v\clazy.ps1:53 char:5
+     & $ClazyPath -p $BuildDir $File.FullName 2>&1 |
+     ~~~~~~~~~~~~~~~~~~~~~~~~~~~~~~~~~~~~~~~~~~~~~
    + CategoryInfo          : NotSpecified: (In file include...kmanager.cpp:1::String) [], RemoteException
    + FullyQualifiedErrorId : NativeCommandError
 
In file included from C:\v\Sources\Usagi-dono\usagi\src\playbackmanager.h:4:
In file included from C:/Qt/6.8.3/llvm-mingw_64/include/QtCore\QObject:1:
In file included from C:/Qt/6.8.3/llvm-mingw_64/include/QtCore\qobject.h:10:
In file included from C:/Qt/6.8.3/llvm-mingw_64/include\QtCore/qobjectdefs.h:12:
In file included from C:/Qt/6.8.3/llvm-mingw_64/include\QtCore/qnamespace.h:12:
C:/Qt/6.8.3/llvm-mingw_64/include\QtCore/qglobal.h:13:12: fatal error: 'type_traits' file not found
   13 | #  include <type_traits>
      |            ^~~~~~~~~~~~~
1 error generated.
Error while processing C:\v\Sources\Usagi-dono\usagi\src\playbackmanager.cpp.
clazy-standalone.exe : In file included from C:\v\Sources\Usagi-dono\usagi\src\playbackmanager.h:4:
At C:\v\clazy.ps1:53 char:5
+     & $ClazyPath -p $BuildDir $File.FullName 2>&1 |
+     ~~~~~~~~~~~~~~~~~~~~~~~~~~~~~~~~~~~~~~~~~~~~~
    + CategoryInfo          : NotSpecified: (In file include...ackmanager.h:4::String) [], RemoteException
    + FullyQualifiedErrorId : NativeCommandError
 
In file included from C:/Qt/6.8.3/llvm-mingw_64/include/QtCore\QObject:1:
In file included from C:/Qt/6.8.3/llvm-mingw_64/include/QtCore\qobject.h:10:
In file included from C:/Qt/6.8.3/llvm-mingw_64/include\QtCore/qobjectdefs.h:12:
In file included from C:/Qt/6.8.3/llvm-mingw_64/include\QtCore/qnamespace.h:12:
C:/Qt/6.8.3/llvm-mingw_64/include\QtCore/qglobal.h:13:12: fatal error: 'type_traits' file not found
   13 | #  include <type_traits>
      |            ^~~~~~~~~~~~~
1 error generated.
Error while processing C:\v\Sources\Usagi-dono\usagi\src\playbackmanager.h.
clazy-standalone.exe : In file included from C:\v\Sources\Usagi-dono\usagi\src\playbuttondelegate.cpp:1:
At C:\v\clazy.ps1:53 char:5
+     & $ClazyPath -p $BuildDir $File.FullName 2>&1 |
+     ~~~~~~~~~~~~~~~~~~~~~~~~~~~~~~~~~~~~~~~~~~~~~
    + CategoryInfo          : NotSpecified: (In file include...delegate.cpp:1::String) [], RemoteException
    + FullyQualifiedErrorId : NativeCommandError
 
In file included from C:\v\Sources\Usagi-dono\usagi\src\playbuttondelegate.h:4:
In file included from C:/Qt/6.8.3/llvm-mingw_64/include/QtWidgets\QStyledItemDelegate:1:
In file included from C:/Qt/6.8.3/llvm-mingw_64/include/QtWidgets\qstyleditemdelegate.h:7:
In file included from C:/Qt/6.8.3/llvm-mingw_64/include\QtWidgets/qtwidgetsglobal.h:7:
In file included from C:/Qt/6.8.3/llvm-mingw_64/include\QtGui/qtguiglobal.h:7:
C:/Qt/6.8.3/llvm-mingw_64/include\QtCore/qglobal.h:13:12: fatal error: 'type_traits' file not found
   13 | #  include <type_traits>
      |            ^~~~~~~~~~~~~
1 error generated.
Error while processing C:\v\Sources\Usagi-dono\usagi\src\playbuttondelegate.cpp.
In file included from C:\v\Sources\Usagi-dono\usagi\src\playbuttondelegate.cpp:1:
In file included from C:\v\Sources\Usagi-dono\usagi\src\playbuttondelegate.h:4:
In file included from C:/Qt/6.8.3/llvm-mingw_64/include/QtWidgets\QStyledItemDelegate:1:
In file included from C:/Qt/6.8.3/llvm-mingw_64/include/QtWidgets\qstyleditemdelegate.h:7:
In file included from C:/Qt/6.8.3/llvm-mingw_64/include\QtWidgets/qtwidgetsglobal.h:7:
In file included from C:/Qt/6.8.3/llvm-mingw_64/include\QtGui/qtguiglobal.h:7:
C:/Qt/6.8.3/llvm-mingw_64/include\QtCore/qglobal.h:13:12: fatal error: 'type_traits' file not found
   13 | #  include <type_traits>
      |            ^~~~~~~~~~~~~
1 error generated.
Error while processing C:\v\Sources\Usagi-dono\usagi\src\playbuttondelegate.cpp.
clazy-standalone.exe : In file included from C:\v\Sources\Usagi-dono\usagi\src\playbuttondelegate.h:4:
At C:\v\clazy.ps1:53 char:5
+     & $ClazyPath -p $BuildDir $File.FullName 2>&1 |
+     ~~~~~~~~~~~~~~~~~~~~~~~~~~~~~~~~~~~~~~~~~~~~~
    + CategoryInfo          : NotSpecified: (In file include...ondelegate.h:4::String) [], RemoteException
    + FullyQualifiedErrorId : NativeCommandError
 
In file included from C:/Qt/6.8.3/llvm-mingw_64/include/QtWidgets\QStyledItemDelegate:1:
In file included from C:/Qt/6.8.3/llvm-mingw_64/include/QtWidgets\qstyleditemdelegate.h:7:
In file included from C:/Qt/6.8.3/llvm-mingw_64/include\QtWidgets/qtwidgetsglobal.h:7:
In file included from C:/Qt/6.8.3/llvm-mingw_64/include\QtGui/qtguiglobal.h:7:
C:/Qt/6.8.3/llvm-mingw_64/include\QtCore/qglobal.h:13:12: fatal error: 'type_traits' file not found
   13 | #  include <type_traits>
      |            ^~~~~~~~~~~~~
1 error generated.
Error while processing C:\v\Sources\Usagi-dono\usagi\src\playbuttondelegate.h.
clazy-standalone.exe : In file included from C:\v\Sources\Usagi-dono\usagi\src\window.cpp:1:
At C:\v\clazy.ps1:53 char:5
+     & $ClazyPath -p $BuildDir $File.FullName 2>&1 |
+     ~~~~~~~~~~~~~~~~~~~~~~~~~~~~~~~~~~~~~~~~~~~~~
    + CategoryInfo          : NotSpecified: (In file include...c\window.cpp:1::String) [], RemoteException
    + FullyQualifiedErrorId : NativeCommandError
 
In file included from C:\v\Sources\Usagi-dono\usagi\src\main.h:3:
C:\v\Sources\Usagi-dono\usagi\src\anidbapi.h:4:10: warning: Module QtNetwork should not be included directly [-Wclazy-no-module-include]
    4 | #include <QtNetwork>
      |          ^
In file included from C:\v\Sources\Usagi-dono\usagi\src\window.cpp:1:
In file included from C:\v\Sources\Usagi-dono\usagi\src\main.h:3:
In file included from C:\v\Sources\Usagi-dono\usagi\src\anidbapi.h:4:
In file included from C:/Qt/6.8.3/llvm-mingw_64/include/QtNetwork\QtNetwork:3:
In file included from C:/Qt/6.8.3/llvm-mingw_64/include\QtNetwork/QtNetworkDepends:3:
In file included from C:/Qt/6.8.3/llvm-mingw_64/include\QtCore/QtCore:4:
C:/Qt/6.8.3/llvm-mingw_64/include\QtCore\qglobal.h:13:12: fatal error: 'type_traits' file not found
   13 | #  include <type_traits>
      |            ^~~~~~~~~~~~~
1 warning and 1 error generated.
Error while processing C:\v\Sources\Usagi-dono\usagi\src\window.cpp.
clazy-standalone.exe : C:\v\Sources\Usagi-dono\usagi\src\window.h:3:10: warning: Module QtGui should not be included directly [-Wclazy-no-module-include]
At C:\v\clazy.ps1:53 char:5
+     & $ClazyPath -p $BuildDir $File.FullName 2>&1 |
+     ~~~~~~~~~~~~~~~~~~~~~~~~~~~~~~~~~~~~~~~~~~~~~
    + CategoryInfo          : NotSpecified: (C:\v\Sources\Us...module-include]:String) [], RemoteException
    + FullyQualifiedErrorId : NativeCommandError
 
    3 | #include <QtGui>
      |          ^
In file included from C:\v\Sources\Usagi-dono\usagi\src\window.h:3:
In file included from C:/Qt/6.8.3/llvm-mingw_64/include/QtGui\QtGui:3:
In file included from C:/Qt/6.8.3/llvm-mingw_64/include\QtGui/QtGuiDepends:3:
In file included from C:/Qt/6.8.3/llvm-mingw_64/include\QtCore/QtCore:4:
C:/Qt/6.8.3/llvm-mingw_64/include\QtCore\qglobal.h:13:12: fatal error: 'type_traits' file not found
   13 | #  include <type_traits>
      |            ^~~~~~~~~~~~~
1 warning and 1 error generated.
Error while processing C:\v\Sources\Usagi-dono\usagi\src\window.h.
